{
  "/Users/marcosmith/Documents/GitHub/pretoria-prepaid/src/components/AddPurchaseForm.tsx": {
    "path": "/Users/marcosmith/Documents/GitHub/pretoria-prepaid/src/components/AddPurchaseForm.tsx",
    "all": false,
    "statementMap": {
      "0": { "start": { "line": 1, "column": 0 }, "end": { "line": 1, "column": 44 } },
      "1": { "start": { "line": 2, "column": 0 }, "end": { "line": 2, "column": 80 } },
      "2": { "start": { "line": 3, "column": 0 }, "end": { "line": 3, "column": 48 } },
      "3": { "start": { "line": 4, "column": 0 }, "end": { "line": 4, "column": 46 } },
      "4": { "start": { "line": 5, "column": 0 }, "end": { "line": 5, "column": 46 } },
      "5": { "start": { "line": 6, "column": 0 }, "end": { "line": 6, "column": 92 } },
      "6": { "start": { "line": 7, "column": 0 }, "end": { "line": 7, "column": 36 } },
      "7": { "start": { "line": 8, "column": 0 }, "end": { "line": 8, "column": 31 } },
      "8": { "start": { "line": 9, "column": 0 }, "end": { "line": 9, "column": 0 } },
      "9": { "start": { "line": 10, "column": 0 }, "end": { "line": 10, "column": 32 } },
      "10": { "start": { "line": 11, "column": 0 }, "end": { "line": 11, "column": 29 } },
      "11": { "start": { "line": 12, "column": 0 }, "end": { "line": 12, "column": 67 } },
      "12": { "start": { "line": 13, "column": 0 }, "end": { "line": 13, "column": 25 } },
      "13": { "start": { "line": 14, "column": 0 }, "end": { "line": 14, "column": 24 } },
      "14": { "start": { "line": 15, "column": 0 }, "end": { "line": 15, "column": 1 } },
      "15": { "start": { "line": 16, "column": 0 }, "end": { "line": 16, "column": 0 } },
      "16": { "start": { "line": 17, "column": 0 }, "end": { "line": 17, "column": 33 } },
      "17": { "start": { "line": 18, "column": 0 }, "end": { "line": 18, "column": 21 } },
      "18": { "start": { "line": 19, "column": 0 }, "end": { "line": 19, "column": 8 } },
      "19": { "start": { "line": 20, "column": 0 }, "end": { "line": 20, "column": 16 } },
      "20": { "start": { "line": 21, "column": 0 }, "end": { "line": 21, "column": 15 } },
      "21": { "start": { "line": 22, "column": 0 }, "end": { "line": 22, "column": 26 } },
      "22": { "start": { "line": 23, "column": 0 }, "end": { "line": 23, "column": 51 } },
      "23": { "start": { "line": 24, "column": 0 }, "end": { "line": 24, "column": 57 } },
      "24": { "start": { "line": 25, "column": 0 }, "end": { "line": 25, "column": 75 } },
      "25": { "start": { "line": 26, "column": 0 }, "end": { "line": 26, "column": 0 } },
      "26": { "start": { "line": 27, "column": 0 }, "end": { "line": 27, "column": 34 } },
      "27": { "start": { "line": 28, "column": 0 }, "end": { "line": 28, "column": 19 } },
      "28": { "start": { "line": 29, "column": 0 }, "end": { "line": 29, "column": 45 } },
      "29": { "start": { "line": 30, "column": 0 }, "end": { "line": 30, "column": 61 } },
      "30": { "start": { "line": 31, "column": 0 }, "end": { "line": 31, "column": 5 } },
      "31": { "start": { "line": 32, "column": 0 }, "end": { "line": 32, "column": 43 } },
      "32": { "start": { "line": 33, "column": 0 }, "end": { "line": 33, "column": 60 } },
      "33": { "start": { "line": 34, "column": 0 }, "end": { "line": 34, "column": 5 } },
      "34": { "start": { "line": 35, "column": 0 }, "end": { "line": 35, "column": 36 } },
      "35": { "start": { "line": 36, "column": 0 }, "end": { "line": 36, "column": 0 } },
      "36": { "start": { "line": 37, "column": 0 }, "end": { "line": 37, "column": 48 } },
      "37": { "start": { "line": 38, "column": 0 }, "end": { "line": 38, "column": 50 } },
      "38": { "start": { "line": 39, "column": 0 }, "end": { "line": 39, "column": 64 } },
      "39": { "start": { "line": 40, "column": 0 }, "end": { "line": 40, "column": 66 } },
      "40": { "start": { "line": 41, "column": 0 }, "end": { "line": 41, "column": 0 } },
      "41": { "start": { "line": 42, "column": 0 }, "end": { "line": 42, "column": 48 } },
      "42": { "start": { "line": 43, "column": 0 }, "end": { "line": 43, "column": 23 } },
      "43": { "start": { "line": 44, "column": 0 }, "end": { "line": 44, "column": 25 } },
      "44": { "start": { "line": 45, "column": 0 }, "end": { "line": 45, "column": 54 } },
      "45": { "start": { "line": 46, "column": 0 }, "end": { "line": 46, "column": 13 } },
      "46": { "start": { "line": 47, "column": 0 }, "end": { "line": 47, "column": 5 } },
      "47": { "start": { "line": 48, "column": 0 }, "end": { "line": 48, "column": 24 } },
      "48": { "start": { "line": 49, "column": 0 }, "end": { "line": 49, "column": 51 } },
      "49": { "start": { "line": 50, "column": 0 }, "end": { "line": 50, "column": 13 } },
      "50": { "start": { "line": 51, "column": 0 }, "end": { "line": 51, "column": 5 } },
      "51": { "start": { "line": 52, "column": 0 }, "end": { "line": 52, "column": 37 } },
      "52": { "start": { "line": 53, "column": 0 }, "end": { "line": 53, "column": 22 } },
      "53": { "start": { "line": 54, "column": 0 }, "end": { "line": 54, "column": 25 } },
      "54": { "start": { "line": 55, "column": 0 }, "end": { "line": 55, "column": 88 } },
      "55": { "start": { "line": 56, "column": 0 }, "end": { "line": 56, "column": 4 } },
      "56": { "start": { "line": 57, "column": 0 }, "end": { "line": 57, "column": 0 } },
      "57": { "start": { "line": 58, "column": 0 }, "end": { "line": 58, "column": 10 } },
      "58": { "start": { "line": 59, "column": 0 }, "end": { "line": 59, "column": 10 } },
      "59": { "start": { "line": 60, "column": 0 }, "end": { "line": 60, "column": 35 } },
      "60": { "start": { "line": 61, "column": 0 }, "end": { "line": 61, "column": 63 } },
      "61": { "start": { "line": 62, "column": 0 }, "end": { "line": 62, "column": 51 } },
      "62": { "start": { "line": 63, "column": 0 }, "end": { "line": 63, "column": 25 } },
      "63": { "start": { "line": 64, "column": 0 }, "end": { "line": 64, "column": 20 } },
      "64": { "start": { "line": 65, "column": 0 }, "end": { "line": 65, "column": 19 } },
      "65": { "start": { "line": 66, "column": 0 }, "end": { "line": 66, "column": 19 } },
      "66": { "start": { "line": 67, "column": 0 }, "end": { "line": 67, "column": 60 } },
      "67": { "start": { "line": 68, "column": 0 }, "end": { "line": 68, "column": 50 } },
      "68": { "start": { "line": 69, "column": 0 }, "end": { "line": 69, "column": 39 } },
      "69": { "start": { "line": 70, "column": 0 }, "end": { "line": 70, "column": 58 } },
      "70": { "start": { "line": 71, "column": 0 }, "end": { "line": 71, "column": 31 } },
      "71": { "start": { "line": 72, "column": 0 }, "end": { "line": 72, "column": 22 } },
      "72": { "start": { "line": 73, "column": 0 }, "end": { "line": 73, "column": 20 } },
      "73": { "start": { "line": 74, "column": 0 }, "end": { "line": 74, "column": 27 } },
      "74": { "start": { "line": 75, "column": 0 }, "end": { "line": 75, "column": 29 } },
      "75": { "start": { "line": 76, "column": 0 }, "end": { "line": 76, "column": 38 } },
      "76": { "start": { "line": 77, "column": 0 }, "end": { "line": 77, "column": 34 } },
      "77": { "start": { "line": 78, "column": 0 }, "end": { "line": 78, "column": 63 } },
      "78": { "start": { "line": 79, "column": 0 }, "end": { "line": 79, "column": 26 } },
      "79": { "start": { "line": 80, "column": 0 }, "end": { "line": 80, "column": 27 } },
      "80": { "start": { "line": 81, "column": 0 }, "end": { "line": 81, "column": 39 } },
      "81": { "start": { "line": 82, "column": 0 }, "end": { "line": 82, "column": 16 } },
      "82": { "start": { "line": 83, "column": 0 }, "end": { "line": 83, "column": 18 } },
      "83": { "start": { "line": 84, "column": 0 }, "end": { "line": 84, "column": 39 } },
      "84": { "start": { "line": 85, "column": 0 }, "end": { "line": 85, "column": 57 } },
      "85": { "start": { "line": 86, "column": 0 }, "end": { "line": 86, "column": 28 } },
      "86": { "start": { "line": 87, "column": 0 }, "end": { "line": 87, "column": 22 } },
      "87": { "start": { "line": 88, "column": 0 }, "end": { "line": 88, "column": 20 } },
      "88": { "start": { "line": 89, "column": 0 }, "end": { "line": 89, "column": 26 } },
      "89": { "start": { "line": 90, "column": 0 }, "end": { "line": 90, "column": 29 } },
      "90": { "start": { "line": 91, "column": 0 }, "end": { "line": 91, "column": 40 } },
      "91": { "start": { "line": 92, "column": 0 }, "end": { "line": 92, "column": 37 } },
      "92": { "start": { "line": 93, "column": 0 }, "end": { "line": 93, "column": 66 } },
      "93": { "start": { "line": 94, "column": 0 }, "end": { "line": 94, "column": 25 } },
      "94": { "start": { "line": 95, "column": 0 }, "end": { "line": 95, "column": 26 } },
      "95": { "start": { "line": 96, "column": 0 }, "end": { "line": 96, "column": 39 } },
      "96": { "start": { "line": 97, "column": 0 }, "end": { "line": 97, "column": 16 } },
      "97": { "start": { "line": 98, "column": 0 }, "end": { "line": 98, "column": 18 } },
      "98": { "start": { "line": 99, "column": 0 }, "end": { "line": 99, "column": 16 } },
      "99": { "start": { "line": 100, "column": 0 }, "end": { "line": 100, "column": 0 } },
      "100": { "start": { "line": 101, "column": 0 }, "end": { "line": 101, "column": 37 } },
      "101": { "start": { "line": 102, "column": 0 }, "end": { "line": 102, "column": 54 } },
      "102": { "start": { "line": 103, "column": 0 }, "end": { "line": 103, "column": 18 } },
      "103": { "start": { "line": 104, "column": 0 }, "end": { "line": 104, "column": 20 } },
      "104": { "start": { "line": 105, "column": 0 }, "end": { "line": 105, "column": 18 } },
      "105": { "start": { "line": 106, "column": 0 }, "end": { "line": 106, "column": 23 } },
      "106": { "start": { "line": 107, "column": 0 }, "end": { "line": 107, "column": 25 } },
      "107": { "start": { "line": 108, "column": 0 }, "end": { "line": 108, "column": 26 } },
      "108": { "start": { "line": 109, "column": 0 }, "end": { "line": 109, "column": 55 } },
      "109": { "start": { "line": 110, "column": 0 }, "end": { "line": 110, "column": 37 } },
      "110": { "start": { "line": 111, "column": 0 }, "end": { "line": 111, "column": 14 } },
      "111": { "start": { "line": 112, "column": 0 }, "end": { "line": 112, "column": 16 } },
      "112": { "start": { "line": 113, "column": 0 }, "end": { "line": 113, "column": 0 } },
      "113": { "start": { "line": 114, "column": 0 }, "end": { "line": 114, "column": 45 } },
      "114": { "start": { "line": 115, "column": 0 }, "end": { "line": 115, "column": 74 } },
      "115": { "start": { "line": 116, "column": 0 }, "end": { "line": 116, "column": 52 } },
      "116": { "start": { "line": 117, "column": 0 }, "end": { "line": 117, "column": 77 } },
      "117": { "start": { "line": 118, "column": 0 }, "end": { "line": 118, "column": 88 } },
      "118": { "start": { "line": 119, "column": 0 }, "end": { "line": 119, "column": 20 } },
      "119": { "start": { "line": 120, "column": 0 }, "end": { "line": 120, "column": 52 } },
      "120": { "start": { "line": 121, "column": 0 }, "end": { "line": 121, "column": 75 } },
      "121": { "start": { "line": 122, "column": 0 }, "end": { "line": 122, "column": 66 } },
      "122": { "start": { "line": 123, "column": 0 }, "end": { "line": 123, "column": 20 } },
      "123": { "start": { "line": 124, "column": 0 }, "end": { "line": 124, "column": 18 } },
      "124": { "start": { "line": 125, "column": 0 }, "end": { "line": 125, "column": 12 } },
      "125": { "start": { "line": 126, "column": 0 }, "end": { "line": 126, "column": 0 } },
      "126": { "start": { "line": 127, "column": 0 }, "end": { "line": 127, "column": 17 } },
      "127": { "start": { "line": 128, "column": 0 }, "end": { "line": 128, "column": 25 } },
      "128": { "start": { "line": 129, "column": 0 }, "end": { "line": 129, "column": 42 } },
      "129": { "start": { "line": 130, "column": 0 }, "end": { "line": 130, "column": 54 } },
      "130": { "start": { "line": 131, "column": 0 }, "end": { "line": 131, "column": 11 } },
      "131": { "start": { "line": 132, "column": 0 }, "end": { "line": 132, "column": 24 } },
      "132": { "start": { "line": 133, "column": 0 }, "end": { "line": 133, "column": 19 } },
      "133": { "start": { "line": 134, "column": 0 }, "end": { "line": 134, "column": 15 } },
      "134": { "start": { "line": 135, "column": 0 }, "end": { "line": 135, "column": 20 } },
      "135": { "start": { "line": 136, "column": 0 }, "end": { "line": 136, "column": 11 } },
      "136": { "start": { "line": 137, "column": 0 }, "end": { "line": 137, "column": 4 } },
      "137": { "start": { "line": 138, "column": 0 }, "end": { "line": 138, "column": 1 } }
    },
    "s": {
      "0": 1,
      "1": 1,
      "2": 1,
      "3": 1,
      "4": 1,
      "5": 1,
      "6": 1,
      "7": 1,
      "8": 1,
      "9": 1,
      "10": 1,
      "11": 1,
      "12": 1,
      "13": 1,
      "14": 1,
      "15": 1,
      "16": 1,
      "17": 17,
      "18": 17,
      "19": 17,
      "20": 17,
      "21": 17,
      "22": 17,
      "23": 17,
      "24": 17,
      "25": 17,
      "26": 17,
      "27": 17,
      "28": 7,
      "29": 1,
      "30": 1,
      "31": 7,
      "32": 1,
      "33": 1,
      "34": 17,
      "35": 17,
      "36": 17,
      "37": 17,
      "38": 17,
      "39": 17,
      "40": 17,
      "41": 17,
      "42": 2,
      "43": 2,
      "44": 0,
      "45": 0,
      "46": 0,
      "47": 2,
      "48": 0,
      "49": 0,
      "50": 0,
      "51": 2,
      "52": 2,
      "53": 2,
      "54": 2,
      "55": 2,
      "56": 17,
      "57": 17,
      "58": 17,
      "59": 17,
      "60": 17,
      "61": 17,
      "62": 17,
      "63": 17,
      "64": 17,
      "65": 17,
      "66": 17,
      "67": 17,
      "68": 17,
      "69": 17,
      "70": 17,
      "71": 17,
      "72": 17,
      "73": 17,
      "74": 17,
      "75": 17,
      "76": 17,
      "77": 17,
      "78": 17,
      "79": 17,
      "80": 17,
      "81": 17,
      "82": 17,
      "83": 17,
      "84": 17,
      "85": 17,
      "86": 17,
      "87": 17,
      "88": 17,
      "89": 17,
      "90": 17,
      "91": 17,
      "92": 17,
      "93": 17,
      "94": 17,
      "95": 17,
      "96": 17,
      "97": 17,
      "98": 17,
      "99": 17,
      "100": 17,
      "101": 17,
      "102": 17,
      "103": 17,
      "104": 17,
      "105": 17,
      "106": 17,
      "107": 17,
      "108": 17,
      "109": 17,
      "110": 17,
      "111": 17,
      "112": 17,
      "113": 17,
      "114": 4,
      "115": 4,
      "116": 4,
      "117": 4,
      "118": 4,
      "119": 4,
      "120": 4,
      "121": 4,
      "122": 4,
      "123": 4,
      "124": 17,
      "125": 17,
      "126": 17,
      "127": 17,
      "128": 17,
      "129": 17,
      "130": 17,
      "131": 17,
      "132": 17,
      "133": 17,
      "134": 17,
      "135": 17,
      "136": 17,
      "137": 17
    },
    "branchMap": {
      "0": {
        "type": "branch",
        "line": 17,
        "loc": { "start": { "line": 17, "column": 7 }, "end": { "line": 138, "column": 1 } },
        "locations": [{ "start": { "line": 17, "column": 7 }, "end": { "line": 138, "column": 1 } }]
      },
      "1": {
        "type": "branch",
        "line": 37,
        "loc": { "start": { "line": 37, "column": 41 }, "end": { "line": 37, "column": 48 } },
        "locations": [
          { "start": { "line": 37, "column": 41 }, "end": { "line": 37, "column": 48 } }
        ]
      },
      "2": {
        "type": "branch",
        "line": 38,
        "loc": { "start": { "line": 38, "column": 43 }, "end": { "line": 38, "column": 50 } },
        "locations": [
          { "start": { "line": 38, "column": 43 }, "end": { "line": 38, "column": 50 } }
        ]
      },
      "3": {
        "type": "branch",
        "line": 39,
        "loc": { "start": { "line": 39, "column": 35 }, "end": { "line": 39, "column": 62 } },
        "locations": [
          { "start": { "line": 39, "column": 35 }, "end": { "line": 39, "column": 62 } }
        ]
      },
      "4": {
        "type": "branch",
        "line": 39,
        "loc": { "start": { "line": 39, "column": 51 }, "end": { "line": 39, "column": 64 } },
        "locations": [
          { "start": { "line": 39, "column": 51 }, "end": { "line": 39, "column": 64 } }
        ]
      },
      "5": {
        "type": "branch",
        "line": 114,
        "loc": { "start": { "line": 114, "column": 23 }, "end": { "line": 114, "column": 45 } },
        "locations": [
          { "start": { "line": 114, "column": 23 }, "end": { "line": 114, "column": 45 } }
        ]
      },
      "6": {
        "type": "branch",
        "line": 114,
        "loc": { "start": { "line": 114, "column": 39 }, "end": { "line": 124, "column": 18 } },
        "locations": [
          { "start": { "line": 114, "column": 39 }, "end": { "line": 124, "column": 18 } }
        ]
      },
      "7": {
        "type": "branch",
        "line": 130,
        "loc": { "start": { "line": 130, "column": 35 }, "end": { "line": 130, "column": 54 } },
        "locations": [
          { "start": { "line": 130, "column": 35 }, "end": { "line": 130, "column": 54 } }
        ]
      },
      "8": {
        "type": "branch",
        "line": 28,
        "loc": { "start": { "line": 28, "column": 12 }, "end": { "line": 35, "column": 5 } },
        "locations": [{ "start": { "line": 28, "column": 12 }, "end": { "line": 35, "column": 5 } }]
      },
      "9": {
        "type": "branch",
        "line": 29,
        "loc": { "start": { "line": 29, "column": 8 }, "end": { "line": 29, "column": 44 } },
        "locations": [{ "start": { "line": 29, "column": 8 }, "end": { "line": 29, "column": 44 } }]
      },
      "10": {
        "type": "branch",
        "line": 29,
        "loc": { "start": { "line": 29, "column": 44 }, "end": { "line": 31, "column": 5 } },
        "locations": [{ "start": { "line": 29, "column": 44 }, "end": { "line": 31, "column": 5 } }]
      },
      "11": {
        "type": "branch",
        "line": 32,
        "loc": { "start": { "line": 32, "column": 8 }, "end": { "line": 32, "column": 42 } },
        "locations": [{ "start": { "line": 32, "column": 8 }, "end": { "line": 32, "column": 42 } }]
      },
      "12": {
        "type": "branch",
        "line": 32,
        "loc": { "start": { "line": 32, "column": 42 }, "end": { "line": 34, "column": 5 } },
        "locations": [{ "start": { "line": 32, "column": 42 }, "end": { "line": 34, "column": 5 } }]
      },
      "13": {
        "type": "branch",
        "line": 42,
        "loc": { "start": { "line": 42, "column": 23 }, "end": { "line": 56, "column": 4 } },
        "locations": [{ "start": { "line": 42, "column": 23 }, "end": { "line": 56, "column": 4 } }]
      },
      "14": {
        "type": "branch",
        "line": 44,
        "loc": { "start": { "line": 44, "column": 24 }, "end": { "line": 47, "column": 5 } },
        "locations": [{ "start": { "line": 44, "column": 24 }, "end": { "line": 47, "column": 5 } }]
      },
      "15": {
        "type": "branch",
        "line": 48,
        "loc": { "start": { "line": 48, "column": 23 }, "end": { "line": 51, "column": 5 } },
        "locations": [{ "start": { "line": 48, "column": 23 }, "end": { "line": 51, "column": 5 } }]
      },
      "16": {
        "type": "branch",
        "line": 78,
        "loc": { "start": { "line": 78, "column": 26 }, "end": { "line": 78, "column": 63 } },
        "locations": [
          { "start": { "line": 78, "column": 26 }, "end": { "line": 78, "column": 63 } }
        ]
      },
      "17": {
        "type": "branch",
        "line": 93,
        "loc": { "start": { "line": 93, "column": 26 }, "end": { "line": 93, "column": 66 } },
        "locations": [
          { "start": { "line": 93, "column": 26 }, "end": { "line": 93, "column": 66 } }
        ]
      }
    },
    "b": {
      "0": [17],
      "1": [10],
      "2": [13],
      "3": [4],
      "4": [13],
      "5": [7],
      "6": [4],
      "7": [7],
      "8": [7],
      "9": [1],
      "10": [1],
      "11": [1],
      "12": [1],
      "13": [2],
      "14": [0],
      "15": [0],
      "16": [3],
      "17": [3]
    },
    "fnMap": {
      "0": {
        "name": "AddPurchaseForm",
        "decl": { "start": { "line": 17, "column": 7 }, "end": { "line": 138, "column": 1 } },
        "loc": { "start": { "line": 17, "column": 7 }, "end": { "line": 138, "column": 1 } },
        "line": 17
      },
      "1": {
        "name": "handleSubmit",
        "decl": { "start": { "line": 42, "column": 23 }, "end": { "line": 56, "column": 4 } },
        "loc": { "start": { "line": 42, "column": 23 }, "end": { "line": 56, "column": 4 } },
        "line": 42
      },
      "2": {
        "name": "onChange",
        "decl": { "start": { "line": 78, "column": 26 }, "end": { "line": 78, "column": 63 } },
        "loc": { "start": { "line": 78, "column": 26 }, "end": { "line": 78, "column": 63 } },
        "line": 78
      },
      "3": {
        "name": "onChange",
        "decl": { "start": { "line": 93, "column": 26 }, "end": { "line": 93, "column": 66 } },
        "loc": { "start": { "line": 93, "column": 26 }, "end": { "line": 93, "column": 66 } },
        "line": 93
      },
      "4": {
        "name": "onChange",
        "decl": { "start": { "line": 109, "column": 24 }, "end": { "line": 109, "column": 55 } },
        "loc": { "start": { "line": 109, "column": 24 }, "end": { "line": 109, "column": 55 } },
        "line": 109
      }
    },
    "f": { "0": 17, "1": 2, "2": 3, "3": 3, "4": 0 }
  },
  "/Users/marcosmith/Documents/GitHub/pretoria-prepaid/src/components/DashboardStats.tsx": {
    "path": "/Users/marcosmith/Documents/GitHub/pretoria-prepaid/src/components/DashboardStats.tsx",
    "all": false,
    "statementMap": {
      "0": { "start": { "line": 1, "column": 0 }, "end": { "line": 1, "column": 47 } },
      "1": { "start": { "line": 2, "column": 0 }, "end": { "line": 2, "column": 57 } },
      "2": { "start": { "line": 3, "column": 0 }, "end": { "line": 3, "column": 63 } },
      "3": { "start": { "line": 4, "column": 0 }, "end": { "line": 4, "column": 48 } },
      "4": { "start": { "line": 5, "column": 0 }, "end": { "line": 5, "column": 0 } },
      "5": { "start": { "line": 6, "column": 0 }, "end": { "line": 6, "column": 31 } },
      "6": { "start": { "line": 7, "column": 0 }, "end": { "line": 7, "column": 25 } },
      "7": { "start": { "line": 8, "column": 0 }, "end": { "line": 8, "column": 24 } },
      "8": { "start": { "line": 9, "column": 0 }, "end": { "line": 9, "column": 30 } },
      "9": { "start": { "line": 10, "column": 0 }, "end": { "line": 10, "column": 23 } },
      "10": { "start": { "line": 11, "column": 0 }, "end": { "line": 11, "column": 29 } },
      "11": { "start": { "line": 12, "column": 0 }, "end": { "line": 12, "column": 1 } },
      "12": { "start": { "line": 13, "column": 0 }, "end": { "line": 13, "column": 0 } },
      "13": { "start": { "line": 14, "column": 0 }, "end": { "line": 14, "column": 32 } },
      "14": { "start": { "line": 15, "column": 0 }, "end": { "line": 15, "column": 17 } },
      "15": { "start": { "line": 16, "column": 0 }, "end": { "line": 16, "column": 16 } },
      "16": { "start": { "line": 17, "column": 0 }, "end": { "line": 17, "column": 22 } },
      "17": { "start": { "line": 18, "column": 0 }, "end": { "line": 18, "column": 15 } },
      "18": { "start": { "line": 19, "column": 0 }, "end": { "line": 19, "column": 21 } },
      "19": { "start": { "line": 20, "column": 0 }, "end": { "line": 20, "column": 25 } },
      "20": { "start": { "line": 21, "column": 0 }, "end": { "line": 21, "column": 33 } },
      "21": { "start": { "line": 22, "column": 0 }, "end": { "line": 22, "column": 0 } },
      "22": { "start": { "line": 23, "column": 0 }, "end": { "line": 23, "column": 17 } },
      "23": { "start": { "line": 24, "column": 0 }, "end": { "line": 24, "column": 5 } },
      "24": { "start": { "line": 25, "column": 0 }, "end": { "line": 25, "column": 26 } },
      "25": { "start": { "line": 26, "column": 0 }, "end": { "line": 26, "column": 49 } },
      "26": { "start": { "line": 27, "column": 0 }, "end": { "line": 27, "column": 46 } },
      "27": { "start": { "line": 28, "column": 0 }, "end": { "line": 28, "column": 6 } },
      "28": { "start": { "line": 29, "column": 0 }, "end": { "line": 29, "column": 5 } },
      "29": { "start": { "line": 30, "column": 0 }, "end": { "line": 30, "column": 29 } },
      "30": { "start": { "line": 31, "column": 0 }, "end": { "line": 31, "column": 57 } },
      "31": { "start": { "line": 32, "column": 0 }, "end": { "line": 32, "column": 54 } },
      "32": { "start": { "line": 33, "column": 0 }, "end": { "line": 33, "column": 6 } },
      "33": { "start": { "line": 34, "column": 0 }, "end": { "line": 34, "column": 5 } },
      "34": { "start": { "line": 35, "column": 0 }, "end": { "line": 35, "column": 29 } },
      "35": { "start": { "line": 36, "column": 0 }, "end": { "line": 36, "column": 56 } },
      "36": { "start": { "line": 37, "column": 0 }, "end": { "line": 37, "column": 41 } },
      "37": { "start": { "line": 38, "column": 0 }, "end": { "line": 38, "column": 6 } },
      "38": { "start": { "line": 39, "column": 0 }, "end": { "line": 39, "column": 4 } },
      "39": { "start": { "line": 40, "column": 0 }, "end": { "line": 40, "column": 0 } },
      "40": { "start": { "line": 41, "column": 0 }, "end": { "line": 41, "column": 23 } },
      "41": { "start": { "line": 42, "column": 0 }, "end": { "line": 42, "column": 5 } },
      "42": { "start": { "line": 43, "column": 0 }, "end": { "line": 43, "column": 26 } },
      "43": { "start": { "line": 44, "column": 0 }, "end": { "line": 44, "column": 23 } },
      "44": { "start": { "line": 45, "column": 0 }, "end": { "line": 45, "column": 45 } },
      "45": { "start": { "line": 46, "column": 0 }, "end": { "line": 46, "column": 6 } },
      "46": { "start": { "line": 47, "column": 0 }, "end": { "line": 47, "column": 5 } },
      "47": { "start": { "line": 48, "column": 0 }, "end": { "line": 48, "column": 22 } },
      "48": { "start": { "line": 49, "column": 0 }, "end": { "line": 49, "column": 17 } },
      "49": { "start": { "line": 50, "column": 0 }, "end": { "line": 50, "column": 42 } },
      "50": { "start": { "line": 51, "column": 0 }, "end": { "line": 51, "column": 6 } },
      "51": { "start": { "line": 52, "column": 0 }, "end": { "line": 52, "column": 4 } },
      "52": { "start": { "line": 53, "column": 0 }, "end": { "line": 53, "column": 0 } },
      "53": { "start": { "line": 54, "column": 0 }, "end": { "line": 54, "column": 10 } },
      "54": { "start": { "line": 55, "column": 0 }, "end": { "line": 55, "column": 31 } },
      "55": { "start": { "line": 56, "column": 0 }, "end": { "line": 56, "column": 46 } },
      "56": { "start": { "line": 57, "column": 0 }, "end": { "line": 57, "column": 30 } },
      "57": { "start": { "line": 58, "column": 0 }, "end": { "line": 58, "column": 33 } },
      "58": { "start": { "line": 59, "column": 0 }, "end": { "line": 59, "column": 41 } },
      "59": { "start": { "line": 60, "column": 0 }, "end": { "line": 60, "column": 43 } },
      "60": { "start": { "line": 61, "column": 0 }, "end": { "line": 61, "column": 90 } },
      "61": { "start": { "line": 62, "column": 0 }, "end": { "line": 62, "column": 74 } },
      "62": { "start": { "line": 63, "column": 0 }, "end": { "line": 63, "column": 93 } },
      "63": { "start": { "line": 64, "column": 0 }, "end": { "line": 64, "column": 20 } },
      "64": { "start": { "line": 65, "column": 0 }, "end": { "line": 65, "column": 26 } },
      "65": { "start": { "line": 66, "column": 0 }, "end": { "line": 66, "column": 17 } },
      "66": { "start": { "line": 67, "column": 0 }, "end": { "line": 67, "column": 11 } },
      "67": { "start": { "line": 68, "column": 0 }, "end": { "line": 68, "column": 12 } },
      "68": { "start": { "line": 69, "column": 0 }, "end": { "line": 69, "column": 46 } },
      "69": { "start": { "line": 70, "column": 0 }, "end": { "line": 70, "column": 38 } },
      "70": { "start": { "line": 71, "column": 0 }, "end": { "line": 71, "column": 15 } },
      "71": { "start": { "line": 72, "column": 0 }, "end": { "line": 72, "column": 30 } },
      "72": { "start": { "line": 73, "column": 0 }, "end": { "line": 73, "column": 74 } },
      "73": { "start": { "line": 74, "column": 0 }, "end": { "line": 74, "column": 36 } },
      "74": { "start": { "line": 75, "column": 0 }, "end": { "line": 75, "column": 11 } },
      "75": { "start": { "line": 76, "column": 0 }, "end": { "line": 76, "column": 80 } },
      "76": { "start": { "line": 77, "column": 0 }, "end": { "line": 77, "column": 62 } },
      "77": { "start": { "line": 78, "column": 0 }, "end": { "line": 78, "column": 73 } },
      "78": { "start": { "line": 79, "column": 0 }, "end": { "line": 79, "column": 26 } },
      "79": { "start": { "line": 80, "column": 0 }, "end": { "line": 80, "column": 17 } },
      "80": { "start": { "line": 81, "column": 0 }, "end": { "line": 81, "column": 11 } },
      "81": { "start": { "line": 82, "column": 0 }, "end": { "line": 82, "column": 12 } },
      "82": { "start": { "line": 83, "column": 0 }, "end": { "line": 83, "column": 10 } },
      "83": { "start": { "line": 84, "column": 0 }, "end": { "line": 84, "column": 4 } },
      "84": { "start": { "line": 85, "column": 0 }, "end": { "line": 85, "column": 1 } }
    },
    "s": {
      "0": 1,
      "1": 1,
      "2": 1,
      "3": 1,
      "4": 1,
      "5": 1,
      "6": 1,
      "7": 1,
      "8": 1,
      "9": 1,
      "10": 1,
      "11": 1,
      "12": 1,
      "13": 1,
      "14": 7,
      "15": 7,
      "16": 7,
      "17": 7,
      "18": 7,
      "19": 7,
      "20": 7,
      "21": 7,
      "22": 7,
      "23": 7,
      "24": 7,
      "25": 7,
      "26": 7,
      "27": 7,
      "28": 7,
      "29": 7,
      "30": 7,
      "31": 7,
      "32": 7,
      "33": 7,
      "34": 7,
      "35": 7,
      "36": 7,
      "37": 7,
      "38": 7,
      "39": 7,
      "40": 7,
      "41": 7,
      "42": 7,
      "43": 7,
      "44": 7,
      "45": 7,
      "46": 7,
      "47": 7,
      "48": 7,
      "49": 7,
      "50": 7,
      "51": 7,
      "52": 7,
      "53": 7,
      "54": 7,
      "55": 7,
      "56": 7,
      "57": 21,
      "58": 21,
      "59": 21,
      "60": 21,
      "61": 21,
      "62": 21,
      "63": 21,
      "64": 21,
      "65": 21,
      "66": 7,
      "67": 7,
      "68": 7,
      "69": 7,
      "70": 14,
      "71": 14,
      "72": 14,
      "73": 14,
      "74": 14,
      "75": 14,
      "76": 14,
      "77": 14,
      "78": 14,
      "79": 14,
      "80": 7,
      "81": 7,
      "82": 7,
      "83": 7,
      "84": 7
    },
    "branchMap": {
      "0": {
        "type": "branch",
        "line": 14,
        "loc": { "start": { "line": 14, "column": 7 }, "end": { "line": 85, "column": 1 } },
        "locations": [{ "start": { "line": 14, "column": 7 }, "end": { "line": 85, "column": 1 } }]
      },
      "1": {
        "type": "branch",
        "line": 45,
        "loc": { "start": { "line": 45, "column": 15 }, "end": { "line": 45, "column": 45 } },
        "locations": [
          { "start": { "line": 45, "column": 15 }, "end": { "line": 45, "column": 45 } }
        ]
      },
      "2": {
        "type": "branch",
        "line": 50,
        "loc": { "start": { "line": 50, "column": 15 }, "end": { "line": 50, "column": 42 } },
        "locations": [
          { "start": { "line": 50, "column": 15 }, "end": { "line": 50, "column": 42 } }
        ]
      },
      "3": {
        "type": "branch",
        "line": 57,
        "loc": { "start": { "line": 57, "column": 19 }, "end": { "line": 66, "column": 17 } },
        "locations": [
          { "start": { "line": 57, "column": 19 }, "end": { "line": 66, "column": 17 } }
        ]
      },
      "4": {
        "type": "branch",
        "line": 70,
        "loc": { "start": { "line": 70, "column": 25 }, "end": { "line": 80, "column": 17 } },
        "locations": [
          { "start": { "line": 70, "column": 25 }, "end": { "line": 80, "column": 17 } }
        ]
      }
    },
    "b": { "0": [7], "1": [1], "2": [1], "3": [21], "4": [14] },
    "fnMap": {
      "0": {
        "name": "DashboardStats",
        "decl": { "start": { "line": 14, "column": 7 }, "end": { "line": 85, "column": 1 } },
        "loc": { "start": { "line": 14, "column": 7 }, "end": { "line": 85, "column": 1 } },
        "line": 14
      },
      "1": {
        "name": "onClick",
        "decl": { "start": { "line": 45, "column": 15 }, "end": { "line": 45, "column": 45 } },
        "loc": { "start": { "line": 45, "column": 15 }, "end": { "line": 45, "column": 45 } },
        "line": 45
      },
      "2": {
        "name": "onClick",
        "decl": { "start": { "line": 50, "column": 15 }, "end": { "line": 50, "column": 42 } },
        "loc": { "start": { "line": 50, "column": 15 }, "end": { "line": 50, "column": 42 } },
        "line": 50
      }
    },
    "f": { "0": 7, "1": 1, "2": 1 }
  },
  "/Users/marcosmith/Documents/GitHub/pretoria-prepaid/src/components/MonthlyStats.tsx": {
    "path": "/Users/marcosmith/Documents/GitHub/pretoria-prepaid/src/components/MonthlyStats.tsx",
    "all": false,
    "statementMap": {
      "0": { "start": { "line": 1, "column": 0 }, "end": { "line": 1, "column": 80 } },
      "1": { "start": { "line": 2, "column": 0 }, "end": { "line": 2, "column": 8 } },
      "2": { "start": { "line": 3, "column": 0 }, "end": { "line": 3, "column": 17 } },
      "3": { "start": { "line": 4, "column": 0 }, "end": { "line": 4, "column": 15 } },
      "4": { "start": { "line": 5, "column": 0 }, "end": { "line": 5, "column": 27 } },
      "5": { "start": { "line": 6, "column": 0 }, "end": { "line": 6, "column": 18 } },
      "6": { "start": { "line": 7, "column": 0 }, "end": { "line": 7, "column": 20 } },
      "7": { "start": { "line": 8, "column": 0 }, "end": { "line": 8, "column": 18 } },
      "8": { "start": { "line": 9, "column": 0 }, "end": { "line": 9, "column": 13 } },
      "9": { "start": { "line": 10, "column": 0 }, "end": { "line": 10, "column": 27 } },
      "10": { "start": { "line": 11, "column": 0 }, "end": { "line": 11, "column": 41 } },
      "11": { "start": { "line": 12, "column": 0 }, "end": { "line": 12, "column": 57 } },
      "12": { "start": { "line": 13, "column": 0 }, "end": { "line": 13, "column": 0 } },
      "13": { "start": { "line": 14, "column": 0 }, "end": { "line": 14, "column": 29 } },
      "14": { "start": { "line": 15, "column": 0 }, "end": { "line": 15, "column": 77 } },
      "15": { "start": { "line": 16, "column": 0 }, "end": { "line": 16, "column": 23 } },
      "16": { "start": { "line": 17, "column": 0 }, "end": { "line": 17, "column": 1 } },
      "17": { "start": { "line": 18, "column": 0 }, "end": { "line": 18, "column": 0 } },
      "18": { "start": { "line": 19, "column": 0 }, "end": { "line": 19, "column": 74 } },
      "19": { "start": { "line": 20, "column": 0 }, "end": { "line": 20, "column": 27 } },
      "20": { "start": { "line": 21, "column": 0 }, "end": { "line": 21, "column": 12 } },
      "21": { "start": { "line": 22, "column": 0 }, "end": { "line": 22, "column": 12 } },
      "22": { "start": { "line": 23, "column": 0 }, "end": { "line": 23, "column": 37 } },
      "23": { "start": { "line": 24, "column": 0 }, "end": { "line": 24, "column": 65 } },
      "24": { "start": { "line": 25, "column": 0 }, "end": { "line": 25, "column": 58 } },
      "25": { "start": { "line": 26, "column": 0 }, "end": { "line": 26, "column": 25 } },
      "26": { "start": { "line": 27, "column": 0 }, "end": { "line": 27, "column": 22 } },
      "27": { "start": { "line": 28, "column": 0 }, "end": { "line": 28, "column": 21 } },
      "28": { "start": { "line": 29, "column": 0 }, "end": { "line": 29, "column": 21 } },
      "29": { "start": { "line": 30, "column": 0 }, "end": { "line": 30, "column": 72 } },
      "30": { "start": { "line": 31, "column": 0 }, "end": { "line": 31, "column": 42 } },
      "31": { "start": { "line": 32, "column": 0 }, "end": { "line": 32, "column": 14 } },
      "32": { "start": { "line": 33, "column": 0 }, "end": { "line": 33, "column": 22 } },
      "33": { "start": { "line": 34, "column": 0 }, "end": { "line": 34, "column": 13 } },
      "34": { "start": { "line": 35, "column": 0 }, "end": { "line": 35, "column": 6 } },
      "35": { "start": { "line": 36, "column": 0 }, "end": { "line": 36, "column": 3 } },
      "36": { "start": { "line": 37, "column": 0 }, "end": { "line": 37, "column": 0 } },
      "37": { "start": { "line": 38, "column": 0 }, "end": { "line": 38, "column": 58 } },
      "38": { "start": { "line": 39, "column": 0 }, "end": { "line": 39, "column": 41 } },
      "39": { "start": { "line": 40, "column": 0 }, "end": { "line": 40, "column": 0 } },
      "40": { "start": { "line": 41, "column": 0 }, "end": { "line": 41, "column": 10 } },
      "41": { "start": { "line": 42, "column": 0 }, "end": { "line": 42, "column": 10 } },
      "42": { "start": { "line": 43, "column": 0 }, "end": { "line": 43, "column": 35 } },
      "43": { "start": { "line": 44, "column": 0 }, "end": { "line": 44, "column": 63 } },
      "44": { "start": { "line": 45, "column": 0 }, "end": { "line": 45, "column": 56 } },
      "45": { "start": { "line": 46, "column": 0 }, "end": { "line": 46, "column": 23 } },
      "46": { "start": { "line": 47, "column": 0 }, "end": { "line": 47, "column": 20 } },
      "47": { "start": { "line": 48, "column": 0 }, "end": { "line": 48, "column": 19 } },
      "48": { "start": { "line": 49, "column": 0 }, "end": { "line": 49, "column": 19 } },
      "49": { "start": { "line": 50, "column": 0 }, "end": { "line": 50, "column": 47 } },
      "50": { "start": { "line": 51, "column": 0 }, "end": { "line": 51, "column": 37 } },
      "51": { "start": { "line": 52, "column": 0 }, "end": { "line": 52, "column": 34 } },
      "52": { "start": { "line": 53, "column": 0 }, "end": { "line": 53, "column": 73 } },
      "53": { "start": { "line": 54, "column": 0 }, "end": { "line": 54, "column": 63 } },
      "54": { "start": { "line": 55, "column": 0 }, "end": { "line": 55, "column": 65 } },
      "55": { "start": { "line": 56, "column": 0 }, "end": { "line": 56, "column": 63 } },
      "56": { "start": { "line": 57, "column": 0 }, "end": { "line": 57, "column": 0 } },
      "57": { "start": { "line": 58, "column": 0 }, "end": { "line": 58, "column": 22 } },
      "58": { "start": { "line": 59, "column": 0 }, "end": { "line": 59, "column": 62 } },
      "59": { "start": { "line": 60, "column": 0 }, "end": { "line": 60, "column": 64 } },
      "60": { "start": { "line": 61, "column": 0 }, "end": { "line": 61, "column": 50 } },
      "61": { "start": { "line": 62, "column": 0 }, "end": { "line": 62, "column": 48 } },
      "62": { "start": { "line": 63, "column": 0 }, "end": { "line": 63, "column": 42 } },
      "63": { "start": { "line": 64, "column": 0 }, "end": { "line": 64, "column": 97 } },
      "64": { "start": { "line": 65, "column": 0 }, "end": { "line": 65, "column": 24 } },
      "65": { "start": { "line": 66, "column": 0 }, "end": { "line": 66, "column": 27 } },
      "66": { "start": { "line": 67, "column": 0 }, "end": { "line": 67, "column": 60 } },
      "67": { "start": { "line": 68, "column": 0 }, "end": { "line": 68, "column": 80 } },
      "68": { "start": { "line": 69, "column": 0 }, "end": { "line": 69, "column": 63 } },
      "69": { "start": { "line": 70, "column": 0 }, "end": { "line": 70, "column": 29 } },
      "70": { "start": { "line": 71, "column": 0 }, "end": { "line": 71, "column": 100 } },
      "71": { "start": { "line": 72, "column": 0 }, "end": { "line": 72, "column": 25 } },
      "72": { "start": { "line": 73, "column": 0 }, "end": { "line": 73, "column": 54 } },
      "73": { "start": { "line": 74, "column": 0 }, "end": { "line": 74, "column": 31 } },
      "74": { "start": { "line": 75, "column": 0 }, "end": { "line": 75, "column": 24 } },
      "75": { "start": { "line": 76, "column": 0 }, "end": { "line": 76, "column": 27 } },
      "76": { "start": { "line": 77, "column": 0 }, "end": { "line": 77, "column": 24 } },
      "77": { "start": { "line": 78, "column": 0 }, "end": { "line": 78, "column": 0 } },
      "78": { "start": { "line": 79, "column": 0 }, "end": { "line": 79, "column": 53 } },
      "79": { "start": { "line": 80, "column": 0 }, "end": { "line": 80, "column": 79 } },
      "80": { "start": { "line": 81, "column": 0 }, "end": { "line": 81, "column": 24 } },
      "81": { "start": { "line": 82, "column": 0 }, "end": { "line": 82, "column": 74 } },
      "82": { "start": { "line": 83, "column": 0 }, "end": { "line": 83, "column": 57 } },
      "83": { "start": { "line": 84, "column": 0 }, "end": { "line": 84, "column": 21 } },
      "84": { "start": { "line": 85, "column": 0 }, "end": { "line": 85, "column": 52 } },
      "85": { "start": { "line": 86, "column": 0 }, "end": { "line": 86, "column": 77 } },
      "86": { "start": { "line": 87, "column": 0 }, "end": { "line": 87, "column": 32 } },
      "87": { "start": { "line": 88, "column": 0 }, "end": { "line": 88, "column": 30 } },
      "88": { "start": { "line": 89, "column": 0 }, "end": { "line": 89, "column": 43 } },
      "89": { "start": { "line": 90, "column": 0 }, "end": { "line": 90, "column": 110 } },
      "90": { "start": { "line": 91, "column": 0 }, "end": { "line": 91, "column": 65 } },
      "91": { "start": { "line": 92, "column": 0 }, "end": { "line": 92, "column": 28 } },
      "92": { "start": { "line": 93, "column": 0 }, "end": { "line": 93, "column": 26 } },
      "93": { "start": { "line": 94, "column": 0 }, "end": { "line": 94, "column": 25 } },
      "94": { "start": { "line": 95, "column": 0 }, "end": { "line": 95, "column": 26 } },
      "95": { "start": { "line": 96, "column": 0 }, "end": { "line": 96, "column": 24 } },
      "96": { "start": { "line": 97, "column": 0 }, "end": { "line": 97, "column": 0 } },
      "97": { "start": { "line": 98, "column": 0 }, "end": { "line": 98, "column": 45 } },
      "98": { "start": { "line": 99, "column": 0 }, "end": { "line": 99, "column": 94 } },
      "99": { "start": { "line": 100, "column": 0 }, "end": { "line": 100, "column": 57 } },
      "100": { "start": { "line": 101, "column": 0 }, "end": { "line": 101, "column": 44 } },
      "101": { "start": { "line": 102, "column": 0 }, "end": { "line": 102, "column": 29 } },
      "102": { "start": { "line": 103, "column": 0 }, "end": { "line": 103, "column": 117 } },
      "103": { "start": { "line": 104, "column": 0 }, "end": { "line": 104, "column": 25 } },
      "104": { "start": { "line": 105, "column": 0 }, "end": { "line": 105, "column": 50 } },
      "105": { "start": { "line": 106, "column": 0 }, "end": { "line": 106, "column": 31 } },
      "106": { "start": { "line": 107, "column": 0 }, "end": { "line": 107, "column": 50 } },
      "107": { "start": { "line": 108, "column": 0 }, "end": { "line": 108, "column": 77 } },
      "108": { "start": { "line": 109, "column": 0 }, "end": { "line": 109, "column": 29 } },
      "109": { "start": { "line": 110, "column": 0 }, "end": { "line": 110, "column": 23 } },
      "110": { "start": { "line": 111, "column": 0 }, "end": { "line": 111, "column": 46 } },
      "111": { "start": { "line": 112, "column": 0 }, "end": { "line": 112, "column": 80 } },
      "112": { "start": { "line": 113, "column": 0 }, "end": { "line": 113, "column": 27 } },
      "113": { "start": { "line": 114, "column": 0 }, "end": { "line": 114, "column": 24 } },
      "114": { "start": { "line": 115, "column": 0 }, "end": { "line": 115, "column": 22 } },
      "115": { "start": { "line": 116, "column": 0 }, "end": { "line": 116, "column": 16 } },
      "116": { "start": { "line": 117, "column": 0 }, "end": { "line": 117, "column": 15 } },
      "117": { "start": { "line": 118, "column": 0 }, "end": { "line": 118, "column": 16 } },
      "118": { "start": { "line": 119, "column": 0 }, "end": { "line": 119, "column": 21 } },
      "119": { "start": { "line": 120, "column": 0 }, "end": { "line": 120, "column": 20 } },
      "120": { "start": { "line": 121, "column": 0 }, "end": { "line": 121, "column": 11 } },
      "121": { "start": { "line": 122, "column": 0 }, "end": { "line": 122, "column": 4 } },
      "122": { "start": { "line": 123, "column": 0 }, "end": { "line": 123, "column": 1 } }
    },
    "s": {
      "0": 1,
      "1": 1,
      "2": 1,
      "3": 1,
      "4": 1,
      "5": 1,
      "6": 1,
      "7": 1,
      "8": 1,
      "9": 1,
      "10": 1,
      "11": 1,
      "12": 1,
      "13": 1,
      "14": 1,
      "15": 1,
      "16": 1,
      "17": 1,
      "18": 1,
      "19": 6,
      "20": 5,
      "21": 5,
      "22": 5,
      "23": 5,
      "24": 5,
      "25": 5,
      "26": 5,
      "27": 5,
      "28": 5,
      "29": 5,
      "30": 5,
      "31": 5,
      "32": 5,
      "33": 5,
      "34": 5,
      "35": 5,
      "36": 1,
      "37": 1,
      "38": 1,
      "39": 1,
      "40": 1,
      "41": 1,
      "42": 1,
      "43": 1,
      "44": 1,
      "45": 1,
      "46": 1,
      "47": 1,
      "48": 1,
      "49": 1,
      "50": 1,
      "51": 1,
      "52": 2,
      "53": 2,
      "54": 2,
      "55": 2,
      "56": 2,
      "57": 2,
      "58": 2,
      "59": 2,
      "60": 2,
      "61": 2,
      "62": 2,
      "63": 0,
      "64": 2,
      "65": 2,
      "66": 2,
      "67": 2,
      "68": 2,
      "69": 2,
      "70": 2,
      "71": 2,
      "72": 2,
      "73": 2,
      "74": 2,
      "75": 2,
      "76": 2,
      "77": 2,
      "78": 2,
      "79": 2,
      "80": 2,
      "81": 2,
      "82": 2,
      "83": 2,
      "84": 2,
      "85": 3,
      "86": 3,
      "87": 3,
      "88": 3,
      "89": 3,
      "90": 3,
      "91": 3,
      "92": 3,
      "93": 2,
      "94": 2,
      "95": 2,
      "96": 2,
      "97": 2,
      "98": 2,
      "99": 2,
      "100": 3,
      "101": 3,
      "102": 3,
      "103": 3,
      "104": 3,
      "105": 3,
      "106": 3,
      "107": 3,
      "108": 3,
      "109": 2,
      "110": 2,
      "111": 2,
      "112": 2,
      "113": 2,
      "114": 2,
      "115": 2,
      "116": 1,
      "117": 1,
      "118": 1,
      "119": 1,
      "120": 1,
      "121": 1,
      "122": 1
    },
    "branchMap": {
      "0": {
        "type": "branch",
        "line": 19,
        "loc": { "start": { "line": 19, "column": 7 }, "end": { "line": 123, "column": 1 } },
        "locations": [{ "start": { "line": 19, "column": 7 }, "end": { "line": 123, "column": 1 } }]
      },
      "1": {
        "type": "branch",
        "line": 20,
        "loc": { "start": { "line": 20, "column": 26 }, "end": { "line": 123, "column": 1 } },
        "locations": [
          { "start": { "line": 20, "column": 26 }, "end": { "line": 123, "column": 1 } }
        ]
      },
      "2": {
        "type": "branch",
        "line": 36,
        "loc": { "start": { "line": 36, "column": 2 }, "end": { "line": 123, "column": 1 } },
        "locations": [{ "start": { "line": 36, "column": 2 }, "end": { "line": 123, "column": 1 } }]
      },
      "3": {
        "type": "branch",
        "line": 38,
        "loc": { "start": { "line": 38, "column": 41 }, "end": { "line": 38, "column": 55 } },
        "locations": [
          { "start": { "line": 38, "column": 41 }, "end": { "line": 38, "column": 55 } }
        ]
      },
      "4": {
        "type": "branch",
        "line": 52,
        "loc": { "start": { "line": 52, "column": 23 }, "end": { "line": 117, "column": 13 } },
        "locations": [
          { "start": { "line": 52, "column": 23 }, "end": { "line": 117, "column": 13 } }
        ]
      },
      "5": {
        "type": "branch",
        "line": 63,
        "loc": { "start": { "line": 63, "column": 23 }, "end": { "line": 64, "column": 97 } },
        "locations": [
          { "start": { "line": 63, "column": 23 }, "end": { "line": 64, "column": 97 } }
        ]
      },
      "6": {
        "type": "branch",
        "line": 71,
        "loc": { "start": { "line": 71, "column": 45 }, "end": { "line": 71, "column": 83 } },
        "locations": [
          { "start": { "line": 71, "column": 45 }, "end": { "line": 71, "column": 83 } }
        ]
      },
      "7": {
        "type": "branch",
        "line": 71,
        "loc": { "start": { "line": 71, "column": 62 }, "end": { "line": 71, "column": 97 } },
        "locations": [
          { "start": { "line": 71, "column": 62 }, "end": { "line": 71, "column": 97 } }
        ]
      },
      "8": {
        "type": "branch",
        "line": 73,
        "loc": { "start": { "line": 73, "column": 27 }, "end": { "line": 73, "column": 50 } },
        "locations": [
          { "start": { "line": 73, "column": 27 }, "end": { "line": 73, "column": 50 } }
        ]
      },
      "9": {
        "type": "branch",
        "line": 73,
        "loc": { "start": { "line": 73, "column": 44 }, "end": { "line": 73, "column": 54 } },
        "locations": [
          { "start": { "line": 73, "column": 44 }, "end": { "line": 73, "column": 54 } }
        ]
      },
      "10": {
        "type": "branch",
        "line": 112,
        "loc": { "start": { "line": 112, "column": 67 }, "end": { "line": 112, "column": 77 } },
        "locations": [
          { "start": { "line": 112, "column": 67 }, "end": { "line": 112, "column": 77 } }
        ]
      },
      "11": {
        "type": "branch",
        "line": 112,
        "loc": { "start": { "line": 112, "column": 71 }, "end": { "line": 112, "column": 80 } },
        "locations": [
          { "start": { "line": 112, "column": 71 }, "end": { "line": 112, "column": 80 } }
        ]
      },
      "12": {
        "type": "branch",
        "line": 85,
        "loc": { "start": { "line": 85, "column": 41 }, "end": { "line": 94, "column": 23 } },
        "locations": [
          { "start": { "line": 85, "column": 41 }, "end": { "line": 94, "column": 23 } }
        ]
      },
      "13": {
        "type": "branch",
        "line": 100,
        "loc": { "start": { "line": 100, "column": 39 }, "end": { "line": 109, "column": 29 } },
        "locations": [
          { "start": { "line": 100, "column": 39 }, "end": { "line": 109, "column": 29 } }
        ]
      },
      "14": {
        "type": "branch",
        "line": 108,
        "loc": { "start": { "line": 108, "column": 56 }, "end": { "line": 108, "column": 77 } },
        "locations": [
          { "start": { "line": 108, "column": 56 }, "end": { "line": 108, "column": 77 } }
        ]
      }
    },
    "b": {
      "0": [6],
      "1": [5],
      "2": [1],
      "3": [2],
      "4": [2],
      "5": [0],
      "6": [1],
      "7": [1],
      "8": [1],
      "9": [1],
      "10": [1],
      "11": [1],
      "12": [3],
      "13": [3],
      "14": [1]
    },
    "fnMap": {
      "0": {
        "name": "MonthlyStats",
        "decl": { "start": { "line": 19, "column": 7 }, "end": { "line": 123, "column": 1 } },
        "loc": { "start": { "line": 19, "column": 7 }, "end": { "line": 123, "column": 1 } },
        "line": 19
      }
    },
    "f": { "0": 6 }
  },
  "/Users/marcosmith/Documents/GitHub/pretoria-prepaid/src/components/NavLink.tsx": {
    "path": "/Users/marcosmith/Documents/GitHub/pretoria-prepaid/src/components/NavLink.tsx",
    "all": false,
    "statementMap": {
      "0": { "start": { "line": 1, "column": 0 }, "end": { "line": 1, "column": 74 } },
      "1": { "start": { "line": 2, "column": 0 }, "end": { "line": 2, "column": 35 } },
      "2": { "start": { "line": 3, "column": 0 }, "end": { "line": 3, "column": 33 } },
      "3": { "start": { "line": 4, "column": 0 }, "end": { "line": 4, "column": 0 } },
      "4": { "start": { "line": 5, "column": 0 }, "end": { "line": 5, "column": 70 } },
      "5": { "start": { "line": 6, "column": 0 }, "end": { "line": 6, "column": 21 } },
      "6": { "start": { "line": 7, "column": 0 }, "end": { "line": 7, "column": 27 } },
      "7": { "start": { "line": 8, "column": 0 }, "end": { "line": 8, "column": 28 } },
      "8": { "start": { "line": 9, "column": 0 }, "end": { "line": 9, "column": 1 } },
      "9": { "start": { "line": 10, "column": 0 }, "end": { "line": 10, "column": 0 } },
      "10": { "start": { "line": 11, "column": 0 }, "end": { "line": 11, "column": 66 } },
      "11": { "start": { "line": 12, "column": 0 }, "end": { "line": 12, "column": 76 } },
      "12": { "start": { "line": 13, "column": 0 }, "end": { "line": 13, "column": 12 } },
      "13": { "start": { "line": 14, "column": 0 }, "end": { "line": 14, "column": 20 } },
      "14": { "start": { "line": 15, "column": 0 }, "end": { "line": 15, "column": 17 } },
      "15": { "start": { "line": 16, "column": 0 }, "end": { "line": 16, "column": 15 } },
      "16": { "start": { "line": 17, "column": 0 }, "end": { "line": 17, "column": 47 } },
      "17": { "start": { "line": 18, "column": 0 }, "end": { "line": 18, "column": 83 } },
      "18": { "start": { "line": 19, "column": 0 }, "end": { "line": 19, "column": 9 } },
      "19": { "start": { "line": 20, "column": 0 }, "end": { "line": 20, "column": 18 } },
      "20": { "start": { "line": 21, "column": 0 }, "end": { "line": 21, "column": 8 } },
      "21": { "start": { "line": 22, "column": 0 }, "end": { "line": 22, "column": 6 } },
      "22": { "start": { "line": 23, "column": 0 }, "end": { "line": 23, "column": 3 } },
      "23": { "start": { "line": 24, "column": 0 }, "end": { "line": 24, "column": 2 } },
      "24": { "start": { "line": 25, "column": 0 }, "end": { "line": 25, "column": 0 } },
      "25": { "start": { "line": 26, "column": 0 }, "end": { "line": 26, "column": 32 } },
      "26": { "start": { "line": 27, "column": 0 }, "end": { "line": 27, "column": 0 } },
      "27": { "start": { "line": 28, "column": 0 }, "end": { "line": 28, "column": 19 } }
    },
    "s": {
      "0": 1,
      "1": 1,
      "2": 1,
      "3": 1,
      "4": 1,
      "5": 1,
      "6": 1,
      "7": 1,
      "8": 1,
      "9": 1,
      "10": 1,
      "11": 1,
      "12": 1,
      "13": 1,
      "14": 1,
      "15": 1,
      "16": 1,
      "17": 1,
      "18": 1,
      "19": 1,
      "20": 1,
      "21": 1,
      "22": 1,
      "23": 1,
      "24": 1,
      "25": 1,
      "26": 1,
      "27": 1
    },
    "branchMap": {
      "0": {
        "type": "branch",
        "line": 12,
        "loc": { "start": { "line": 12, "column": 2 }, "end": { "line": 23, "column": 3 } },
        "locations": [{ "start": { "line": 12, "column": 2 }, "end": { "line": 23, "column": 3 } }]
      },
      "1": {
        "type": "branch",
        "line": 17,
        "loc": { "start": { "line": 17, "column": 19 }, "end": { "line": 18, "column": 83 } },
        "locations": [
          { "start": { "line": 17, "column": 19 }, "end": { "line": 18, "column": 83 } }
        ]
      },
      "2": {
        "type": "branch",
        "line": 18,
        "loc": { "start": { "line": 18, "column": 53 }, "end": { "line": 18, "column": 82 } },
        "locations": [
          { "start": { "line": 18, "column": 53 }, "end": { "line": 18, "column": 82 } }
        ]
      }
    },
    "b": { "0": [1], "1": [1], "2": [0] },
    "fnMap": {
      "0": {
        "name": "className",
        "decl": { "start": { "line": 17, "column": 19 }, "end": { "line": 18, "column": 83 } },
        "loc": { "start": { "line": 17, "column": 19 }, "end": { "line": 18, "column": 83 } },
        "line": 17
      }
    },
    "f": { "0": 1 }
  },
  "/Users/marcosmith/Documents/GitHub/pretoria-prepaid/src/components/NavMenu.tsx": {
    "path": "/Users/marcosmith/Documents/GitHub/pretoria-prepaid/src/components/NavMenu.tsx",
    "all": false,
    "statementMap": {
      "0": { "start": { "line": 1, "column": 0 }, "end": { "line": 1, "column": 33 } },
      "1": { "start": { "line": 2, "column": 0 }, "end": { "line": 2, "column": 60 } },
      "2": { "start": { "line": 3, "column": 0 }, "end": { "line": 3, "column": 96 } },
      "3": { "start": { "line": 4, "column": 0 }, "end": { "line": 4, "column": 48 } },
      "4": { "start": { "line": 5, "column": 0 }, "end": { "line": 5, "column": 99 } },
      "5": { "start": { "line": 6, "column": 0 }, "end": { "line": 6, "column": 33 } },
      "6": { "start": { "line": 7, "column": 0 }, "end": { "line": 7, "column": 0 } },
      "7": { "start": { "line": 8, "column": 0 }, "end": { "line": 8, "column": 18 } },
      "8": { "start": { "line": 9, "column": 0 }, "end": { "line": 9, "column": 68 } },
      "9": { "start": { "line": 10, "column": 0 }, "end": { "line": 10, "column": 65 } },
      "10": { "start": { "line": 11, "column": 0 }, "end": { "line": 11, "column": 71 } },
      "11": { "start": { "line": 12, "column": 0 }, "end": { "line": 12, "column": 55 } },
      "12": { "start": { "line": 13, "column": 0 }, "end": { "line": 13, "column": 60 } },
      "13": { "start": { "line": 14, "column": 0 }, "end": { "line": 14, "column": 2 } },
      "14": { "start": { "line": 15, "column": 0 }, "end": { "line": 15, "column": 0 } },
      "15": { "start": { "line": 16, "column": 0 }, "end": { "line": 16, "column": 27 } },
      "16": { "start": { "line": 17, "column": 0 }, "end": { "line": 17, "column": 42 } },
      "17": { "start": { "line": 18, "column": 0 }, "end": { "line": 18, "column": 33 } },
      "18": { "start": { "line": 19, "column": 0 }, "end": { "line": 19, "column": 33 } },
      "19": { "start": { "line": 20, "column": 0 }, "end": { "line": 20, "column": 0 } },
      "20": { "start": { "line": 21, "column": 0 }, "end": { "line": 21, "column": 44 } },
      "21": { "start": { "line": 22, "column": 0 }, "end": { "line": 22, "column": 19 } },
      "22": { "start": { "line": 23, "column": 0 }, "end": { "line": 23, "column": 19 } },
      "23": { "start": { "line": 24, "column": 0 }, "end": { "line": 24, "column": 4 } },
      "24": { "start": { "line": 25, "column": 0 }, "end": { "line": 25, "column": 0 } },
      "25": { "start": { "line": 26, "column": 0 }, "end": { "line": 26, "column": 10 } },
      "26": { "start": { "line": 27, "column": 0 }, "end": { "line": 27, "column": 46 } },
      "27": { "start": { "line": 28, "column": 0 }, "end": { "line": 28, "column": 28 } },
      "28": { "start": { "line": 29, "column": 0 }, "end": { "line": 29, "column": 66 } },
      "29": { "start": { "line": 30, "column": 0 }, "end": { "line": 30, "column": 38 } },
      "30": { "start": { "line": 31, "column": 0 }, "end": { "line": 31, "column": 17 } },
      "31": { "start": { "line": 32, "column": 0 }, "end": { "line": 32, "column": 21 } },
      "32": { "start": { "line": 33, "column": 0 }, "end": { "line": 33, "column": 49 } },
      "33": { "start": { "line": 34, "column": 0 }, "end": { "line": 34, "column": 21 } },
      "34": { "start": { "line": 35, "column": 0 }, "end": { "line": 35, "column": 61 } },
      "35": { "start": { "line": 36, "column": 0 }, "end": { "line": 36, "column": 22 } },
      "36": { "start": { "line": 37, "column": 0 }, "end": { "line": 37, "column": 40 } },
      "37": { "start": { "line": 38, "column": 0 }, "end": { "line": 38, "column": 35 } },
      "38": { "start": { "line": 39, "column": 0 }, "end": { "line": 39, "column": 19 } },
      "39": { "start": { "line": 40, "column": 0 }, "end": { "line": 40, "column": 29 } },
      "40": { "start": { "line": 41, "column": 0 }, "end": { "line": 41, "column": 55 } },
      "41": { "start": { "line": 42, "column": 0 }, "end": { "line": 42, "column": 28 } },
      "42": { "start": { "line": 43, "column": 0 }, "end": { "line": 43, "column": 98 } },
      "43": { "start": { "line": 44, "column": 0 }, "end": { "line": 44, "column": 47 } },
      "44": { "start": { "line": 45, "column": 0 }, "end": { "line": 45, "column": 60 } },
      "45": { "start": { "line": 46, "column": 0 }, "end": { "line": 46, "column": 80 } },
      "46": { "start": { "line": 47, "column": 0 }, "end": { "line": 47, "column": 16 } },
      "47": { "start": { "line": 48, "column": 0 }, "end": { "line": 48, "column": 13 } },
      "48": { "start": { "line": 49, "column": 0 }, "end": { "line": 49, "column": 47 } },
      "49": { "start": { "line": 50, "column": 0 }, "end": { "line": 50, "column": 26 } },
      "50": { "start": { "line": 51, "column": 0 }, "end": { "line": 51, "column": 21 } },
      "51": { "start": { "line": 52, "column": 0 }, "end": { "line": 52, "column": 13 } },
      "52": { "start": { "line": 53, "column": 0 }, "end": { "line": 53, "column": 14 } },
      "53": { "start": { "line": 54, "column": 0 }, "end": { "line": 54, "column": 21 } },
      "54": { "start": { "line": 55, "column": 0 }, "end": { "line": 55, "column": 12 } },
      "55": { "start": { "line": 56, "column": 0 }, "end": { "line": 56, "column": 4 } },
      "56": { "start": { "line": 57, "column": 0 }, "end": { "line": 57, "column": 1 } }
    },
    "s": {
      "0": 1,
      "1": 1,
      "2": 1,
      "3": 1,
      "4": 1,
      "5": 1,
      "6": 1,
      "7": 1,
      "8": 1,
      "9": 1,
      "10": 1,
      "11": 1,
      "12": 1,
      "13": 1,
      "14": 1,
      "15": 1,
      "16": 32,
      "17": 32,
      "18": 32,
      "19": 32,
      "20": 32,
      "21": 1,
      "22": 1,
      "23": 1,
      "24": 32,
      "25": 32,
      "26": 32,
      "27": 32,
      "28": 32,
      "29": 32,
      "30": 32,
      "31": 32,
      "32": 32,
      "33": 32,
      "34": 32,
      "35": 32,
      "36": 32,
      "37": 32,
      "38": 160,
      "39": 160,
      "40": 160,
      "41": 160,
      "42": 160,
      "43": 160,
      "44": 1,
      "45": 159,
      "46": 160,
      "47": 160,
      "48": 160,
      "49": 160,
      "50": 160,
      "51": 32,
      "52": 32,
      "53": 32,
      "54": 32,
      "55": 32,
      "56": 32
    },
    "branchMap": {
      "0": {
        "type": "branch",
        "line": 16,
        "loc": { "start": { "line": 16, "column": 7 }, "end": { "line": 57, "column": 1 } },
        "locations": [{ "start": { "line": 16, "column": 7 }, "end": { "line": 57, "column": 1 } }]
      },
      "1": {
        "type": "branch",
        "line": 21,
        "loc": { "start": { "line": 21, "column": 25 }, "end": { "line": 24, "column": 4 } },
        "locations": [{ "start": { "line": 21, "column": 25 }, "end": { "line": 24, "column": 4 } }]
      },
      "2": {
        "type": "branch",
        "line": 38,
        "loc": { "start": { "line": 38, "column": 24 }, "end": { "line": 51, "column": 21 } },
        "locations": [
          { "start": { "line": 38, "column": 24 }, "end": { "line": 51, "column": 21 } }
        ]
      },
      "3": {
        "type": "branch",
        "line": 44,
        "loc": { "start": { "line": 44, "column": 43 }, "end": { "line": 45, "column": 60 } },
        "locations": [
          { "start": { "line": 44, "column": 43 }, "end": { "line": 45, "column": 60 } }
        ]
      },
      "4": {
        "type": "branch",
        "line": 45,
        "loc": { "start": { "line": 45, "column": 20 }, "end": { "line": 46, "column": 80 } },
        "locations": [
          { "start": { "line": 45, "column": 20 }, "end": { "line": 46, "column": 80 } }
        ]
      },
      "5": {
        "type": "branch",
        "line": 41,
        "loc": { "start": { "line": 41, "column": 23 }, "end": { "line": 41, "column": 55 } },
        "locations": [
          { "start": { "line": 41, "column": 23 }, "end": { "line": 41, "column": 55 } }
        ]
      }
    },
    "b": { "0": [32], "1": [1], "2": [160], "3": [1], "4": [159], "5": [1] },
    "fnMap": {
      "0": {
        "name": "NavMenu",
        "decl": { "start": { "line": 16, "column": 7 }, "end": { "line": 57, "column": 1 } },
        "loc": { "start": { "line": 16, "column": 7 }, "end": { "line": 57, "column": 1 } },
        "line": 16
      },
      "1": {
        "name": "handleNavigate",
        "decl": { "start": { "line": 21, "column": 25 }, "end": { "line": 24, "column": 4 } },
        "loc": { "start": { "line": 21, "column": 25 }, "end": { "line": 24, "column": 4 } },
        "line": 21
      },
      "2": {
        "name": "onClick",
        "decl": { "start": { "line": 41, "column": 23 }, "end": { "line": 41, "column": 55 } },
        "loc": { "start": { "line": 41, "column": 23 }, "end": { "line": 41, "column": 55 } },
        "line": 41
      }
    },
    "f": { "0": 32, "1": 1, "2": 1 }
  },
  "/Users/marcosmith/Documents/GitHub/pretoria-prepaid/src/components/PatreonBanner.tsx": {
    "path": "/Users/marcosmith/Documents/GitHub/pretoria-prepaid/src/components/PatreonBanner.tsx",
    "all": false,
    "statementMap": {
      "0": { "start": { "line": 1, "column": 0 }, "end": { "line": 1, "column": 40 } },
      "1": { "start": { "line": 2, "column": 0 }, "end": { "line": 2, "column": 33 } },
      "2": { "start": { "line": 3, "column": 0 }, "end": { "line": 3, "column": 48 } },
      "3": { "start": { "line": 4, "column": 0 }, "end": { "line": 4, "column": 0 } },
      "4": { "start": { "line": 5, "column": 0 }, "end": { "line": 5, "column": 33 } },
      "5": { "start": { "line": 6, "column": 0 }, "end": { "line": 6, "column": 52 } },
      "6": { "start": { "line": 7, "column": 0 }, "end": { "line": 7, "column": 0 } },
      "7": { "start": { "line": 8, "column": 0 }, "end": { "line": 8, "column": 29 } },
      "8": { "start": { "line": 9, "column": 0 }, "end": { "line": 9, "column": 0 } },
      "9": { "start": { "line": 10, "column": 0 }, "end": { "line": 10, "column": 10 } },
      "10": { "start": { "line": 11, "column": 0 }, "end": { "line": 11, "column": 115 } },
      "11": { "start": { "line": 12, "column": 0 }, "end": { "line": 12, "column": 55 } },
      "12": { "start": { "line": 13, "column": 0 }, "end": { "line": 13, "column": 64 } },
      "13": { "start": { "line": 14, "column": 0 }, "end": { "line": 14, "column": 47 } },
      "14": { "start": { "line": 15, "column": 0 }, "end": { "line": 15, "column": 39 } },
      "15": { "start": { "line": 16, "column": 0 }, "end": { "line": 16, "column": 12 } },
      "16": { "start": { "line": 17, "column": 0 }, "end": { "line": 17, "column": 53 } },
      "17": { "start": { "line": 18, "column": 0 }, "end": { "line": 18, "column": 27 } },
      "18": { "start": { "line": 19, "column": 0 }, "end": { "line": 19, "column": 37 } },
      "19": { "start": { "line": 20, "column": 0 }, "end": { "line": 20, "column": 64 } },
      "20": { "start": { "line": 21, "column": 0 }, "end": { "line": 21, "column": 11 } },
      "21": { "start": { "line": 22, "column": 0 }, "end": { "line": 22, "column": 30 } },
      "22": { "start": { "line": 23, "column": 0 }, "end": { "line": 23, "column": 19 } },
      "23": { "start": { "line": 24, "column": 0 }, "end": { "line": 24, "column": 34 } },
      "24": { "start": { "line": 25, "column": 0 }, "end": { "line": 25, "column": 12 } },
      "25": { "start": { "line": 26, "column": 0 }, "end": { "line": 26, "column": 12 } },
      "26": { "start": { "line": 27, "column": 0 }, "end": { "line": 27, "column": 13 } },
      "27": { "start": { "line": 28, "column": 0 }, "end": { "line": 28, "column": 23 } },
      "28": { "start": { "line": 29, "column": 0 }, "end": { "line": 29, "column": 19 } },
      "29": { "start": { "line": 30, "column": 0 }, "end": { "line": 30, "column": 41 } },
      "30": { "start": { "line": 31, "column": 0 }, "end": { "line": 31, "column": 42 } },
      "31": { "start": { "line": 32, "column": 0 }, "end": { "line": 32, "column": 7 } },
      "32": { "start": { "line": 33, "column": 0 }, "end": { "line": 33, "column": 33 } },
      "33": { "start": { "line": 34, "column": 0 }, "end": { "line": 34, "column": 15 } },
      "34": { "start": { "line": 35, "column": 0 }, "end": { "line": 35, "column": 10 } },
      "35": { "start": { "line": 36, "column": 0 }, "end": { "line": 36, "column": 4 } },
      "36": { "start": { "line": 37, "column": 0 }, "end": { "line": 37, "column": 1 } }
    },
    "s": {
      "0": 1,
      "1": 1,
      "2": 1,
      "3": 1,
      "4": 1,
      "5": 7,
      "6": 7,
      "7": 7,
      "8": 6,
      "9": 6,
      "10": 6,
      "11": 6,
      "12": 6,
      "13": 6,
      "14": 6,
      "15": 6,
      "16": 6,
      "17": 6,
      "18": 6,
      "19": 6,
      "20": 6,
      "21": 6,
      "22": 6,
      "23": 6,
      "24": 6,
      "25": 6,
      "26": 6,
      "27": 6,
      "28": 6,
      "29": 6,
      "30": 6,
      "31": 6,
      "32": 6,
      "33": 6,
      "34": 6,
      "35": 6,
      "36": 6
    },
    "branchMap": {
      "0": {
        "type": "branch",
        "line": 5,
        "loc": { "start": { "line": 5, "column": 7 }, "end": { "line": 37, "column": 1 } },
        "locations": [{ "start": { "line": 5, "column": 7 }, "end": { "line": 37, "column": 1 } }]
      },
      "1": {
        "type": "branch",
        "line": 8,
        "loc": { "start": { "line": 8, "column": 17 }, "end": { "line": 8, "column": 29 } },
        "locations": [{ "start": { "line": 8, "column": 17 }, "end": { "line": 8, "column": 29 } }]
      },
      "2": {
        "type": "branch",
        "line": 8,
        "loc": { "start": { "line": 8, "column": 24 }, "end": { "line": 37, "column": 1 } },
        "locations": [{ "start": { "line": 8, "column": 24 }, "end": { "line": 37, "column": 1 } }]
      },
      "3": {
        "type": "branch",
        "line": 31,
        "loc": { "start": { "line": 31, "column": 17 }, "end": { "line": 31, "column": 42 } },
        "locations": [
          { "start": { "line": 31, "column": 17 }, "end": { "line": 31, "column": 42 } }
        ]
      }
    },
    "b": { "0": [7], "1": [1], "2": [6], "3": [1] },
    "fnMap": {
      "0": {
        "name": "PatreonBanner",
        "decl": { "start": { "line": 5, "column": 7 }, "end": { "line": 37, "column": 1 } },
        "loc": { "start": { "line": 5, "column": 7 }, "end": { "line": 37, "column": 1 } },
        "line": 5
      },
      "1": {
        "name": "onClick",
        "decl": { "start": { "line": 31, "column": 17 }, "end": { "line": 31, "column": 42 } },
        "loc": { "start": { "line": 31, "column": 17 }, "end": { "line": 31, "column": 42 } },
        "line": 31
      }
    },
    "f": { "0": 7, "1": 1 }
  },
  "/Users/marcosmith/Documents/GitHub/pretoria-prepaid/src/components/PurchaseCalculator.tsx": {
    "path": "/Users/marcosmith/Documents/GitHub/pretoria-prepaid/src/components/PurchaseCalculator.tsx",
    "all": false,
    "statementMap": {
      "0": { "start": { "line": 1, "column": 0 }, "end": { "line": 1, "column": 53 } },
      "1": { "start": { "line": 2, "column": 0 }, "end": { "line": 2, "column": 97 } },
      "2": { "start": { "line": 3, "column": 0 }, "end": { "line": 3, "column": 46 } },
      "3": { "start": { "line": 4, "column": 0 }, "end": { "line": 4, "column": 46 } },
      "4": { "start": { "line": 5, "column": 0 }, "end": { "line": 5, "column": 48 } },
      "5": { "start": { "line": 6, "column": 0 }, "end": { "line": 6, "column": 8 } },
      "6": { "start": { "line": 7, "column": 0 }, "end": { "line": 7, "column": 16 } },
      "7": { "start": { "line": 8, "column": 0 }, "end": { "line": 8, "column": 17 } },
      "8": { "start": { "line": 9, "column": 0 }, "end": { "line": 9, "column": 18 } },
      "9": { "start": { "line": 10, "column": 0 }, "end": { "line": 10, "column": 20 } },
      "10": { "start": { "line": 11, "column": 0 }, "end": { "line": 11, "column": 13 } },
      "11": { "start": { "line": 12, "column": 0 }, "end": { "line": 12, "column": 27 } },
      "12": { "start": { "line": 13, "column": 0 }, "end": { "line": 13, "column": 59 } },
      "13": { "start": { "line": 14, "column": 0 }, "end": { "line": 14, "column": 35 } },
      "14": { "start": { "line": 15, "column": 0 }, "end": { "line": 15, "column": 29 } },
      "15": { "start": { "line": 16, "column": 0 }, "end": { "line": 16, "column": 30 } },
      "16": { "start": { "line": 17, "column": 0 }, "end": { "line": 17, "column": 26 } },
      "17": { "start": { "line": 18, "column": 0 }, "end": { "line": 18, "column": 59 } },
      "18": { "start": { "line": 19, "column": 0 }, "end": { "line": 19, "column": 1 } },
      "19": { "start": { "line": 20, "column": 0 }, "end": { "line": 20, "column": 36 } },
      "20": { "start": { "line": 21, "column": 0 }, "end": { "line": 21, "column": 21 } },
      "21": { "start": { "line": 22, "column": 0 }, "end": { "line": 22, "column": 22 } },
      "22": { "start": { "line": 23, "column": 0 }, "end": { "line": 23, "column": 18 } },
      "23": { "start": { "line": 24, "column": 0 }, "end": { "line": 24, "column": 17 } },
      "24": { "start": { "line": 25, "column": 0 }, "end": { "line": 25, "column": 29 } },
      "25": { "start": { "line": 26, "column": 0 }, "end": { "line": 26, "column": 40 } },
      "26": { "start": { "line": 27, "column": 0 }, "end": { "line": 27, "column": 44 } },
      "27": { "start": { "line": 28, "column": 0 }, "end": { "line": 28, "column": 65 } },
      "28": { "start": { "line": 29, "column": 0 }, "end": { "line": 29, "column": 48 } },
      "29": { "start": { "line": 30, "column": 0 }, "end": { "line": 30, "column": 53 } },
      "30": { "start": { "line": 31, "column": 0 }, "end": { "line": 31, "column": 0 } },
      "31": { "start": { "line": 32, "column": 0 }, "end": { "line": 32, "column": 64 } },
      "32": { "start": { "line": 33, "column": 0 }, "end": { "line": 33, "column": 19 } },
      "33": { "start": { "line": 34, "column": 0 }, "end": { "line": 34, "column": 51 } },
      "34": { "start": { "line": 35, "column": 0 }, "end": { "line": 35, "column": 60 } },
      "35": { "start": { "line": 36, "column": 0 }, "end": { "line": 36, "column": 5 } },
      "36": { "start": { "line": 37, "column": 0 }, "end": { "line": 37, "column": 23 } },
      "37": { "start": { "line": 38, "column": 0 }, "end": { "line": 38, "column": 49 } },
      "38": { "start": { "line": 39, "column": 0 }, "end": { "line": 39, "column": 37 } },
      "39": { "start": { "line": 40, "column": 0 }, "end": { "line": 40, "column": 36 } },
      "40": { "start": { "line": 41, "column": 0 }, "end": { "line": 41, "column": 56 } },
      "41": { "start": { "line": 42, "column": 0 }, "end": { "line": 42, "column": 38 } },
      "42": { "start": { "line": 43, "column": 0 }, "end": { "line": 43, "column": 36 } },
      "43": { "start": { "line": 44, "column": 0 }, "end": { "line": 44, "column": 40 } },
      "44": { "start": { "line": 45, "column": 0 }, "end": { "line": 45, "column": 51 } },
      "45": { "start": { "line": 46, "column": 0 }, "end": { "line": 46, "column": 5 } },
      "46": { "start": { "line": 47, "column": 0 }, "end": { "line": 47, "column": 4 } },
      "47": { "start": { "line": 48, "column": 0 }, "end": { "line": 48, "column": 10 } },
      "48": { "start": { "line": 49, "column": 0 }, "end": { "line": 49, "column": 10 } },
      "49": { "start": { "line": 50, "column": 0 }, "end": { "line": 50, "column": 35 } },
      "50": { "start": { "line": 51, "column": 0 }, "end": { "line": 51, "column": 65 } },
      "51": { "start": { "line": 52, "column": 0 }, "end": { "line": 52, "column": 57 } },
      "52": { "start": { "line": 53, "column": 0 }, "end": { "line": 53, "column": 26 } },
      "53": { "start": { "line": 54, "column": 0 }, "end": { "line": 54, "column": 20 } },
      "54": { "start": { "line": 55, "column": 0 }, "end": { "line": 55, "column": 45 } },
      "55": { "start": { "line": 56, "column": 0 }, "end": { "line": 56, "column": 59 } },
      "56": { "start": { "line": 57, "column": 0 }, "end": { "line": 57, "column": 26 } },
      "57": { "start": { "line": 58, "column": 0 }, "end": { "line": 58, "column": 19 } },
      "58": { "start": { "line": 59, "column": 0 }, "end": { "line": 59, "column": 41 } },
      "59": { "start": { "line": 60, "column": 0 }, "end": { "line": 60, "column": 79 } },
      "60": { "start": { "line": 61, "column": 0 }, "end": { "line": 61, "column": 51 } },
      "61": { "start": { "line": 62, "column": 0 }, "end": { "line": 62, "column": 58 } },
      "62": { "start": { "line": 63, "column": 0 }, "end": { "line": 63, "column": 65 } },
      "63": { "start": { "line": 64, "column": 0 }, "end": { "line": 64, "column": 16 } },
      "64": { "start": { "line": 65, "column": 0 }, "end": { "line": 65, "column": 47 } },
      "65": { "start": { "line": 66, "column": 0 }, "end": { "line": 66, "column": 91 } },
      "66": { "start": { "line": 67, "column": 0 }, "end": { "line": 67, "column": 14 } },
      "67": { "start": { "line": 68, "column": 0 }, "end": { "line": 68, "column": 34 } },
      "68": { "start": { "line": 69, "column": 0 }, "end": { "line": 69, "column": 49 } },
      "69": { "start": { "line": 70, "column": 0 }, "end": { "line": 70, "column": 102 } },
      "70": { "start": { "line": 71, "column": 0 }, "end": { "line": 71, "column": 69 } },
      "71": { "start": { "line": 72, "column": 0 }, "end": { "line": 72, "column": 16 } },
      "72": { "start": { "line": 73, "column": 0 }, "end": { "line": 73, "column": 12 } },
      "73": { "start": { "line": 74, "column": 0 }, "end": { "line": 74, "column": 97 } },
      "74": { "start": { "line": 75, "column": 0 }, "end": { "line": 75, "column": 14 } },
      "75": { "start": { "line": 76, "column": 0 }, "end": { "line": 76, "column": 0 } },
      "76": { "start": { "line": 77, "column": 0 }, "end": { "line": 77, "column": 35 } },
      "77": { "start": { "line": 78, "column": 0 }, "end": { "line": 78, "column": 54 } },
      "78": { "start": { "line": 79, "column": 0 }, "end": { "line": 79, "column": 22 } },
      "79": { "start": { "line": 80, "column": 0 }, "end": { "line": 80, "column": 18 } },
      "80": { "start": { "line": 81, "column": 0 }, "end": { "line": 81, "column": 16 } },
      "81": { "start": { "line": 82, "column": 0 }, "end": { "line": 82, "column": 23 } },
      "82": { "start": { "line": 83, "column": 0 }, "end": { "line": 83, "column": 25 } },
      "83": { "start": { "line": 84, "column": 0 }, "end": { "line": 84, "column": 22 } },
      "84": { "start": { "line": 85, "column": 0 }, "end": { "line": 85, "column": 98 } },
      "85": { "start": { "line": 86, "column": 0 }, "end": { "line": 86, "column": 31 } },
      "86": { "start": { "line": 87, "column": 0 }, "end": { "line": 87, "column": 60 } },
      "87": { "start": { "line": 88, "column": 0 }, "end": { "line": 88, "column": 21 } },
      "88": { "start": { "line": 89, "column": 0 }, "end": { "line": 89, "column": 12 } },
      "89": { "start": { "line": 90, "column": 0 }, "end": { "line": 90, "column": 14 } },
      "90": { "start": { "line": 91, "column": 0 }, "end": { "line": 91, "column": 0 } },
      "91": { "start": { "line": 92, "column": 0 }, "end": { "line": 92, "column": 61 } },
      "92": { "start": { "line": 93, "column": 0 }, "end": { "line": 93, "column": 37 } },
      "93": { "start": { "line": 94, "column": 0 }, "end": { "line": 94, "column": 70 } },
      "94": { "start": { "line": 95, "column": 0 }, "end": { "line": 95, "column": 0 } },
      "95": { "start": { "line": 96, "column": 0 }, "end": { "line": 96, "column": 35 } },
      "96": { "start": { "line": 97, "column": 0 }, "end": { "line": 97, "column": 76 } },
      "97": { "start": { "line": 98, "column": 0 }, "end": { "line": 98, "column": 52 } },
      "98": { "start": { "line": 99, "column": 0 }, "end": { "line": 99, "column": 66 } },
      "99": { "start": { "line": 100, "column": 0 }, "end": { "line": 100, "column": 24 } },
[...]
      "90": { "start": { "line": 91, "column": 0 }, "end": { "line": 91, "column": 21 } },
      "91": { "start": { "line": 92, "column": 0 }, "end": { "line": 92, "column": 16 } },
      "92": { "start": { "line": 93, "column": 0 }, "end": { "line": 93, "column": 14 } },
      "93": { "start": { "line": 94, "column": 0 }, "end": { "line": 94, "column": 15 } },
      "94": { "start": { "line": 95, "column": 0 }, "end": { "line": 95, "column": 0 } },
      "95": { "start": { "line": 96, "column": 0 }, "end": { "line": 96, "column": 52 } },
      "96": { "start": { "line": 97, "column": 0 }, "end": { "line": 97, "column": 47 } },
      "97": { "start": { "line": 98, "column": 0 }, "end": { "line": 98, "column": 16 } },
      "98": { "start": { "line": 99, "column": 0 }, "end": { "line": 99, "column": 41 } },
      "99": { "start": { "line": 100, "column": 0 }, "end": { "line": 100, "column": 84 } },
      "100": { "start": { "line": 101, "column": 0 }, "end": { "line": 101, "column": 59 } },
      "101": { "start": { "line": 102, "column": 0 }, "end": { "line": 102, "column": 79 } },
      "102": { "start": { "line": 103, "column": 0 }, "end": { "line": 103, "column": 18 } },
      "103": { "start": { "line": 104, "column": 0 }, "end": { "line": 104, "column": 25 } },
      "104": { "start": { "line": 105, "column": 0 }, "end": { "line": 105, "column": 25 } },
      "105": { "start": { "line": 106, "column": 0 }, "end": { "line": 106, "column": 41 } },
      "106": { "start": { "line": 107, "column": 0 }, "end": { "line": 107, "column": 38 } },
      "107": { "start": { "line": 108, "column": 0 }, "end": { "line": 108, "column": 22 } },
      "108": { "start": { "line": 109, "column": 0 }, "end": { "line": 109, "column": 34 } },
      "109": { "start": { "line": 110, "column": 0 }, "end": { "line": 110, "column": 124 } },
      "110": { "start": { "line": 111, "column": 0 }, "end": { "line": 111, "column": 19 } },
      "111": { "start": { "line": 112, "column": 0 }, "end": { "line": 112, "column": 44 } },
      "112": { "start": { "line": 113, "column": 0 }, "end": { "line": 113, "column": 78 } },
      "113": { "start": { "line": 114, "column": 0 }, "end": { "line": 114, "column": 67 } },
      "114": { "start": { "line": 115, "column": 0 }, "end": { "line": 115, "column": 68 } },
      "115": { "start": { "line": 116, "column": 0 }, "end": { "line": 116, "column": 26 } },
      "116": { "start": { "line": 117, "column": 0 }, "end": { "line": 117, "column": 26 } },
      "117": { "start": { "line": 118, "column": 0 }, "end": { "line": 118, "column": 0 } },
      "118": { "start": { "line": 119, "column": 0 }, "end": { "line": 119, "column": 47 } },
      "119": { "start": { "line": 120, "column": 0 }, "end": { "line": 120, "column": 63 } },
      "120": { "start": { "line": 121, "column": 0 }, "end": { "line": 121, "column": 30 } },
      "121": { "start": { "line": 122, "column": 0 }, "end": { "line": 122, "column": 39 } },
      "122": { "start": { "line": 123, "column": 0 }, "end": { "line": 123, "column": 40 } },
      "123": { "start": { "line": 124, "column": 0 }, "end": { "line": 124, "column": 43 } },
      "124": { "start": { "line": 125, "column": 0 }, "end": { "line": 125, "column": 72 } },
      "125": { "start": { "line": 126, "column": 0 }, "end": { "line": 126, "column": 54 } },
      "126": { "start": { "line": 127, "column": 0 }, "end": { "line": 127, "column": 26 } },
      "127": { "start": { "line": 128, "column": 0 }, "end": { "line": 128, "column": 31 } },
      "128": { "start": { "line": 129, "column": 0 }, "end": { "line": 129, "column": 35 } },
      "129": { "start": { "line": 130, "column": 0 }, "end": { "line": 130, "column": 41 } },
      "130": { "start": { "line": 131, "column": 0 }, "end": { "line": 131, "column": 62 } },
      "131": { "start": { "line": 132, "column": 0 }, "end": { "line": 132, "column": 43 } },
      "132": { "start": { "line": 133, "column": 0 }, "end": { "line": 133, "column": 25 } },
      "133": { "start": { "line": 134, "column": 0 }, "end": { "line": 134, "column": 37 } },
      "134": { "start": { "line": 135, "column": 0 }, "end": { "line": 135, "column": 72 } },
      "135": { "start": { "line": 136, "column": 0 }, "end": { "line": 136, "column": 31 } },
      "136": { "start": { "line": 137, "column": 0 }, "end": { "line": 137, "column": 57 } },
      "137": { "start": { "line": 138, "column": 0 }, "end": { "line": 138, "column": 28 } },
      "138": { "start": { "line": 139, "column": 0 }, "end": { "line": 139, "column": 33 } },
      "139": { "start": { "line": 140, "column": 0 }, "end": { "line": 140, "column": 81 } },
      "140": { "start": { "line": 141, "column": 0 }, "end": { "line": 141, "column": 51 } },
      "141": { "start": { "line": 142, "column": 0 }, "end": { "line": 142, "column": 33 } },
      "142": { "start": { "line": 143, "column": 0 }, "end": { "line": 143, "column": 28 } },
      "143": { "start": { "line": 144, "column": 0 }, "end": { "line": 144, "column": 25 } },
      "144": { "start": { "line": 145, "column": 0 }, "end": { "line": 145, "column": 63 } },
      "145": { "start": { "line": 146, "column": 0 }, "end": { "line": 146, "column": 100 } },
      "146": { "start": { "line": 147, "column": 0 }, "end": { "line": 147, "column": 37 } },
      "147": { "start": { "line": 148, "column": 0 }, "end": { "line": 148, "column": 33 } },
      "148": { "start": { "line": 149, "column": 0 }, "end": { "line": 149, "column": 37 } },
      "149": { "start": { "line": 150, "column": 0 }, "end": { "line": 150, "column": 43 } },
      "150": { "start": { "line": 151, "column": 0 }, "end": { "line": 151, "column": 75 } },
      "151": { "start": { "line": 152, "column": 0 }, "end": { "line": 152, "column": 58 } },
      "152": { "start": { "line": 153, "column": 0 }, "end": { "line": 153, "column": 27 } },
      "153": { "start": { "line": 154, "column": 0 }, "end": { "line": 154, "column": 58 } },
      "154": { "start": { "line": 155, "column": 0 }, "end": { "line": 155, "column": 35 } },
      "155": { "start": { "line": 156, "column": 0 }, "end": { "line": 156, "column": 26 } },
      "156": { "start": { "line": 157, "column": 0 }, "end": { "line": 157, "column": 28 } },
      "157": { "start": { "line": 158, "column": 0 }, "end": { "line": 158, "column": 22 } },
      "158": { "start": { "line": 159, "column": 0 }, "end": { "line": 159, "column": 24 } },
      "159": { "start": { "line": 160, "column": 0 }, "end": { "line": 160, "column": 19 } },
      "160": { "start": { "line": 161, "column": 0 }, "end": { "line": 161, "column": 20 } },
      "161": { "start": { "line": 162, "column": 0 }, "end": { "line": 162, "column": 0 } },
      "162": { "start": { "line": 163, "column": 0 }, "end": { "line": 163, "column": 28 } },
      "163": { "start": { "line": 164, "column": 0 }, "end": { "line": 164, "column": 78 } },
      "164": { "start": { "line": 165, "column": 0 }, "end": { "line": 165, "column": 67 } },
      "165": { "start": { "line": 166, "column": 0 }, "end": { "line": 166, "column": 20 } },
      "166": { "start": { "line": 167, "column": 0 }, "end": { "line": 167, "column": 16 } },
      "167": { "start": { "line": 168, "column": 0 }, "end": { "line": 168, "column": 26 } },
      "168": { "start": { "line": 169, "column": 0 }, "end": { "line": 169, "column": 17 } },
      "169": { "start": { "line": 170, "column": 0 }, "end": { "line": 170, "column": 14 } },
      "170": { "start": { "line": 171, "column": 0 }, "end": { "line": 171, "column": 13 } },
      "171": { "start": { "line": 172, "column": 0 }, "end": { "line": 172, "column": 10 } },
      "172": { "start": { "line": 173, "column": 0 }, "end": { "line": 173, "column": 4 } },
      "173": { "start": { "line": 174, "column": 0 }, "end": { "line": 174, "column": 1 } }
    },
    "s": {
      "0": 1,
      "1": 1,
      "2": 1,
      "3": 1,
      "4": 1,
      "5": 1,
      "6": 1,
      "7": 1,
      "8": 1,
      "9": 1,
      "10": 1,
      "11": 1,
      "12": 1,
      "13": 13,
      "14": 13,
      "15": 13,
      "16": 13,
      "17": 13,
      "18": 13,
      "19": 13,
      "20": 13,
      "21": 13,
      "22": 13,
      "23": 1,
      "24": 1,
      "25": 1,
      "26": 13,
      "27": 1,
      "28": 1,
      "29": 1,
      "30": 1,
      "31": 1,
      "32": 1,
      "33": 1,
      "34": 1,
      "35": 1,
      "36": 13,
      "37": 0,
      "38": 0,
      "39": 0,
      "40": 12,
      "41": 2,
      "42": 2,
      "43": 2,
      "44": 12,
      "45": 1,
      "46": 1,
      "47": 1,
      "48": 12,
      "49": 1,
      "50": 1,
      "51": 0,
      "52": 0,
      "53": 0,
      "54": 0,
      "55": 0,
      "56": 0,
      "57": 0,
      "58": 1,
      "59": 1,
      "60": 1,
      "61": 1,
      "62": 0,
      "63": 0,
      "64": 0,
      "65": 0,
      "66": 0,
      "67": 1,
      "68": 1,
      "69": 1,
      "70": 1,
      "71": 1,
      "72": 1,
      "73": 1,
      "74": 1,
      "75": 12,
      "76": 12,
      "77": 12,
      "78": 12,
      "79": 12,
      "80": 12,
      "81": 12,
      "82": 12,
      "83": 12,
      "84": 12,
      "85": 12,
      "86": 13,
      "87": 13,
      "88": 13,
      "89": 13,
      "90": 13,
      "91": 13,
      "92": 13,
      "93": 13,
      "94": 13,
      "95": 13,
      "96": 13,
      "97": 13,
      "98": 13,
      "99": 13,
      "100": 13,
      "101": 13,
      "102": 13,
      "103": 13,
      "104": 13,
      "105": 13,
      "106": 13,
      "107": 10,
      "108": 10,
      "109": 10,
      "110": 10,
      "111": 10,
      "112": 10,
      "113": 10,
      "114": 10,
      "115": 10,
      "116": 10,
      "117": 10,
      "118": 10,
      "119": 4,
      "120": 4,
      "121": 4,
      "122": 4,
      "123": 4,
      "124": 4,
      "125": 4,
      "126": 4,
      "127": 4,
      "128": 4,
      "129": 4,
      "130": 4,
      "131": 4,
      "132": 4,
      "133": 4,
      "134": 1,
      "135": 3,
      "136": 3,
      "137": 4,
      "138": 4,
      "139": 4,
      "140": 4,
      "141": 4,
      "142": 4,
      "143": 6,
      "144": 6,
      "145": 6,
      "146": 6,
      "147": 5,
      "148": 5,
      "149": 5,
      "150": 5,
      "151": 5,
      "152": 5,
      "153": 5,
      "154": 5,
      "155": 6,
      "156": 6,
      "157": 10,
      "158": 10,
      "159": 13,
      "160": 13,
      "161": 13,
      "162": 13,
      "163": 3,
      "164": 3,
      "165": 3,
      "166": 13,
      "167": 13,
      "168": 13,
      "169": 13,
      "170": 13,
      "171": 13,
      "172": 13,
      "173": 13
    },
    "branchMap": {
      "0": {
        "type": "branch",
        "line": 14,
        "loc": { "start": { "line": 14, "column": 0 }, "end": { "line": 174, "column": 1 } },
        "locations": [{ "start": { "line": 14, "column": 0 }, "end": { "line": 174, "column": 1 } }]
      },
      "1": {
        "type": "branch",
        "line": 27,
        "loc": { "start": { "line": 27, "column": 21 }, "end": { "line": 27, "column": 50 } },
        "locations": [
          { "start": { "line": 27, "column": 21 }, "end": { "line": 27, "column": 50 } }
        ]
      },
      "2": {
        "type": "branch",
        "line": 27,
        "loc": { "start": { "line": 27, "column": 50 }, "end": { "line": 36, "column": 3 } },
        "locations": [{ "start": { "line": 27, "column": 50 }, "end": { "line": 36, "column": 3 } }]
      },
      "3": {
        "type": "branch",
        "line": 36,
        "loc": { "start": { "line": 36, "column": 2 }, "end": { "line": 37, "column": 13 } },
        "locations": [{ "start": { "line": 36, "column": 2 }, "end": { "line": 37, "column": 13 } }]
      },
      "4": {
        "type": "branch",
        "line": 37,
        "loc": { "start": { "line": 37, "column": 13 }, "end": { "line": 40, "column": 3 } },
        "locations": [{ "start": { "line": 37, "column": 13 }, "end": { "line": 40, "column": 3 } }]
      },
      "5": {
        "type": "branch",
        "line": 40,
        "loc": { "start": { "line": 40, "column": 2 }, "end": { "line": 87, "column": 41 } },
        "locations": [{ "start": { "line": 40, "column": 2 }, "end": { "line": 87, "column": 41 } }]
      },
      "6": {
        "type": "branch",
        "line": 87,
        "loc": { "start": { "line": 87, "column": 20 }, "end": { "line": 87, "column": 54 } },
        "locations": [
          { "start": { "line": 87, "column": 20 }, "end": { "line": 87, "column": 54 } }
        ]
      },
      "7": {
        "type": "branch",
        "line": 163,
        "loc": { "start": { "line": 163, "column": 16 }, "end": { "line": 166, "column": 20 } },
        "locations": [
          { "start": { "line": 163, "column": 16 }, "end": { "line": 166, "column": 20 } }
        ]
      },
      "8": {
        "type": "branch",
        "line": 23,
        "loc": { "start": { "line": 23, "column": 24 }, "end": { "line": 26, "column": 4 } },
        "locations": [{ "start": { "line": 23, "column": 24 }, "end": { "line": 26, "column": 4 } }]
      },
      "9": {
        "type": "branch",
        "line": 41,
        "loc": { "start": { "line": 41, "column": 21 }, "end": { "line": 44, "column": 4 } },
        "locations": [{ "start": { "line": 41, "column": 21 }, "end": { "line": 44, "column": 4 } }]
      },
      "10": {
        "type": "branch",
        "line": 45,
        "loc": { "start": { "line": 45, "column": 23 }, "end": { "line": 48, "column": 4 } },
        "locations": [{ "start": { "line": 45, "column": 23 }, "end": { "line": 48, "column": 4 } }]
      },
      "11": {
        "type": "branch",
        "line": 49,
        "loc": { "start": { "line": 49, "column": 21 }, "end": { "line": 75, "column": 4 } },
        "locations": [{ "start": { "line": 49, "column": 21 }, "end": { "line": 75, "column": 4 } }]
      },
      "12": {
        "type": "branch",
        "line": 51,
        "loc": { "start": { "line": 51, "column": 40 }, "end": { "line": 58, "column": 5 } },
        "locations": [{ "start": { "line": 51, "column": 40 }, "end": { "line": 58, "column": 5 } }]
      },
      "13": {
        "type": "branch",
        "line": 62,
        "loc": { "start": { "line": 62, "column": 15 }, "end": { "line": 68, "column": 11 } },
        "locations": [
          { "start": { "line": 62, "column": 15 }, "end": { "line": 68, "column": 11 } }
        ]
      },
      "14": {
        "type": "branch",
        "line": 107,
        "loc": { "start": { "line": 107, "column": 27 }, "end": { "line": 159, "column": 24 } },
        "locations": [
          { "start": { "line": 107, "column": 27 }, "end": { "line": 159, "column": 24 } }
        ]
      },
      "15": {
        "type": "branch",
        "line": 115,
        "loc": { "start": { "line": 115, "column": 47 }, "end": { "line": 115, "column": 64 } },
        "locations": [
          { "start": { "line": 115, "column": 47 }, "end": { "line": 115, "column": 64 } }
        ]
      },
      "16": {
        "type": "branch",
        "line": 119,
        "loc": { "start": { "line": 119, "column": 40 }, "end": { "line": 143, "column": 28 } },
        "locations": [
          { "start": { "line": 119, "column": 40 }, "end": { "line": 143, "column": 28 } }
        ]
      },
      "17": {
        "type": "branch",
        "line": 134,
        "loc": { "start": { "line": 134, "column": 27 }, "end": { "line": 135, "column": 72 } },
        "locations": [
          { "start": { "line": 134, "column": 27 }, "end": { "line": 135, "column": 72 } }
        ]
      },
      "18": {
        "type": "branch",
        "line": 135,
        "loc": { "start": { "line": 135, "column": 70 }, "end": { "line": 137, "column": 57 } },
        "locations": [
          { "start": { "line": 135, "column": 70 }, "end": { "line": 137, "column": 57 } }
        ]
      },
      "19": {
        "type": "branch",
        "line": 143,
        "loc": { "start": { "line": 143, "column": 22 }, "end": { "line": 157, "column": 28 } },
        "locations": [
          { "start": { "line": 143, "column": 22 }, "end": { "line": 157, "column": 28 } }
        ]
      },
      "20": {
        "type": "branch",
        "line": 147,
        "loc": { "start": { "line": 147, "column": 25 }, "end": { "line": 155, "column": 35 } },
        "locations": [
          { "start": { "line": 147, "column": 25 }, "end": { "line": 155, "column": 35 } }
        ]
      },
      "21": {
        "type": "branch",
        "line": 125,
        "loc": { "start": { "line": 125, "column": 36 }, "end": { "line": 125, "column": 72 } },
        "locations": [
          { "start": { "line": 125, "column": 36 }, "end": { "line": 125, "column": 72 } }
        ]
      },
      "22": {
        "type": "branch",
        "line": 131,
        "loc": { "start": { "line": 131, "column": 35 }, "end": { "line": 131, "column": 62 } },
        "locations": [
          { "start": { "line": 131, "column": 35 }, "end": { "line": 131, "column": 62 } }
        ]
      },
      "23": {
        "type": "branch",
        "line": 151,
        "loc": { "start": { "line": 151, "column": 37 }, "end": { "line": 151, "column": 75 } },
        "locations": [
          { "start": { "line": 151, "column": 37 }, "end": { "line": 151, "column": 75 } }
        ]
      }
    },
    "b": {
      "0": [13],
      "1": [12],
      "2": [1],
      "3": [12],
      "4": [0],
      "5": [12],
      "6": [0],
      "7": [3],
      "8": [1],
      "9": [2],
      "10": [1],
      "11": [1],
      "12": [0],
      "13": [0],
      "14": [10],
      "15": [0],
      "16": [4],
      "17": [1],
      "18": [3],
      "19": [6],
      "20": [5],
      "21": [1],
      "22": [1],
      "23": [2]
    },
    "fnMap": {
      "0": {
        "name": "Rates",
        "decl": { "start": { "line": 14, "column": 0 }, "end": { "line": 174, "column": 1 } },
        "loc": { "start": { "line": 14, "column": 0 }, "end": { "line": 174, "column": 1 } },
        "line": 14
      },
      "1": {
        "name": "handleSignOut",
        "decl": { "start": { "line": 23, "column": 24 }, "end": { "line": 26, "column": 4 } },
        "loc": { "start": { "line": 23, "column": 24 }, "end": { "line": 26, "column": 4 } },
        "line": 23
      },
      "2": {
        "name": "handleEdit",
        "decl": { "start": { "line": 41, "column": 21 }, "end": { "line": 44, "column": 4 } },
        "loc": { "start": { "line": 41, "column": 21 }, "end": { "line": 44, "column": 4 } },
        "line": 41
      },
      "3": {
        "name": "handleCancel",
        "decl": { "start": { "line": 45, "column": 23 }, "end": { "line": 48, "column": 4 } },
        "loc": { "start": { "line": 45, "column": 23 }, "end": { "line": 48, "column": 4 } },
        "line": 45
      },
      "4": {
        "name": "handleSave",
        "decl": { "start": { "line": 49, "column": 21 }, "end": { "line": 75, "column": 4 } },
        "loc": { "start": { "line": 49, "column": 21 }, "end": { "line": 75, "column": 4 } },
        "line": 49
      },
      "5": {
        "name": "onChange",
        "decl": { "start": { "line": 125, "column": 36 }, "end": { "line": 125, "column": 72 } },
        "loc": { "start": { "line": 125, "column": 36 }, "end": { "line": 125, "column": 72 } },
        "line": 125
      },
      "6": {
        "name": "onClick",
        "decl": { "start": { "line": 131, "column": 35 }, "end": { "line": 131, "column": 62 } },
        "loc": { "start": { "line": 131, "column": 35 }, "end": { "line": 131, "column": 62 } },
        "line": 131
      },
      "7": {
        "name": "onClick",
        "decl": { "start": { "line": 151, "column": 37 }, "end": { "line": 151, "column": 75 } },
        "loc": { "start": { "line": 151, "column": 37 }, "end": { "line": 151, "column": 75 } },
        "line": 151
      }
    },
    "f": { "0": 13, "1": 1, "2": 2, "3": 1, "4": 1, "5": 1, "6": 1, "7": 2 }
  }
}
