{
  "/Users/marcosmith/Documents/GitHub/pretoria-prepaid/src/components/AddPurchaseForm.tsx": {
    "path": "/Users/marcosmith/Documents/GitHub/pretoria-prepaid/src/components/AddPurchaseForm.tsx",
    "all": true,
    "statementMap": {
      "0": { "start": { "line": 1, "column": 0 }, "end": { "line": 1, "column": 44 } },
      "1": { "start": { "line": 2, "column": 0 }, "end": { "line": 2, "column": 80 } },
      "2": { "start": { "line": 3, "column": 0 }, "end": { "line": 3, "column": 48 } },
      "3": { "start": { "line": 4, "column": 0 }, "end": { "line": 4, "column": 46 } },
      "4": { "start": { "line": 5, "column": 0 }, "end": { "line": 5, "column": 46 } },
      "5": { "start": { "line": 6, "column": 0 }, "end": { "line": 6, "column": 92 } },
      "6": { "start": { "line": 7, "column": 0 }, "end": { "line": 7, "column": 36 } },
      "7": { "start": { "line": 8, "column": 0 }, "end": { "line": 8, "column": 31 } },
      "8": { "start": { "line": 9, "column": 0 }, "end": { "line": 9, "column": 0 } },
      "9": { "start": { "line": 10, "column": 0 }, "end": { "line": 10, "column": 32 } },
      "10": { "start": { "line": 11, "column": 0 }, "end": { "line": 11, "column": 29 } },
      "11": { "start": { "line": 12, "column": 0 }, "end": { "line": 12, "column": 67 } },
      "12": { "start": { "line": 13, "column": 0 }, "end": { "line": 13, "column": 25 } },
      "13": { "start": { "line": 14, "column": 0 }, "end": { "line": 14, "column": 24 } },
      "14": { "start": { "line": 15, "column": 0 }, "end": { "line": 15, "column": 1 } },
      "15": { "start": { "line": 16, "column": 0 }, "end": { "line": 16, "column": 0 } },
      "16": { "start": { "line": 17, "column": 0 }, "end": { "line": 17, "column": 33 } },
      "17": { "start": { "line": 18, "column": 0 }, "end": { "line": 18, "column": 21 } },
      "18": { "start": { "line": 19, "column": 0 }, "end": { "line": 19, "column": 8 } },
      "19": { "start": { "line": 20, "column": 0 }, "end": { "line": 20, "column": 16 } },
      "20": { "start": { "line": 21, "column": 0 }, "end": { "line": 21, "column": 15 } },
      "21": { "start": { "line": 22, "column": 0 }, "end": { "line": 22, "column": 26 } },
      "22": { "start": { "line": 23, "column": 0 }, "end": { "line": 23, "column": 51 } },
      "23": { "start": { "line": 24, "column": 0 }, "end": { "line": 24, "column": 57 } },
      "24": { "start": { "line": 25, "column": 0 }, "end": { "line": 25, "column": 75 } },
      "25": { "start": { "line": 26, "column": 0 }, "end": { "line": 26, "column": 0 } },
      "26": { "start": { "line": 27, "column": 0 }, "end": { "line": 27, "column": 34 } },
      "27": { "start": { "line": 28, "column": 0 }, "end": { "line": 28, "column": 19 } },
      "28": { "start": { "line": 29, "column": 0 }, "end": { "line": 29, "column": 45 } },
      "29": { "start": { "line": 30, "column": 0 }, "end": { "line": 30, "column": 61 } },
      "30": { "start": { "line": 31, "column": 0 }, "end": { "line": 31, "column": 5 } },
      "31": { "start": { "line": 32, "column": 0 }, "end": { "line": 32, "column": 43 } },
      "32": { "start": { "line": 33, "column": 0 }, "end": { "line": 33, "column": 60 } },
      "33": { "start": { "line": 34, "column": 0 }, "end": { "line": 34, "column": 5 } },
      "34": { "start": { "line": 35, "column": 0 }, "end": { "line": 35, "column": 36 } },
      "35": { "start": { "line": 36, "column": 0 }, "end": { "line": 36, "column": 0 } },
      "36": { "start": { "line": 37, "column": 0 }, "end": { "line": 37, "column": 48 } },
      "37": { "start": { "line": 38, "column": 0 }, "end": { "line": 38, "column": 50 } },
      "38": { "start": { "line": 39, "column": 0 }, "end": { "line": 39, "column": 64 } },
      "39": { "start": { "line": 40, "column": 0 }, "end": { "line": 40, "column": 66 } },
      "40": { "start": { "line": 41, "column": 0 }, "end": { "line": 41, "column": 0 } },
      "41": { "start": { "line": 42, "column": 0 }, "end": { "line": 42, "column": 48 } },
      "42": { "start": { "line": 43, "column": 0 }, "end": { "line": 43, "column": 23 } },
      "43": { "start": { "line": 44, "column": 0 }, "end": { "line": 44, "column": 25 } },
      "44": { "start": { "line": 45, "column": 0 }, "end": { "line": 45, "column": 54 } },
      "45": { "start": { "line": 46, "column": 0 }, "end": { "line": 46, "column": 13 } },
      "46": { "start": { "line": 47, "column": 0 }, "end": { "line": 47, "column": 5 } },
      "47": { "start": { "line": 48, "column": 0 }, "end": { "line": 48, "column": 24 } },
      "48": { "start": { "line": 49, "column": 0 }, "end": { "line": 49, "column": 51 } },
      "49": { "start": { "line": 50, "column": 0 }, "end": { "line": 50, "column": 13 } },
      "50": { "start": { "line": 51, "column": 0 }, "end": { "line": 51, "column": 5 } },
      "51": { "start": { "line": 52, "column": 0 }, "end": { "line": 52, "column": 37 } },
      "52": { "start": { "line": 53, "column": 0 }, "end": { "line": 53, "column": 22 } },
      "53": { "start": { "line": 54, "column": 0 }, "end": { "line": 54, "column": 25 } },
      "54": { "start": { "line": 55, "column": 0 }, "end": { "line": 55, "column": 88 } },
      "55": { "start": { "line": 56, "column": 0 }, "end": { "line": 56, "column": 4 } },
      "56": { "start": { "line": 57, "column": 0 }, "end": { "line": 57, "column": 0 } },
      "57": { "start": { "line": 58, "column": 0 }, "end": { "line": 58, "column": 10 } },
      "58": { "start": { "line": 59, "column": 0 }, "end": { "line": 59, "column": 10 } },
      "59": { "start": { "line": 60, "column": 0 }, "end": { "line": 60, "column": 35 } },
      "60": { "start": { "line": 61, "column": 0 }, "end": { "line": 61, "column": 63 } },
      "61": { "start": { "line": 62, "column": 0 }, "end": { "line": 62, "column": 51 } },
      "62": { "start": { "line": 63, "column": 0 }, "end": { "line": 63, "column": 25 } },
      "63": { "start": { "line": 64, "column": 0 }, "end": { "line": 64, "column": 20 } },
      "64": { "start": { "line": 65, "column": 0 }, "end": { "line": 65, "column": 19 } },
      "65": { "start": { "line": 66, "column": 0 }, "end": { "line": 66, "column": 19 } },
      "66": { "start": { "line": 67, "column": 0 }, "end": { "line": 67, "column": 60 } },
      "67": { "start": { "line": 68, "column": 0 }, "end": { "line": 68, "column": 50 } },
      "68": { "start": { "line": 69, "column": 0 }, "end": { "line": 69, "column": 39 } },
      "69": { "start": { "line": 70, "column": 0 }, "end": { "line": 70, "column": 58 } },
      "70": { "start": { "line": 71, "column": 0 }, "end": { "line": 71, "column": 31 } },
      "71": { "start": { "line": 72, "column": 0 }, "end": { "line": 72, "column": 22 } },
      "72": { "start": { "line": 73, "column": 0 }, "end": { "line": 73, "column": 20 } },
      "73": { "start": { "line": 74, "column": 0 }, "end": { "line": 74, "column": 27 } },
      "74": { "start": { "line": 75, "column": 0 }, "end": { "line": 75, "column": 29 } },
      "75": { "start": { "line": 76, "column": 0 }, "end": { "line": 76, "column": 38 } },
      "76": { "start": { "line": 77, "column": 0 }, "end": { "line": 77, "column": 34 } },
      "77": { "start": { "line": 78, "column": 0 }, "end": { "line": 78, "column": 63 } },
      "78": { "start": { "line": 79, "column": 0 }, "end": { "line": 79, "column": 26 } },
      "79": { "start": { "line": 80, "column": 0 }, "end": { "line": 80, "column": 27 } },
      "80": { "start": { "line": 81, "column": 0 }, "end": { "line": 81, "column": 39 } },
      "81": { "start": { "line": 82, "column": 0 }, "end": { "line": 82, "column": 16 } },
      "82": { "start": { "line": 83, "column": 0 }, "end": { "line": 83, "column": 18 } },
      "83": { "start": { "line": 84, "column": 0 }, "end": { "line": 84, "column": 39 } },
      "84": { "start": { "line": 85, "column": 0 }, "end": { "line": 85, "column": 57 } },
      "85": { "start": { "line": 86, "column": 0 }, "end": { "line": 86, "column": 28 } },
      "86": { "start": { "line": 87, "column": 0 }, "end": { "line": 87, "column": 22 } },
      "87": { "start": { "line": 88, "column": 0 }, "end": { "line": 88, "column": 20 } },
      "88": { "start": { "line": 89, "column": 0 }, "end": { "line": 89, "column": 26 } },
      "89": { "start": { "line": 90, "column": 0 }, "end": { "line": 90, "column": 29 } },
      "90": { "start": { "line": 91, "column": 0 }, "end": { "line": 91, "column": 40 } },
      "91": { "start": { "line": 92, "column": 0 }, "end": { "line": 92, "column": 37 } },
      "92": { "start": { "line": 93, "column": 0 }, "end": { "line": 93, "column": 66 } },
      "93": { "start": { "line": 94, "column": 0 }, "end": { "line": 94, "column": 25 } },
      "94": { "start": { "line": 95, "column": 0 }, "end": { "line": 95, "column": 26 } },
      "95": { "start": { "line": 96, "column": 0 }, "end": { "line": 96, "column": 39 } },
      "96": { "start": { "line": 97, "column": 0 }, "end": { "line": 97, "column": 16 } },
      "97": { "start": { "line": 98, "column": 0 }, "end": { "line": 98, "column": 18 } },
      "98": { "start": { "line": 99, "column": 0 }, "end": { "line": 99, "column": 16 } },
      "99": { "start": { "line": 100, "column": 0 }, "end": { "line": 100, "column": 0 } },
      "100": { "start": { "line": 101, "column": 0 }, "end": { "line": 101, "column": 37 } },
      "101": { "start": { "line": 102, "column": 0 }, "end": { "line": 102, "column": 54 } },
      "102": { "start": { "line": 103, "column": 0 }, "end": { "line": 103, "column": 18 } },
      "103": { "start": { "line": 104, "column": 0 }, "end": { "line": 104, "column": 20 } },
      "104": { "start": { "line": 105, "column": 0 }, "end": { "line": 105, "column": 18 } },
      "105": { "start": { "line": 106, "column": 0 }, "end": { "line": 106, "column": 23 } },
      "106": { "start": { "line": 107, "column": 0 }, "end": { "line": 107, "column": 25 } },
      "107": { "start": { "line": 108, "column": 0 }, "end": { "line": 108, "column": 26 } },
      "108": { "start": { "line": 109, "column": 0 }, "end": { "line": 109, "column": 55 } },
      "109": { "start": { "line": 110, "column": 0 }, "end": { "line": 110, "column": 37 } },
      "110": { "start": { "line": 111, "column": 0 }, "end": { "line": 111, "column": 14 } },
      "111": { "start": { "line": 112, "column": 0 }, "end": { "line": 112, "column": 16 } },
      "112": { "start": { "line": 113, "column": 0 }, "end": { "line": 113, "column": 0 } },
      "113": { "start": { "line": 114, "column": 0 }, "end": { "line": 114, "column": 45 } },
      "114": { "start": { "line": 115, "column": 0 }, "end": { "line": 115, "column": 74 } },
      "115": { "start": { "line": 116, "column": 0 }, "end": { "line": 116, "column": 52 } },
      "116": { "start": { "line": 117, "column": 0 }, "end": { "line": 117, "column": 77 } },
      "117": { "start": { "line": 118, "column": 0 }, "end": { "line": 118, "column": 88 } },
      "118": { "start": { "line": 119, "column": 0 }, "end": { "line": 119, "column": 20 } },
      "119": { "start": { "line": 120, "column": 0 }, "end": { "line": 120, "column": 52 } },
      "120": { "start": { "line": 121, "column": 0 }, "end": { "line": 121, "column": 75 } },
      "121": { "start": { "line": 122, "column": 0 }, "end": { "line": 122, "column": 66 } },
      "122": { "start": { "line": 123, "column": 0 }, "end": { "line": 123, "column": 20 } },
      "123": { "start": { "line": 124, "column": 0 }, "end": { "line": 124, "column": 18 } },
      "124": { "start": { "line": 125, "column": 0 }, "end": { "line": 125, "column": 12 } },
      "125": { "start": { "line": 126, "column": 0 }, "end": { "line": 126, "column": 0 } },
      "126": { "start": { "line": 127, "column": 0 }, "end": { "line": 127, "column": 17 } },
      "127": { "start": { "line": 128, "column": 0 }, "end": { "line": 128, "column": 25 } },
      "128": { "start": { "line": 129, "column": 0 }, "end": { "line": 129, "column": 42 } },
      "129": { "start": { "line": 130, "column": 0 }, "end": { "line": 130, "column": 54 } },
      "130": { "start": { "line": 131, "column": 0 }, "end": { "line": 131, "column": 11 } },
      "131": { "start": { "line": 132, "column": 0 }, "end": { "line": 132, "column": 24 } },
      "132": { "start": { "line": 133, "column": 0 }, "end": { "line": 133, "column": 19 } },
      "133": { "start": { "line": 134, "column": 0 }, "end": { "line": 134, "column": 15 } },
      "134": { "start": { "line": 135, "column": 0 }, "end": { "line": 135, "column": 20 } },
      "135": { "start": { "line": 136, "column": 0 }, "end": { "line": 136, "column": 11 } },
      "136": { "start": { "line": 137, "column": 0 }, "end": { "line": 137, "column": 4 } },
      "137": { "start": { "line": 138, "column": 0 }, "end": { "line": 138, "column": 1 } }
    },
    "s": {
      "0": 0,
      "1": 0,
      "2": 0,
      "3": 0,
      "4": 0,
      "5": 0,
      "6": 0,
      "7": 0,
      "8": 0,
      "9": 0,
      "10": 0,
      "11": 0,
      "12": 0,
      "13": 0,
      "14": 0,
      "15": 0,
      "16": 0,
      "17": 0,
      "18": 0,
      "19": 0,
      "20": 0,
      "21": 0,
      "22": 0,
      "23": 0,
      "24": 0,
      "25": 0,
      "26": 0,
      "27": 0,
      "28": 0,
      "29": 0,
      "30": 0,
      "31": 0,
      "32": 0,
      "33": 0,
      "34": 0,
      "35": 0,
      "36": 0,
      "37": 0,
      "38": 0,
      "39": 0,
      "40": 0,
      "41": 0,
      "42": 0,
      "43": 0,
      "44": 0,
      "45": 0,
      "46": 0,
      "47": 0,
      "48": 0,
      "49": 0,
      "50": 0,
      "51": 0,
      "52": 0,
      "53": 0,
      "54": 0,
      "55": 0,
      "56": 0,
      "57": 0,
      "58": 0,
      "59": 0,
      "60": 0,
      "61": 0,
      "62": 0,
      "63": 0,
      "64": 0,
      "65": 0,
      "66": 0,
      "67": 0,
      "68": 0,
      "69": 0,
      "70": 0,
      "71": 0,
      "72": 0,
      "73": 0,
      "74": 0,
      "75": 0,
      "76": 0,
      "77": 0,
      "78": 0,
      "79": 0,
      "80": 0,
      "81": 0,
      "82": 0,
      "83": 0,
      "84": 0,
      "85": 0,
      "86": 0,
      "87": 0,
      "88": 0,
      "89": 0,
      "90": 0,
      "91": 0,
      "92": 0,
      "93": 0,
      "94": 0,
      "95": 0,
      "96": 0,
      "97": 0,
      "98": 0,
      "99": 0,
      "100": 0,
      "101": 0,
      "102": 0,
      "103": 0,
      "104": 0,
      "105": 0,
      "106": 0,
      "107": 0,
      "108": 0,
      "109": 0,
      "110": 0,
      "111": 0,
      "112": 0,
      "113": 0,
      "114": 0,
      "115": 0,
      "116": 0,
      "117": 0,
      "118": 0,
      "119": 0,
      "120": 0,
      "121": 0,
      "122": 0,
      "123": 0,
      "124": 0,
      "125": 0,
      "126": 0,
      "127": 0,
      "128": 0,
      "129": 0,
      "130": 0,
      "131": 0,
      "132": 0,
      "133": 0,
      "134": 0,
      "135": 0,
      "136": 0,
      "137": 0
    },
    "branchMap": {
      "0": {
        "type": "branch",
        "line": 1,
        "loc": { "start": { "line": 1, "column": 0 }, "end": { "line": 138, "column": -2070 } },
        "locations": [
          { "start": { "line": 1, "column": 0 }, "end": { "line": 138, "column": -2070 } }
        ]
      }
    },
    "b": { "0": [0] },
    "fnMap": {
      "0": {
        "name": "(empty-report)",
        "decl": { "start": { "line": 1, "column": 0 }, "end": { "line": 138, "column": -2070 } },
        "loc": { "start": { "line": 1, "column": 0 }, "end": { "line": 138, "column": -2070 } },
        "line": 1
      }
    },
    "f": { "0": 0 }
  },
  "/Users/marcosmith/Documents/GitHub/pretoria-prepaid/src/components/DashboardStats.tsx": {
    "path": "/Users/marcosmith/Documents/GitHub/pretoria-prepaid/src/components/DashboardStats.tsx",
    "all": false,
    "statementMap": {
      "0": { "start": { "line": 1, "column": 0 }, "end": { "line": 1, "column": 47 } },
      "1": { "start": { "line": 2, "column": 0 }, "end": { "line": 2, "column": 57 } },
      "2": { "start": { "line": 3, "column": 0 }, "end": { "line": 3, "column": 63 } },
      "3": { "start": { "line": 4, "column": 0 }, "end": { "line": 4, "column": 48 } },
      "4": { "start": { "line": 5, "column": 0 }, "end": { "line": 5, "column": 0 } },
      "5": { "start": { "line": 6, "column": 0 }, "end": { "line": 6, "column": 31 } },
      "6": { "start": { "line": 7, "column": 0 }, "end": { "line": 7, "column": 25 } },
      "7": { "start": { "line": 8, "column": 0 }, "end": { "line": 8, "column": 24 } },
      "8": { "start": { "line": 9, "column": 0 }, "end": { "line": 9, "column": 30 } },
      "9": { "start": { "line": 10, "column": 0 }, "end": { "line": 10, "column": 23 } },
      "10": { "start": { "line": 11, "column": 0 }, "end": { "line": 11, "column": 29 } },
      "11": { "start": { "line": 12, "column": 0 }, "end": { "line": 12, "column": 1 } },
      "12": { "start": { "line": 13, "column": 0 }, "end": { "line": 13, "column": 0 } },
      "13": { "start": { "line": 14, "column": 0 }, "end": { "line": 14, "column": 32 } },
      "14": { "start": { "line": 15, "column": 0 }, "end": { "line": 15, "column": 17 } },
      "15": { "start": { "line": 16, "column": 0 }, "end": { "line": 16, "column": 16 } },
      "16": { "start": { "line": 17, "column": 0 }, "end": { "line": 17, "column": 22 } },
      "17": { "start": { "line": 18, "column": 0 }, "end": { "line": 18, "column": 15 } },
      "18": { "start": { "line": 19, "column": 0 }, "end": { "line": 19, "column": 21 } },
      "19": { "start": { "line": 20, "column": 0 }, "end": { "line": 20, "column": 25 } },
      "20": { "start": { "line": 21, "column": 0 }, "end": { "line": 21, "column": 33 } },
      "21": { "start": { "line": 22, "column": 0 }, "end": { "line": 22, "column": 0 } },
      "22": { "start": { "line": 23, "column": 0 }, "end": { "line": 23, "column": 17 } },
      "23": { "start": { "line": 24, "column": 0 }, "end": { "line": 24, "column": 5 } },
      "24": { "start": { "line": 25, "column": 0 }, "end": { "line": 25, "column": 26 } },
      "25": { "start": { "line": 26, "column": 0 }, "end": { "line": 26, "column": 49 } },
      "26": { "start": { "line": 27, "column": 0 }, "end": { "line": 27, "column": 46 } },
      "27": { "start": { "line": 28, "column": 0 }, "end": { "line": 28, "column": 6 } },
      "28": { "start": { "line": 29, "column": 0 }, "end": { "line": 29, "column": 5 } },
      "29": { "start": { "line": 30, "column": 0 }, "end": { "line": 30, "column": 29 } },
      "30": { "start": { "line": 31, "column": 0 }, "end": { "line": 31, "column": 57 } },
      "31": { "start": { "line": 32, "column": 0 }, "end": { "line": 32, "column": 54 } },
      "32": { "start": { "line": 33, "column": 0 }, "end": { "line": 33, "column": 6 } },
      "33": { "start": { "line": 34, "column": 0 }, "end": { "line": 34, "column": 5 } },
      "34": { "start": { "line": 35, "column": 0 }, "end": { "line": 35, "column": 29 } },
      "35": { "start": { "line": 36, "column": 0 }, "end": { "line": 36, "column": 56 } },
      "36": { "start": { "line": 37, "column": 0 }, "end": { "line": 37, "column": 41 } },
      "37": { "start": { "line": 38, "column": 0 }, "end": { "line": 38, "column": 6 } },
      "38": { "start": { "line": 39, "column": 0 }, "end": { "line": 39, "column": 4 } },
      "39": { "start": { "line": 40, "column": 0 }, "end": { "line": 40, "column": 0 } },
      "40": { "start": { "line": 41, "column": 0 }, "end": { "line": 41, "column": 23 } },
      "41": { "start": { "line": 42, "column": 0 }, "end": { "line": 42, "column": 5 } },
      "42": { "start": { "line": 43, "column": 0 }, "end": { "line": 43, "column": 26 } },
      "43": { "start": { "line": 44, "column": 0 }, "end": { "line": 44, "column": 23 } },
      "44": { "start": { "line": 45, "column": 0 }, "end": { "line": 45, "column": 45 } },
      "45": { "start": { "line": 46, "column": 0 }, "end": { "line": 46, "column": 6 } },
      "46": { "start": { "line": 47, "column": 0 }, "end": { "line": 47, "column": 5 } },
      "47": { "start": { "line": 48, "column": 0 }, "end": { "line": 48, "column": 22 } },
      "48": { "start": { "line": 49, "column": 0 }, "end": { "line": 49, "column": 17 } },
      "49": { "start": { "line": 50, "column": 0 }, "end": { "line": 50, "column": 42 } },
      "50": { "start": { "line": 51, "column": 0 }, "end": { "line": 51, "column": 6 } },
      "51": { "start": { "line": 52, "column": 0 }, "end": { "line": 52, "column": 4 } },
      "52": { "start": { "line": 53, "column": 0 }, "end": { "line": 53, "column": 0 } },
      "53": { "start": { "line": 54, "column": 0 }, "end": { "line": 54, "column": 10 } },
      "54": { "start": { "line": 55, "column": 0 }, "end": { "line": 55, "column": 31 } },
      "55": { "start": { "line": 56, "column": 0 }, "end": { "line": 56, "column": 46 } },
      "56": { "start": { "line": 57, "column": 0 }, "end": { "line": 57, "column": 30 } },
      "57": { "start": { "line": 58, "column": 0 }, "end": { "line": 58, "column": 33 } },
      "58": { "start": { "line": 59, "column": 0 }, "end": { "line": 59, "column": 41 } },
      "59": { "start": { "line": 60, "column": 0 }, "end": { "line": 60, "column": 43 } },
      "60": { "start": { "line": 61, "column": 0 }, "end": { "line": 61, "column": 90 } },
      "61": { "start": { "line": 62, "column": 0 }, "end": { "line": 62, "column": 74 } },
      "62": { "start": { "line": 63, "column": 0 }, "end": { "line": 63, "column": 93 } },
      "63": { "start": { "line": 64, "column": 0 }, "end": { "line": 64, "column": 20 } },
      "64": { "start": { "line": 65, "column": 0 }, "end": { "line": 65, "column": 26 } },
      "65": { "start": { "line": 66, "column": 0 }, "end": { "line": 66, "column": 17 } },
      "66": { "start": { "line": 67, "column": 0 }, "end": { "line": 67, "column": 11 } },
      "67": { "start": { "line": 68, "column": 0 }, "end": { "line": 68, "column": 12 } },
      "68": { "start": { "line": 69, "column": 0 }, "end": { "line": 69, "column": 46 } },
      "69": { "start": { "line": 70, "column": 0 }, "end": { "line": 70, "column": 38 } },
      "70": { "start": { "line": 71, "column": 0 }, "end": { "line": 71, "column": 15 } },
      "71": { "start": { "line": 72, "column": 0 }, "end": { "line": 72, "column": 30 } },
      "72": { "start": { "line": 73, "column": 0 }, "end": { "line": 73, "column": 74 } },
      "73": { "start": { "line": 74, "column": 0 }, "end": { "line": 74, "column": 36 } },
      "74": { "start": { "line": 75, "column": 0 }, "end": { "line": 75, "column": 11 } },
      "75": { "start": { "line": 76, "column": 0 }, "end": { "line": 76, "column": 80 } },
      "76": { "start": { "line": 77, "column": 0 }, "end": { "line": 77, "column": 62 } },
      "77": { "start": { "line": 78, "column": 0 }, "end": { "line": 78, "column": 73 } },
      "78": { "start": { "line": 79, "column": 0 }, "end": { "line": 79, "column": 26 } },
      "79": { "start": { "line": 80, "column": 0 }, "end": { "line": 80, "column": 17 } },
      "80": { "start": { "line": 81, "column": 0 }, "end": { "line": 81, "column": 11 } },
      "81": { "start": { "line": 82, "column": 0 }, "end": { "line": 82, "column": 12 } },
      "82": { "start": { "line": 83, "column": 0 }, "end": { "line": 83, "column": 10 } },
      "83": { "start": { "line": 84, "column": 0 }, "end": { "line": 84, "column": 4 } },
      "84": { "start": { "line": 85, "column": 0 }, "end": { "line": 85, "column": 1 } }
    },
    "s": {
      "0": 1,
      "1": 1,
      "2": 1,
      "3": 1,
      "4": 1,
      "5": 1,
      "6": 1,
      "7": 1,
      "8": 1,
      "9": 1,
      "10": 1,
      "11": 1,
      "12": 1,
      "13": 1,
      "14": 1,
      "15": 1,
      "16": 1,
      "17": 1,
      "18": 1,
      "19": 1,
      "20": 1,
      "21": 1,
      "22": 1,
      "23": 1,
      "24": 1,
      "25": 1,
      "26": 1,
      "27": 1,
      "28": 1,
      "29": 1,
      "30": 1,
      "31": 1,
      "32": 1,
      "33": 1,
      "34": 1,
      "35": 1,
      "36": 1,
      "37": 1,
      "38": 1,
      "39": 1,
      "40": 1,
      "41": 1,
      "42": 1,
      "43": 1,
      "44": 1,
      "45": 1,
      "46": 1,
      "47": 1,
      "48": 1,
      "49": 1,
      "50": 1,
      "51": 1,
      "52": 1,
      "53": 1,
      "54": 1,
      "55": 1,
      "56": 1,
      "57": 3,
      "58": 3,
      "59": 3,
      "60": 3,
      "61": 3,
      "62": 3,
      "63": 3,
      "64": 3,
      "65": 3,
      "66": 1,
      "67": 1,
      "68": 1,
      "69": 1,
      "70": 2,
      "71": 2,
      "72": 2,
      "73": 2,
      "74": 2,
      "75": 2,
      "76": 2,
      "77": 2,
      "78": 2,
      "79": 2,
      "80": 1,
      "81": 1,
      "82": 1,
      "83": 1,
      "84": 1
    },
    "branchMap": {
      "0": {
        "type": "branch",
        "line": 14,
        "loc": { "start": { "line": 14, "column": 7 }, "end": { "line": 85, "column": 1 } },
        "locations": [{ "start": { "line": 14, "column": 7 }, "end": { "line": 85, "column": 1 } }]
      },
      "1": {
        "type": "branch",
        "line": 57,
        "loc": { "start": { "line": 57, "column": 19 }, "end": { "line": 66, "column": 17 } },
        "locations": [
          { "start": { "line": 57, "column": 19 }, "end": { "line": 66, "column": 17 } }
        ]
      },
      "2": {
        "type": "branch",
        "line": 70,
        "loc": { "start": { "line": 70, "column": 25 }, "end": { "line": 80, "column": 17 } },
        "locations": [
          { "start": { "line": 70, "column": 25 }, "end": { "line": 80, "column": 17 } }
        ]
      }
    },
    "b": { "0": [1], "1": [3], "2": [2] },
    "fnMap": {
      "0": {
        "name": "DashboardStats",
        "decl": { "start": { "line": 14, "column": 7 }, "end": { "line": 85, "column": 1 } },
        "loc": { "start": { "line": 14, "column": 7 }, "end": { "line": 85, "column": 1 } },
        "line": 14
      },
      "1": {
        "name": "onClick",
        "decl": { "start": { "line": 45, "column": 15 }, "end": { "line": 45, "column": 45 } },
        "loc": { "start": { "line": 45, "column": 15 }, "end": { "line": 45, "column": 45 } },
        "line": 45
      },
      "2": {
        "name": "onClick",
        "decl": { "start": { "line": 50, "column": 15 }, "end": { "line": 50, "column": 42 } },
        "loc": { "start": { "line": 50, "column": 15 }, "end": { "line": 50, "column": 42 } },
        "line": 50
      }
    },
    "f": { "0": 1, "1": 0, "2": 0 }
  },
  "/Users/marcosmith/Documents/GitHub/pretoria-prepaid/src/components/MonthlyStats.tsx": {
    "path": "/Users/marcosmith/Documents/GitHub/pretoria-prepaid/src/components/MonthlyStats.tsx",
    "all": false,
    "statementMap": {
      "0": { "start": { "line": 1, "column": 0 }, "end": { "line": 1, "column": 80 } },
      "1": { "start": { "line": 2, "column": 0 }, "end": { "line": 2, "column": 8 } },
      "2": { "start": { "line": 3, "column": 0 }, "end": { "line": 3, "column": 17 } },
      "3": { "start": { "line": 4, "column": 0 }, "end": { "line": 4, "column": 15 } },
      "4": { "start": { "line": 5, "column": 0 }, "end": { "line": 5, "column": 27 } },
      "5": { "start": { "line": 6, "column": 0 }, "end": { "line": 6, "column": 18 } },
      "6": { "start": { "line": 7, "column": 0 }, "end": { "line": 7, "column": 20 } },
      "7": { "start": { "line": 8, "column": 0 }, "end": { "line": 8, "column": 18 } },
      "8": { "start": { "line": 9, "column": 0 }, "end": { "line": 9, "column": 13 } },
      "9": { "start": { "line": 10, "column": 0 }, "end": { "line": 10, "column": 27 } },
      "10": { "start": { "line": 11, "column": 0 }, "end": { "line": 11, "column": 41 } },
      "11": { "start": { "line": 12, "column": 0 }, "end": { "line": 12, "column": 57 } },
      "12": { "start": { "line": 13, "column": 0 }, "end": { "line": 13, "column": 0 } },
      "13": { "start": { "line": 14, "column": 0 }, "end": { "line": 14, "column": 29 } },
      "14": { "start": { "line": 15, "column": 0 }, "end": { "line": 15, "column": 77 } },
      "15": { "start": { "line": 16, "column": 0 }, "end": { "line": 16, "column": 23 } },
      "16": { "start": { "line": 17, "column": 0 }, "end": { "line": 17, "column": 1 } },
      "17": { "start": { "line": 18, "column": 0 }, "end": { "line": 18, "column": 0 } },
      "18": { "start": { "line": 19, "column": 0 }, "end": { "line": 19, "column": 74 } },
      "19": { "start": { "line": 20, "column": 0 }, "end": { "line": 20, "column": 27 } },
      "20": { "start": { "line": 21, "column": 0 }, "end": { "line": 21, "column": 12 } },
      "21": { "start": { "line": 22, "column": 0 }, "end": { "line": 22, "column": 12 } },
      "22": { "start": { "line": 23, "column": 0 }, "end": { "line": 23, "column": 37 } },
      "23": { "start": { "line": 24, "column": 0 }, "end": { "line": 24, "column": 65 } },
      "24": { "start": { "line": 25, "column": 0 }, "end": { "line": 25, "column": 58 } },
      "25": { "start": { "line": 26, "column": 0 }, "end": { "line": 26, "column": 25 } },
      "26": { "start": { "line": 27, "column": 0 }, "end": { "line": 27, "column": 22 } },
      "27": { "start": { "line": 28, "column": 0 }, "end": { "line": 28, "column": 21 } },
      "28": { "start": { "line": 29, "column": 0 }, "end": { "line": 29, "column": 21 } },
      "29": { "start": { "line": 30, "column": 0 }, "end": { "line": 30, "column": 72 } },
      "30": { "start": { "line": 31, "column": 0 }, "end": { "line": 31, "column": 42 } },
      "31": { "start": { "line": 32, "column": 0 }, "end": { "line": 32, "column": 14 } },
      "32": { "start": { "line": 33, "column": 0 }, "end": { "line": 33, "column": 22 } },
      "33": { "start": { "line": 34, "column": 0 }, "end": { "line": 34, "column": 13 } },
      "34": { "start": { "line": 35, "column": 0 }, "end": { "line": 35, "column": 6 } },
      "35": { "start": { "line": 36, "column": 0 }, "end": { "line": 36, "column": 3 } },
      "36": { "start": { "line": 37, "column": 0 }, "end": { "line": 37, "column": 0 } },
      "37": { "start": { "line": 38, "column": 0 }, "end": { "line": 38, "column": 58 } },
      "38": { "start": { "line": 39, "column": 0 }, "end": { "line": 39, "column": 41 } },
      "39": { "start": { "line": 40, "column": 0 }, "end": { "line": 40, "column": 0 } },
      "40": { "start": { "line": 41, "column": 0 }, "end": { "line": 41, "column": 10 } },
      "41": { "start": { "line": 42, "column": 0 }, "end": { "line": 42, "column": 10 } },
      "42": { "start": { "line": 43, "column": 0 }, "end": { "line": 43, "column": 35 } },
      "43": { "start": { "line": 44, "column": 0 }, "end": { "line": 44, "column": 63 } },
      "44": { "start": { "line": 45, "column": 0 }, "end": { "line": 45, "column": 56 } },
      "45": { "start": { "line": 46, "column": 0 }, "end": { "line": 46, "column": 23 } },
      "46": { "start": { "line": 47, "column": 0 }, "end": { "line": 47, "column": 20 } },
      "47": { "start": { "line": 48, "column": 0 }, "end": { "line": 48, "column": 19 } },
      "48": { "start": { "line": 49, "column": 0 }, "end": { "line": 49, "column": 19 } },
      "49": { "start": { "line": 50, "column": 0 }, "end": { "line": 50, "column": 47 } },
      "50": { "start": { "line": 51, "column": 0 }, "end": { "line": 51, "column": 37 } },
      "51": { "start": { "line": 52, "column": 0 }, "end": { "line": 52, "column": 34 } },
      "52": { "start": { "line": 53, "column": 0 }, "end": { "line": 53, "column": 73 } },
      "53": { "start": { "line": 54, "column": 0 }, "end": { "line": 54, "column": 63 } },
      "54": { "start": { "line": 55, "column": 0 }, "end": { "line": 55, "column": 65 } },
      "55": { "start": { "line": 56, "column": 0 }, "end": { "line": 56, "column": 63 } },
      "56": { "start": { "line": 57, "column": 0 }, "end": { "line": 57, "column": 0 } },
      "57": { "start": { "line": 58, "column": 0 }, "end": { "line": 58, "column": 22 } },
      "58": { "start": { "line": 59, "column": 0 }, "end": { "line": 59, "column": 62 } },
      "59": { "start": { "line": 60, "column": 0 }, "end": { "line": 60, "column": 64 } },
      "60": { "start": { "line": 61, "column": 0 }, "end": { "line": 61, "column": 50 } },
      "61": { "start": { "line": 62, "column": 0 }, "end": { "line": 62, "column": 48 } },
      "62": { "start": { "line": 63, "column": 0 }, "end": { "line": 63, "column": 42 } },
      "63": { "start": { "line": 64, "column": 0 }, "end": { "line": 64, "column": 97 } },
      "64": { "start": { "line": 65, "column": 0 }, "end": { "line": 65, "column": 24 } },
      "65": { "start": { "line": 66, "column": 0 }, "end": { "line": 66, "column": 27 } },
      "66": { "start": { "line": 67, "column": 0 }, "end": { "line": 67, "column": 60 } },
      "67": { "start": { "line": 68, "column": 0 }, "end": { "line": 68, "column": 80 } },
      "68": { "start": { "line": 69, "column": 0 }, "end": { "line": 69, "column": 63 } },
      "69": { "start": { "line": 70, "column": 0 }, "end": { "line": 70, "column": 29 } },
      "70": { "start": { "line": 71, "column": 0 }, "end": { "line": 71, "column": 100 } },
      "71": { "start": { "line": 72, "column": 0 }, "end": { "line": 72, "column": 25 } },
      "72": { "start": { "line": 73, "column": 0 }, "end": { "line": 73, "column": 54 } },
      "73": { "start": { "line": 74, "column": 0 }, "end": { "line": 74, "column": 31 } },
      "74": { "start": { "line": 75, "column": 0 }, "end": { "line": 75, "column": 24 } },
      "75": { "start": { "line": 76, "column": 0 }, "end": { "line": 76, "column": 27 } },
      "76": { "start": { "line": 77, "column": 0 }, "end": { "line": 77, "column": 24 } },
      "77": { "start": { "line": 78, "column": 0 }, "end": { "line": 78, "column": 0 } },
      "78": { "start": { "line": 79, "column": 0 }, "end": { "line": 79, "column": 53 } },
      "79": { "start": { "line": 80, "column": 0 }, "end": { "line": 80, "column": 79 } },
      "80": { "start": { "line": 81, "column": 0 }, "end": { "line": 81, "column": 24 } },
      "81": { "start": { "line": 82, "column": 0 }, "end": { "line": 82, "column": 74 } },
      "82": { "start": { "line": 83, "column": 0 }, "end": { "line": 83, "column": 57 } },
      "83": { "start": { "line": 84, "column": 0 }, "end": { "line": 84, "column": 21 } },
      "84": { "start": { "line": 85, "column": 0 }, "end": { "line": 85, "column": 52 } },
      "85": { "start": { "line": 86, "column": 0 }, "end": { "line": 86, "column": 77 } },
      "86": { "start": { "line": 87, "column": 0 }, "end": { "line": 87, "column": 32 } },
      "87": { "start": { "line": 88, "column": 0 }, "end": { "line": 88, "column": 30 } },
      "88": { "start": { "line": 89, "column": 0 }, "end": { "line": 89, "column": 43 } },
      "89": { "start": { "line": 90, "column": 0 }, "end": { "line": 90, "column": 110 } },
      "90": { "start": { "line": 91, "column": 0 }, "end": { "line": 91, "column": 65 } },
      "91": { "start": { "line": 92, "column": 0 }, "end": { "line": 92, "column": 28 } },
      "92": { "start": { "line": 93, "column": 0 }, "end": { "line": 93, "column": 26 } },
      "93": { "start": { "line": 94, "column": 0 }, "end": { "line": 94, "column": 25 } },
      "94": { "start": { "line": 95, "column": 0 }, "end": { "line": 95, "column": 26 } },
      "95": { "start": { "line": 96, "column": 0 }, "end": { "line": 96, "column": 24 } },
      "96": { "start": { "line": 97, "column": 0 }, "end": { "line": 97, "column": 0 } },
      "97": { "start": { "line": 98, "column": 0 }, "end": { "line": 98, "column": 45 } },
      "98": { "start": { "line": 99, "column": 0 }, "end": { "line": 99, "column": 94 } },
      "99": { "start": { "line": 100, "column": 0 }, "end": { "line": 100, "column": 57 } },
      "100": { "start": { "line": 101, "column": 0 }, "end": { "line": 101, "column": 44 } },
      "101": { "start": { "line": 102, "column": 0 }, "end": { "line": 102, "column": 29 } },
      "102": { "start": { "line": 103, "column": 0 }, "end": { "line": 103, "column": 117 } },
      "103": { "start": { "line": 104, "column": 0 }, "end": { "line": 104, "column": 25 } },
      "104": { "start": { "line": 105, "column": 0 }, "end": { "line": 105, "column": 50 } },
      "105": { "start": { "line": 106, "column": 0 }, "end": { "line": 106, "column": 31 } },
      "106": { "start": { "line": 107, "column": 0 }, "end": { "line": 107, "column": 50 } },
      "107": { "start": { "line": 108, "column": 0 }, "end": { "line": 108, "column": 77 } },
      "108": { "start": { "line": 109, "column": 0 }, "end": { "line": 109, "column": 29 } },
      "109": { "start": { "line": 110, "column": 0 }, "end": { "line": 110, "column": 23 } },
      "110": { "start": { "line": 111, "column": 0 }, "end": { "line": 111, "column": 46 } },
      "111": { "start": { "line": 112, "column": 0 }, "end": { "line": 112, "column": 80 } },
      "112": { "start": { "line": 113, "column": 0 }, "end": { "line": 113, "column": 27 } },
      "113": { "start": { "line": 114, "column": 0 }, "end": { "line": 114, "column": 24 } },
      "114": { "start": { "line": 115, "column": 0 }, "end": { "line": 115, "column": 22 } },
      "115": { "start": { "line": 116, "column": 0 }, "end": { "line": 116, "column": 16 } },
      "116": { "start": { "line": 117, "column": 0 }, "end": { "line": 117, "column": 15 } },
      "117": { "start": { "line": 118, "column": 0 }, "end": { "line": 118, "column": 16 } },
      "118": { "start": { "line": 119, "column": 0 }, "end": { "line": 119, "column": 21 } },
      "119": { "start": { "line": 120, "column": 0 }, "end": { "line": 120, "column": 20 } },
      "120": { "start": { "line": 121, "column": 0 }, "end": { "line": 121, "column": 11 } },
      "121": { "start": { "line": 122, "column": 0 }, "end": { "line": 122, "column": 4 } },
      "122": { "start": { "line": 123, "column": 0 }, "end": { "line": 123, "column": 1 } }
    },
    "s": {
      "0": 1,
      "1": 1,
      "2": 1,
      "3": 1,
      "4": 1,
      "5": 1,
      "6": 1,
      "7": 1,
      "8": 1,
      "9": 1,
      "10": 1,
      "11": 1,
      "12": 1,
      "13": 1,
      "14": 1,
      "15": 1,
      "16": 1,
      "17": 1,
      "18": 1,
      "19": 2,
      "20": 1,
      "21": 1,
      "22": 1,
      "23": 1,
      "24": 1,
      "25": 1,
      "26": 1,
      "27": 1,
      "28": 1,
      "29": 1,
      "30": 1,
      "31": 1,
      "32": 1,
      "33": 1,
      "34": 1,
      "35": 1,
      "36": 1,
      "37": 1,
      "38": 1,
      "39": 1,
      "40": 1,
      "41": 1,
      "42": 1,
      "43": 1,
      "44": 1,
      "45": 1,
      "46": 1,
      "47": 1,
      "48": 1,
      "49": 1,
      "50": 1,
      "51": 1,
      "52": 2,
      "53": 2,
      "54": 2,
      "55": 2,
      "56": 2,
      "57": 2,
      "58": 2,
      "59": 2,
      "60": 2,
      "61": 2,
      "62": 2,
      "63": 0,
      "64": 2,
      "65": 2,
      "66": 2,
      "67": 2,
      "68": 2,
      "69": 2,
      "70": 2,
      "71": 2,
      "72": 2,
      "73": 2,
      "74": 2,
      "75": 2,
      "76": 2,
      "77": 2,
      "78": 2,
      "79": 2,
      "80": 2,
      "81": 2,
      "82": 2,
      "83": 2,
      "84": 2,
      "85": 3,
      "86": 3,
      "87": 3,
      "88": 3,
      "89": 3,
      "90": 3,
      "91": 3,
      "92": 3,
      "93": 2,
      "94": 2,
      "95": 2,
      "96": 2,
      "97": 2,
      "98": 2,
      "99": 2,
      "100": 3,
      "101": 3,
      "102": 3,
      "103": 3,
      "104": 3,
      "105": 3,
      "106": 3,
      "107": 3,
      "108": 3,
      "109": 2,
      "110": 2,
      "111": 2,
      "112": 2,
      "113": 2,
      "114": 2,
      "115": 2,
      "116": 1,
      "117": 1,
      "118": 1,
      "119": 1,
      "120": 1,
      "121": 1,
      "122": 1
    },
    "branchMap": {
      "0": {
        "type": "branch",
        "line": 19,
        "loc": { "start": { "line": 19, "column": 7 }, "end": { "line": 123, "column": 1 } },
        "locations": [{ "start": { "line": 19, "column": 7 }, "end": { "line": 123, "column": 1 } }]
      },
      "1": {
        "type": "branch",
        "line": 20,
        "loc": { "start": { "line": 20, "column": 26 }, "end": { "line": 123, "column": 1 } },
        "locations": [
          { "start": { "line": 20, "column": 26 }, "end": { "line": 123, "column": 1 } }
        ]
      },
      "2": {
        "type": "branch",
        "line": 38,
        "loc": { "start": { "line": 38, "column": 41 }, "end": { "line": 38, "column": 55 } },
        "locations": [
          { "start": { "line": 38, "column": 41 }, "end": { "line": 38, "column": 55 } }
        ]
      },
      "3": {
        "type": "branch",
        "line": 52,
        "loc": { "start": { "line": 52, "column": 23 }, "end": { "line": 117, "column": 13 } },
        "locations": [
          { "start": { "line": 52, "column": 23 }, "end": { "line": 117, "column": 13 } }
        ]
      },
      "4": {
        "type": "branch",
        "line": 63,
        "loc": { "start": { "line": 63, "column": 23 }, "end": { "line": 64, "column": 97 } },
        "locations": [
          { "start": { "line": 63, "column": 23 }, "end": { "line": 64, "column": 97 } }
        ]
      },
      "5": {
        "type": "branch",
        "line": 71,
        "loc": { "start": { "line": 71, "column": 45 }, "end": { "line": 71, "column": 83 } },
        "locations": [
          { "start": { "line": 71, "column": 45 }, "end": { "line": 71, "column": 83 } }
        ]
      },
      "6": {
        "type": "branch",
        "line": 71,
        "loc": { "start": { "line": 71, "column": 62 }, "end": { "line": 71, "column": 97 } },
        "locations": [
          { "start": { "line": 71, "column": 62 }, "end": { "line": 71, "column": 97 } }
        ]
      },
      "7": {
        "type": "branch",
        "line": 73,
        "loc": { "start": { "line": 73, "column": 27 }, "end": { "line": 73, "column": 50 } },
        "locations": [
          { "start": { "line": 73, "column": 27 }, "end": { "line": 73, "column": 50 } }
        ]
      },
      "8": {
        "type": "branch",
        "line": 73,
        "loc": { "start": { "line": 73, "column": 44 }, "end": { "line": 73, "column": 54 } },
        "locations": [
          { "start": { "line": 73, "column": 44 }, "end": { "line": 73, "column": 54 } }
        ]
      },
      "9": {
        "type": "branch",
        "line": 112,
        "loc": { "start": { "line": 112, "column": 67 }, "end": { "line": 112, "column": 77 } },
        "locations": [
          { "start": { "line": 112, "column": 67 }, "end": { "line": 112, "column": 77 } }
        ]
      },
      "10": {
        "type": "branch",
        "line": 112,
        "loc": { "start": { "line": 112, "column": 71 }, "end": { "line": 112, "column": 80 } },
        "locations": [
          { "start": { "line": 112, "column": 71 }, "end": { "line": 112, "column": 80 } }
        ]
      },
      "11": {
        "type": "branch",
        "line": 85,
        "loc": { "start": { "line": 85, "column": 41 }, "end": { "line": 94, "column": 23 } },
        "locations": [
          { "start": { "line": 85, "column": 41 }, "end": { "line": 94, "column": 23 } }
        ]
      },
      "12": {
        "type": "branch",
        "line": 100,
        "loc": { "start": { "line": 100, "column": 39 }, "end": { "line": 109, "column": 29 } },
        "locations": [
          { "start": { "line": 100, "column": 39 }, "end": { "line": 109, "column": 29 } }
        ]
      },
      "13": {
        "type": "branch",
        "line": 108,
        "loc": { "start": { "line": 108, "column": 56 }, "end": { "line": 108, "column": 77 } },
        "locations": [
          { "start": { "line": 108, "column": 56 }, "end": { "line": 108, "column": 77 } }
        ]
      }
    },
    "b": {
      "0": [2],
      "1": [1],
      "2": [2],
      "3": [2],
      "4": [0],
      "5": [1],
      "6": [1],
      "7": [1],
      "8": [1],
      "9": [1],
      "10": [1],
      "11": [3],
      "12": [3],
      "13": [1]
    },
    "fnMap": {
      "0": {
        "name": "MonthlyStats",
        "decl": { "start": { "line": 19, "column": 7 }, "end": { "line": 123, "column": 1 } },
        "loc": { "start": { "line": 19, "column": 7 }, "end": { "line": 123, "column": 1 } },
        "line": 19
      }
    },
    "f": { "0": 2 }
  },
  "/Users/marcosmith/Documents/GitHub/pretoria-prepaid/src/components/NavLink.tsx": {
    "path": "/Users/marcosmith/Documents/GitHub/pretoria-prepaid/src/components/NavLink.tsx",
    "all": false,
    "statementMap": {
      "0": { "start": { "line": 1, "column": 0 }, "end": { "line": 1, "column": 74 } },
      "1": { "start": { "line": 2, "column": 0 }, "end": { "line": 2, "column": 35 } },
      "2": { "start": { "line": 3, "column": 0 }, "end": { "line": 3, "column": 33 } },
      "3": { "start": { "line": 4, "column": 0 }, "end": { "line": 4, "column": 0 } },
      "4": { "start": { "line": 5, "column": 0 }, "end": { "line": 5, "column": 70 } },
      "5": { "start": { "line": 6, "column": 0 }, "end": { "line": 6, "column": 21 } },
      "6": { "start": { "line": 7, "column": 0 }, "end": { "line": 7, "column": 27 } },
      "7": { "start": { "line": 8, "column": 0 }, "end": { "line": 8, "column": 28 } },
      "8": { "start": { "line": 9, "column": 0 }, "end": { "line": 9, "column": 1 } },
      "9": { "start": { "line": 10, "column": 0 }, "end": { "line": 10, "column": 0 } },
      "10": { "start": { "line": 11, "column": 0 }, "end": { "line": 11, "column": 66 } },
      "11": { "start": { "line": 12, "column": 0 }, "end": { "line": 12, "column": 76 } },
      "12": { "start": { "line": 13, "column": 0 }, "end": { "line": 13, "column": 12 } },
      "13": { "start": { "line": 14, "column": 0 }, "end": { "line": 14, "column": 20 } },
      "14": { "start": { "line": 15, "column": 0 }, "end": { "line": 15, "column": 17 } },
      "15": { "start": { "line": 16, "column": 0 }, "end": { "line": 16, "column": 15 } },
      "16": { "start": { "line": 17, "column": 0 }, "end": { "line": 17, "column": 47 } },
      "17": { "start": { "line": 18, "column": 0 }, "end": { "line": 18, "column": 83 } },
      "18": { "start": { "line": 19, "column": 0 }, "end": { "line": 19, "column": 9 } },
      "19": { "start": { "line": 20, "column": 0 }, "end": { "line": 20, "column": 18 } },
      "20": { "start": { "line": 21, "column": 0 }, "end": { "line": 21, "column": 8 } },
      "21": { "start": { "line": 22, "column": 0 }, "end": { "line": 22, "column": 6 } },
      "22": { "start": { "line": 23, "column": 0 }, "end": { "line": 23, "column": 3 } },
      "23": { "start": { "line": 24, "column": 0 }, "end": { "line": 24, "column": 2 } },
      "24": { "start": { "line": 25, "column": 0 }, "end": { "line": 25, "column": 0 } },
      "25": { "start": { "line": 26, "column": 0 }, "end": { "line": 26, "column": 32 } },
      "26": { "start": { "line": 27, "column": 0 }, "end": { "line": 27, "column": 0 } },
      "27": { "start": { "line": 28, "column": 0 }, "end": { "line": 28, "column": 19 } }
    },
    "s": {
      "0": 1,
      "1": 1,
      "2": 1,
      "3": 1,
      "4": 1,
      "5": 1,
      "6": 1,
      "7": 1,
      "8": 1,
      "9": 1,
      "10": 1,
      "11": 1,
      "12": 1,
      "13": 1,
      "14": 1,
      "15": 1,
      "16": 1,
      "17": 1,
      "18": 1,
      "19": 1,
      "20": 1,
      "21": 1,
      "22": 1,
      "23": 1,
      "24": 1,
      "25": 1,
      "26": 1,
      "27": 1
    },
    "branchMap": {
      "0": {
        "type": "branch",
        "line": 12,
        "loc": { "start": { "line": 12, "column": 2 }, "end": { "line": 23, "column": 3 } },
        "locations": [{ "start": { "line": 12, "column": 2 }, "end": { "line": 23, "column": 3 } }]
      },
      "1": {
        "type": "branch",
        "line": 17,
        "loc": { "start": { "line": 17, "column": 19 }, "end": { "line": 18, "column": 83 } },
        "locations": [
          { "start": { "line": 17, "column": 19 }, "end": { "line": 18, "column": 83 } }
        ]
      },
      "2": {
        "type": "branch",
        "line": 18,
        "loc": { "start": { "line": 18, "column": 53 }, "end": { "line": 18, "column": 82 } },
        "locations": [
          { "start": { "line": 18, "column": 53 }, "end": { "line": 18, "column": 82 } }
        ]
      }
    },
    "b": { "0": [1], "1": [1], "2": [0] },
    "fnMap": {
      "0": {
        "name": "className",
        "decl": { "start": { "line": 17, "column": 19 }, "end": { "line": 18, "column": 83 } },
        "loc": { "start": { "line": 17, "column": 19 }, "end": { "line": 18, "column": 83 } },
        "line": 17
      }
    },
    "f": { "0": 1 }
  },
  "/Users/marcosmith/Documents/GitHub/pretoria-prepaid/src/components/NavMenu.tsx": {
    "path": "/Users/marcosmith/Documents/GitHub/pretoria-prepaid/src/components/NavMenu.tsx",
    "all": true,
    "statementMap": {
      "0": { "start": { "line": 1, "column": 0 }, "end": { "line": 1, "column": 33 } },
      "1": { "start": { "line": 2, "column": 0 }, "end": { "line": 2, "column": 60 } },
      "2": { "start": { "line": 3, "column": 0 }, "end": { "line": 3, "column": 96 } },
      "3": { "start": { "line": 4, "column": 0 }, "end": { "line": 4, "column": 48 } },
      "4": { "start": { "line": 5, "column": 0 }, "end": { "line": 5, "column": 99 } },
      "5": { "start": { "line": 6, "column": 0 }, "end": { "line": 6, "column": 33 } },
      "6": { "start": { "line": 7, "column": 0 }, "end": { "line": 7, "column": 0 } },
      "7": { "start": { "line": 8, "column": 0 }, "end": { "line": 8, "column": 18 } },
      "8": { "start": { "line": 9, "column": 0 }, "end": { "line": 9, "column": 68 } },
      "9": { "start": { "line": 10, "column": 0 }, "end": { "line": 10, "column": 65 } },
      "10": { "start": { "line": 11, "column": 0 }, "end": { "line": 11, "column": 71 } },
      "11": { "start": { "line": 12, "column": 0 }, "end": { "line": 12, "column": 55 } },
      "12": { "start": { "line": 13, "column": 0 }, "end": { "line": 13, "column": 60 } },
      "13": { "start": { "line": 14, "column": 0 }, "end": { "line": 14, "column": 2 } },
      "14": { "start": { "line": 15, "column": 0 }, "end": { "line": 15, "column": 0 } },
      "15": { "start": { "line": 16, "column": 0 }, "end": { "line": 16, "column": 27 } },
      "16": { "start": { "line": 17, "column": 0 }, "end": { "line": 17, "column": 42 } },
      "17": { "start": { "line": 18, "column": 0 }, "end": { "line": 18, "column": 33 } },
      "18": { "start": { "line": 19, "column": 0 }, "end": { "line": 19, "column": 33 } },
      "19": { "start": { "line": 20, "column": 0 }, "end": { "line": 20, "column": 0 } },
      "20": { "start": { "line": 21, "column": 0 }, "end": { "line": 21, "column": 44 } },
      "21": { "start": { "line": 22, "column": 0 }, "end": { "line": 22, "column": 19 } },
      "22": { "start": { "line": 23, "column": 0 }, "end": { "line": 23, "column": 19 } },
      "23": { "start": { "line": 24, "column": 0 }, "end": { "line": 24, "column": 4 } },
      "24": { "start": { "line": 25, "column": 0 }, "end": { "line": 25, "column": 0 } },
      "25": { "start": { "line": 26, "column": 0 }, "end": { "line": 26, "column": 10 } },
      "26": { "start": { "line": 27, "column": 0 }, "end": { "line": 27, "column": 46 } },
      "27": { "start": { "line": 28, "column": 0 }, "end": { "line": 28, "column": 28 } },
      "28": { "start": { "line": 29, "column": 0 }, "end": { "line": 29, "column": 66 } },
      "29": { "start": { "line": 30, "column": 0 }, "end": { "line": 30, "column": 38 } },
      "30": { "start": { "line": 31, "column": 0 }, "end": { "line": 31, "column": 17 } },
      "31": { "start": { "line": 32, "column": 0 }, "end": { "line": 32, "column": 21 } },
      "32": { "start": { "line": 33, "column": 0 }, "end": { "line": 33, "column": 49 } },
      "33": { "start": { "line": 34, "column": 0 }, "end": { "line": 34, "column": 21 } },
      "34": { "start": { "line": 35, "column": 0 }, "end": { "line": 35, "column": 61 } },
      "35": { "start": { "line": 36, "column": 0 }, "end": { "line": 36, "column": 22 } },
      "36": { "start": { "line": 37, "column": 0 }, "end": { "line": 37, "column": 40 } },
      "37": { "start": { "line": 38, "column": 0 }, "end": { "line": 38, "column": 35 } },
      "38": { "start": { "line": 39, "column": 0 }, "end": { "line": 39, "column": 19 } },
      "39": { "start": { "line": 40, "column": 0 }, "end": { "line": 40, "column": 29 } },
      "40": { "start": { "line": 41, "column": 0 }, "end": { "line": 41, "column": 55 } },
      "41": { "start": { "line": 42, "column": 0 }, "end": { "line": 42, "column": 28 } },
      "42": { "start": { "line": 43, "column": 0 }, "end": { "line": 43, "column": 98 } },
      "43": { "start": { "line": 44, "column": 0 }, "end": { "line": 44, "column": 47 } },
      "44": { "start": { "line": 45, "column": 0 }, "end": { "line": 45, "column": 60 } },
      "45": { "start": { "line": 46, "column": 0 }, "end": { "line": 46, "column": 80 } },
      "46": { "start": { "line": 47, "column": 0 }, "end": { "line": 47, "column": 16 } },
      "47": { "start": { "line": 48, "column": 0 }, "end": { "line": 48, "column": 13 } },
      "48": { "start": { "line": 49, "column": 0 }, "end": { "line": 49, "column": 47 } },
      "49": { "start": { "line": 50, "column": 0 }, "end": { "line": 50, "column": 26 } },
      "50": { "start": { "line": 51, "column": 0 }, "end": { "line": 51, "column": 21 } },
      "51": { "start": { "line": 52, "column": 0 }, "end": { "line": 52, "column": 13 } },
      "52": { "start": { "line": 53, "column": 0 }, "end": { "line": 53, "column": 14 } },
      "53": { "start": { "line": 54, "column": 0 }, "end": { "line": 54, "column": 21 } },
      "54": { "start": { "line": 55, "column": 0 }, "end": { "line": 55, "column": 12 } },
      "55": { "start": { "line": 56, "column": 0 }, "end": { "line": 56, "column": 4 } },
      "56": { "start": { "line": 57, "column": 0 }, "end": { "line": 57, "column": 1 } }
    },
    "s": {
      "0": 0,
      "1": 0,
      "2": 0,
      "3": 0,
      "4": 0,
      "5": 0,
      "6": 0,
      "7": 0,
      "8": 0,
      "9": 0,
      "10": 0,
      "11": 0,
      "12": 0,
      "13": 0,
      "14": 0,
      "15": 0,
      "16": 0,
      "17": 0,
      "18": 0,
      "19": 0,
      "20": 0,
      "21": 0,
      "22": 0,
      "23": 0,
      "24": 0,
      "25": 0,
      "26": 0,
      "27": 0,
      "28": 0,
      "29": 0,
      "30": 0,
      "31": 0,
      "32": 0,
      "33": 0,
      "34": 0,
      "35": 0,
      "36": 0,
      "37": 0,
      "38": 0,
      "39": 0,
      "40": 0,
      "41": 0,
      "42": 0,
      "43": 0,
      "44": 0,
      "45": 0,
      "46": 0,
      "47": 0,
      "48": 0,
      "49": 0,
      "50": 0,
      "51": 0,
      "52": 0,
      "53": 0,
      "54": 0,
      "55": 0,
      "56": 0
    },
    "branchMap": {
      "0": {
        "type": "branch",
        "line": 1,
        "loc": { "start": { "line": 1, "column": 0 }, "end": { "line": 57, "column": -923 } },
        "locations": [
          { "start": { "line": 1, "column": 0 }, "end": { "line": 57, "column": -923 } }
        ]
      }
    },
    "b": { "0": [0] },
    "fnMap": {
      "0": {
        "name": "(empty-report)",
        "decl": { "start": { "line": 1, "column": 0 }, "end": { "line": 57, "column": -923 } },
        "loc": { "start": { "line": 1, "column": 0 }, "end": { "line": 57, "column": -923 } },
        "line": 1
      }
    },
    "f": { "0": 0 }
  },
  "/Users/marcosmith/Documents/GitHub/pretoria-prepaid/src/components/PatreonBanner.tsx": {
    "path": "/Users/marcosmith/Documents/GitHub/pretoria-prepaid/src/components/PatreonBanner.tsx",
    "all": false,
    "statementMap": {
      "0": { "start": { "line": 1, "column": 0 }, "end": { "line": 1, "column": 40 } },
      "1": { "start": { "line": 2, "column": 0 }, "end": { "line": 2, "column": 33 } },
      "2": { "start": { "line": 3, "column": 0 }, "end": { "line": 3, "column": 48 } },
      "3": { "start": { "line": 4, "column": 0 }, "end": { "line": 4, "column": 0 } },
      "4": { "start": { "line": 5, "column": 0 }, "end": { "line": 5, "column": 33 } },
      "5": { "start": { "line": 6, "column": 0 }, "end": { "line": 6, "column": 52 } },
      "6": { "start": { "line": 7, "column": 0 }, "end": { "line": 7, "column": 0 } },
      "7": { "start": { "line": 8, "column": 0 }, "end": { "line": 8, "column": 29 } },
      "8": { "start": { "line": 9, "column": 0 }, "end": { "line": 9, "column": 0 } },
      "9": { "start": { "line": 10, "column": 0 }, "end": { "line": 10, "column": 10 } },
      "10": { "start": { "line": 11, "column": 0 }, "end": { "line": 11, "column": 115 } },
      "11": { "start": { "line": 12, "column": 0 }, "end": { "line": 12, "column": 55 } },
      "12": { "start": { "line": 13, "column": 0 }, "end": { "line": 13, "column": 64 } },
      "13": { "start": { "line": 14, "column": 0 }, "end": { "line": 14, "column": 47 } },
      "14": { "start": { "line": 15, "column": 0 }, "end": { "line": 15, "column": 39 } },
      "15": { "start": { "line": 16, "column": 0 }, "end": { "line": 16, "column": 12 } },
      "16": { "start": { "line": 17, "column": 0 }, "end": { "line": 17, "column": 53 } },
      "17": { "start": { "line": 18, "column": 0 }, "end": { "line": 18, "column": 27 } },
      "18": { "start": { "line": 19, "column": 0 }, "end": { "line": 19, "column": 37 } },
      "19": { "start": { "line": 20, "column": 0 }, "end": { "line": 20, "column": 64 } },
      "20": { "start": { "line": 21, "column": 0 }, "end": { "line": 21, "column": 11 } },
      "21": { "start": { "line": 22, "column": 0 }, "end": { "line": 22, "column": 30 } },
      "22": { "start": { "line": 23, "column": 0 }, "end": { "line": 23, "column": 19 } },
      "23": { "start": { "line": 24, "column": 0 }, "end": { "line": 24, "column": 34 } },
      "24": { "start": { "line": 25, "column": 0 }, "end": { "line": 25, "column": 12 } },
      "25": { "start": { "line": 26, "column": 0 }, "end": { "line": 26, "column": 12 } },
      "26": { "start": { "line": 27, "column": 0 }, "end": { "line": 27, "column": 13 } },
      "27": { "start": { "line": 28, "column": 0 }, "end": { "line": 28, "column": 23 } },
      "28": { "start": { "line": 29, "column": 0 }, "end": { "line": 29, "column": 19 } },
      "29": { "start": { "line": 30, "column": 0 }, "end": { "line": 30, "column": 41 } },
      "30": { "start": { "line": 31, "column": 0 }, "end": { "line": 31, "column": 42 } },
      "31": { "start": { "line": 32, "column": 0 }, "end": { "line": 32, "column": 7 } },
      "32": { "start": { "line": 33, "column": 0 }, "end": { "line": 33, "column": 33 } },
      "33": { "start": { "line": 34, "column": 0 }, "end": { "line": 34, "column": 15 } },
      "34": { "start": { "line": 35, "column": 0 }, "end": { "line": 35, "column": 10 } },
      "35": { "start": { "line": 36, "column": 0 }, "end": { "line": 36, "column": 4 } },
      "36": { "start": { "line": 37, "column": 0 }, "end": { "line": 37, "column": 1 } }
    },
    "s": {
      "0": 1,
      "1": 1,
      "2": 1,
      "3": 1,
      "4": 1,
      "5": 3,
      "6": 3,
      "7": 3,
      "8": 2,
      "9": 2,
      "10": 2,
      "11": 2,
      "12": 2,
      "13": 2,
      "14": 2,
      "15": 2,
      "16": 2,
      "17": 2,
      "18": 2,
      "19": 2,
      "20": 2,
      "21": 2,
      "22": 2,
      "23": 2,
      "24": 2,
      "25": 2,
      "26": 2,
      "27": 2,
      "28": 2,
      "29": 2,
      "30": 2,
      "31": 2,
      "32": 2,
      "33": 2,
      "34": 2,
      "35": 2,
      "36": 2
    },
    "branchMap": {
      "0": {
        "type": "branch",
        "line": 5,
        "loc": { "start": { "line": 5, "column": 7 }, "end": { "line": 37, "column": 1 } },
        "locations": [{ "start": { "line": 5, "column": 7 }, "end": { "line": 37, "column": 1 } }]
      },
      "1": {
        "type": "branch",
        "line": 8,
        "loc": { "start": { "line": 8, "column": 17 }, "end": { "line": 8, "column": 29 } },
        "locations": [{ "start": { "line": 8, "column": 17 }, "end": { "line": 8, "column": 29 } }]
      },
      "2": {
        "type": "branch",
        "line": 8,
        "loc": { "start": { "line": 8, "column": 24 }, "end": { "line": 37, "column": 1 } },
        "locations": [{ "start": { "line": 8, "column": 24 }, "end": { "line": 37, "column": 1 } }]
      },
      "3": {
        "type": "branch",
        "line": 31,
        "loc": { "start": { "line": 31, "column": 17 }, "end": { "line": 31, "column": 42 } },
        "locations": [
          { "start": { "line": 31, "column": 17 }, "end": { "line": 31, "column": 42 } }
        ]
      }
    },
    "b": { "0": [3], "1": [1], "2": [2], "3": [1] },
    "fnMap": {
      "0": {
        "name": "PatreonBanner",
        "decl": { "start": { "line": 5, "column": 7 }, "end": { "line": 37, "column": 1 } },
        "loc": { "start": { "line": 5, "column": 7 }, "end": { "line": 37, "column": 1 } },
        "line": 5
      },
      "1": {
        "name": "onClick",
        "decl": { "start": { "line": 31, "column": 17 }, "end": { "line": 31, "column": 42 } },
        "loc": { "start": { "line": 31, "column": 17 }, "end": { "line": 31, "column": 42 } },
        "line": 31
      }
    },
    "f": { "0": 3, "1": 1 }
  },
  "/Users/marcosmith/Documents/GitHub/pretoria-prepaid/src/components/PurchaseCalculator.tsx": {
    "path": "/Users/marcosmith/Documents/GitHub/pretoria-prepaid/src/components/PurchaseCalculator.tsx",
    "all": true,
    "statementMap": {
      "0": { "start": { "line": 1, "column": 0 }, "end": { "line": 1, "column": 53 } },
      "1": { "start": { "line": 2, "column": 0 }, "end": { "line": 2, "column": 97 } },
      "2": { "start": { "line": 3, "column": 0 }, "end": { "line": 3, "column": 46 } },
      "3": { "start": { "line": 4, "column": 0 }, "end": { "line": 4, "column": 46 } },
      "4": { "start": { "line": 5, "column": 0 }, "end": { "line": 5, "column": 48 } },
      "5": { "start": { "line": 6, "column": 0 }, "end": { "line": 6, "column": 8 } },
      "6": { "start": { "line": 7, "column": 0 }, "end": { "line": 7, "column": 16 } },
      "7": { "start": { "line": 8, "column": 0 }, "end": { "line": 8, "column": 17 } },
      "8": { "start": { "line": 9, "column": 0 }, "end": { "line": 9, "column": 18 } },
      "9": { "start": { "line": 10, "column": 0 }, "end": { "line": 10, "column": 20 } },
      "10": { "start": { "line": 11, "column": 0 }, "end": { "line": 11, "column": 13 } },
      "11": { "start": { "line": 12, "column": 0 }, "end": { "line": 12, "column": 27 } },
      "12": { "start": { "line": 13, "column": 0 }, "end": { "line": 13, "column": 59 } },
      "13": { "start": { "line": 14, "column": 0 }, "end": { "line": 14, "column": 35 } },
      "14": { "start": { "line": 15, "column": 0 }, "end": { "line": 15, "column": 29 } },
      "15": { "start": { "line": 16, "column": 0 }, "end": { "line": 16, "column": 30 } },
      "16": { "start": { "line": 17, "column": 0 }, "end": { "line": 17, "column": 26 } },
      "17": { "start": { "line": 18, "column": 0 }, "end": { "line": 18, "column": 59 } },
      "18": { "start": { "line": 19, "column": 0 }, "end": { "line": 19, "column": 1 } },
      "19": { "start": { "line": 20, "column": 0 }, "end": { "line": 20, "column": 36 } },
      "20": { "start": { "line": 21, "column": 0 }, "end": { "line": 21, "column": 21 } },
      "21": { "start": { "line": 22, "column": 0 }, "end": { "line": 22, "column": 22 } },
      "22": { "start": { "line": 23, "column": 0 }, "end": { "line": 23, "column": 18 } },
      "23": { "start": { "line": 24, "column": 0 }, "end": { "line": 24, "column": 17 } },
      "24": { "start": { "line": 25, "column": 0 }, "end": { "line": 25, "column": 29 } },
      "25": { "start": { "line": 26, "column": 0 }, "end": { "line": 26, "column": 40 } },
      "26": { "start": { "line": 27, "column": 0 }, "end": { "line": 27, "column": 44 } },
      "27": { "start": { "line": 28, "column": 0 }, "end": { "line": 28, "column": 65 } },
      "28": { "start": { "line": 29, "column": 0 }, "end": { "line": 29, "column": 48 } },
      "29": { "start": { "line": 30, "column": 0 }, "end": { "line": 30, "column": 53 } },
      "30": { "start": { "line": 31, "column": 0 }, "end": { "line": 31, "column": 0 } },
      "31": { "start": { "line": 32, "column": 0 }, "end": { "line": 32, "column": 64 } },
      "32": { "start": { "line": 33, "column": 0 }, "end": { "line": 33, "column": 19 } },
      "33": { "start": { "line": 34, "column": 0 }, "end": { "line": 34, "column": 51 } },
      "34": { "start": { "line": 35, "column": 0 }, "end": { "line": 35, "column": 60 } },
      "35": { "start": { "line": 36, "column": 0 }, "end": { "line": 36, "column": 5 } },
      "36": { "start": { "line": 37, "column": 0 }, "end": { "line": 37, "column": 23 } },
      "37": { "start": { "line": 38, "column": 0 }, "end": { "line": 38, "column": 49 } },
      "38": { "start": { "line": 39, "column": 0 }, "end": { "line": 39, "column": 37 } },
      "39": { "start": { "line": 40, "column": 0 }, "end": { "line": 40, "column": 36 } },
      "40": { "start": { "line": 41, "column": 0 }, "end": { "line": 41, "column": 56 } },
      "41": { "start": { "line": 42, "column": 0 }, "end": { "line": 42, "column": 38 } },
      "42": { "start": { "line": 43, "column": 0 }, "end": { "line": 43, "column": 36 } },
      "43": { "start": { "line": 44, "column": 0 }, "end": { "line": 44, "column": 40 } },
      "44": { "start": { "line": 45, "column": 0 }, "end": { "line": 45, "column": 51 } },
      "45": { "start": { "line": 46, "column": 0 }, "end": { "line": 46, "column": 5 } },
      "46": { "start": { "line": 47, "column": 0 }, "end": { "line": 47, "column": 4 } },
      "47": { "start": { "line": 48, "column": 0 }, "end": { "line": 48, "column": 10 } },
      "48": { "start": { "line": 49, "column": 0 }, "end": { "line": 49, "column": 10 } },
      "49": { "start": { "line": 50, "column": 0 }, "end": { "line": 50, "column": 35 } },
      "50": { "start": { "line": 51, "column": 0 }, "end": { "line": 51, "column": 65 } },
      "51": { "start": { "line": 52, "column": 0 }, "end": { "line": 52, "column": 57 } },
      "52": { "start": { "line": 53, "column": 0 }, "end": { "line": 53, "column": 26 } },
      "53": { "start": { "line": 54, "column": 0 }, "end": { "line": 54, "column": 20 } },
      "54": { "start": { "line": 55, "column": 0 }, "end": { "line": 55, "column": 45 } },
      "55": { "start": { "line": 56, "column": 0 }, "end": { "line": 56, "column": 59 } },
      "56": { "start": { "line": 57, "column": 0 }, "end": { "line": 57, "column": 26 } },
      "57": { "start": { "line": 58, "column": 0 }, "end": { "line": 58, "column": 19 } },
      "58": { "start": { "line": 59, "column": 0 }, "end": { "line": 59, "column": 41 } },
      "59": { "start": { "line": 60, "column": 0 }, "end": { "line": 60, "column": 79 } },
      "60": { "start": { "line": 61, "column": 0 }, "end": { "line": 61, "column": 51 } },
      "61": { "start": { "line": 62, "column": 0 }, "end": { "line": 62, "column": 58 } },
      "62": { "start": { "line": 63, "column": 0 }, "end": { "line": 63, "column": 65 } },
      "63": { "start": { "line": 64, "column": 0 }, "end": { "line": 64, "column": 16 } },
      "64": { "start": { "line": 65, "column": 0 }, "end": { "line": 65, "column": 47 } },
      "65": { "start": { "line": 66, "column": 0 }, "end": { "line": 66, "column": 91 } },
      "66": { "start": { "line": 67, "column": 0 }, "end": { "line": 67, "column": 14 } },
      "67": { "start": { "line": 68, "column": 0 }, "end": { "line": 68, "column": 34 } },
      "68": { "start": { "line": 69, "column": 0 }, "end": { "line": 69, "column": 49 } },
      "69": { "start": { "line": 70, "column": 0 }, "end": { "line": 70, "column": 102 } },
      "70": { "start": { "line": 71, "column": 0 }, "end": { "line": 71, "column": 69 } },
      "71": { "start": { "line": 72, "column": 0 }, "end": { "line": 72, "column": 16 } },
      "72": { "start": { "line": 73, "column": 0 }, "end": { "line": 73, "column": 12 } },
      "73": { "start": { "line": 74, "column": 0 }, "end": { "line": 74, "column": 97 } },
      "74": { "start": { "line": 75, "column": 0 }, "end": { "line": 75, "column": 14 } },
      "75": { "start": { "line": 76, "column": 0 }, "end": { "line": 76, "column": 0 } },
      "76": { "start": { "line": 77, "column": 0 }, "end": { "line": 77, "column": 35 } },
      "77": { "start": { "line": 78, "column": 0 }, "end": { "line": 78, "column": 54 } },
      "78": { "start": { "line": 79, "column": 0 }, "end": { "line": 79, "column": 22 } },
      "79": { "start": { "line": 80, "column": 0 }, "end": { "line": 80, "column": 18 } },
      "80": { "start": { "line": 81, "column": 0 }, "end": { "line": 81, "column": 16 } },
      "81": { "start": { "line": 82, "column": 0 }, "end": { "line": 82, "column": 23 } },
      "82": { "start": { "line": 83, "column": 0 }, "end": { "line": 83, "column": 25 } },
      "83": { "start": { "line": 84, "column": 0 }, "end": { "line": 84, "column": 22 } },
      "84": { "start": { "line": 85, "column": 0 }, "end": { "line": 85, "column": 98 } },
      "85": { "start": { "line": 86, "column": 0 }, "end": { "line": 86, "column": 31 } },
      "86": { "start": { "line": 87, "column": 0 }, "end": { "line": 87, "column": 60 } },
      "87": { "start": { "line": 88, "column": 0 }, "end": { "line": 88, "column": 21 } },
      "88": { "start": { "line": 89, "column": 0 }, "end": { "line": 89, "column": 12 } },
      "89": { "start": { "line": 90, "column": 0 }, "end": { "line": 90, "column": 14 } },
      "90": { "start": { "line": 91, "column": 0 }, "end": { "line": 91, "column": 0 } },
      "91": { "start": { "line": 92, "column": 0 }, "end": { "line": 92, "column": 61 } },
      "92": { "start": { "line": 93, "column": 0 }, "end": { "line": 93, "column": 37 } },
      "93": { "start": { "line": 94, "column": 0 }, "end": { "line": 94, "column": 70 } },
      "94": { "start": { "line": 95, "column": 0 }, "end": { "line": 95, "column": 0 } },
      "95": { "start": { "line": 96, "column": 0 }, "end": { "line": 96, "column": 35 } },
      "96": { "start": { "line": 97, "column": 0 }, "end": { "line": 97, "column": 76 } },
      "97": { "start": { "line": 98, "column": 0 }, "end": { "line": 98, "column": 52 } },
      "98": { "start": { "line": 99, "column": 0 }, "end": { "line": 99, "column": 66 } },
      "99": { "start": { "line": 100, "column": 0 }, "end": { "line": 100, "column": 24 } },
      "100": { "start": { "line": 101, "column": 0 }, "end": { "line": 101, "column": 22 } },
      "101": { "start": { "line": 102, "column": 0 }, "end": { "line": 102, "column": 35 } },
      "102": { "start": { "line": 103, "column": 0 }, "end": { "line": 103, "column": 102 } },
      "103": { "start": { "line": 104, "column": 0 }, "end": { "line": 104, "column": 28 } },
      "104": { "start": { "line": 105, "column": 0 }, "end": { "line": 105, "column": 46 } },
      "105": { "start": { "line": 106, "column": 0 }, "end": { "line": 106, "column": 22 } },
      "106": { "start": { "line": 107, "column": 0 }, "end": { "line": 107, "column": 20 } },
      "107": { "start": { "line": 108, "column": 0 }, "end": { "line": 108, "column": 18 } },
      "108": { "start": { "line": 109, "column": 0 }, "end": { "line": 109, "column": 17 } },
      "109": { "start": { "line": 110, "column": 0 }, "end": { "line": 110, "column": 18 } },
      "110": { "start": { "line": 111, "column": 0 }, "end": { "line": 111, "column": 0 } },
      "111": { "start": { "line": 112, "column": 0 }, "end": { "line": 112, "column": 37 } },
      "112": { "start": { "line": 113, "column": 0 }, "end": { "line": 113, "column": 39 } },
      "113": { "start": { "line": 114, "column": 0 }, "end": { "line": 114, "column": 52 } },
      "114": { "start": { "line": 115, "column": 0 }, "end": { "line": 115, "column": 91 } },
      "115": { "start": { "line": 116, "column": 0 }, "end": { "line": 116, "column": 59 } },
      "116": { "start": { "line": 117, "column": 0 }, "end": { "line": 117, "column": 24 } },
      "117": { "start": { "line": 118, "column": 0 }, "end": { "line": 118, "column": 118 } },
      "118": { "start": { "line": 119, "column": 0 }, "end": { "line": 119, "column": 22 } },
      "119": { "start": { "line": 120, "column": 0 }, "end": { "line": 120, "column": 25 } },
      "120": { "start": { "line": 121, "column": 0 }, "end": { "line": 121, "column": 96 } },
      "121": { "start": { "line": 122, "column": 0 }, "end": { "line": 122, "column": 21 } },
      "122": { "start": { "line": 123, "column": 0 }, "end": { "line": 123, "column": 34 } },
      "123": { "start": { "line": 124, "column": 0 }, "end": { "line": 124, "column": 27 } },
      "124": { "start": { "line": 125, "column": 0 }, "end": { "line": 125, "column": 60 } },
      "125": { "start": { "line": 126, "column": 0 }, "end": { "line": 126, "column": 84 } },
      "126": { "start": { "line": 127, "column": 0 }, "end": { "line": 127, "column": 27 } },
      "127": { "start": { "line": 128, "column": 0 }, "end": { "line": 128, "column": 24 } },
      "128": { "start": { "line": 129, "column": 0 }, "end": { "line": 129, "column": 82 } },
      "129": { "start": { "line": 130, "column": 0 }, "end": { "line": 130, "column": 22 } },
      "130": { "start": { "line": 131, "column": 0 }, "end": { "line": 131, "column": 17 } },
      "131": { "start": { "line": 132, "column": 0 }, "end": { "line": 132, "column": 18 } },
      "132": { "start": { "line": 133, "column": 0 }, "end": { "line": 133, "column": 0 } },
      "133": { "start": { "line": 134, "column": 0 }, "end": { "line": 134, "column": 25 } },
      "134": { "start": { "line": 135, "column": 0 }, "end": { "line": 135, "column": 77 } },
      "135": { "start": { "line": 136, "column": 0 }, "end": { "line": 136, "column": 63 } },
      "136": { "start": { "line": 137, "column": 0 }, "end": { "line": 137, "column": 63 } },
      "137": { "start": { "line": 138, "column": 0 }, "end": { "line": 138, "column": 51 } },
      "138": { "start": { "line": 139, "column": 0 }, "end": { "line": 139, "column": 21 } },
      "139": { "start": { "line": 140, "column": 0 }, "end": { "line": 140, "column": 18 } },
      "140": { "start": { "line": 141, "column": 0 }, "end": { "line": 141, "column": 0 } },
      "141": { "start": { "line": 142, "column": 0 }, "end": { "line": 142, "column": 34 } },
      "142": { "start": { "line": 143, "column": 0 }, "end": { "line": 143, "column": 71 } },
      "143": { "start": { "line": 144, "column": 0 }, "end": { "line": 144, "column": 81 } },
      "144": { "start": { "line": 145, "column": 0 }, "end": { "line": 145, "column": 18 } },
      "145": { "start": { "line": 146, "column": 0 }, "end": { "line": 146, "column": 0 } },
      "146": { "start": { "line": 147, "column": 0 }, "end": { "line": 147, "column": 43 } },
      "147": { "start": { "line": 148, "column": 0 }, "end": { "line": 148, "column": 32 } },
      "148": { "start": { "line": 149, "column": 0 }, "end": { "line": 149, "column": 88 } },
      "149": { "start": { "line": 150, "column": 0 }, "end": { "line": 150, "column": 49 } },
      "150": { "start": { "line": 151, "column": 0 }, "end": { "line": 151, "column": 32 } },
      "151": { "start": { "line": 152, "column": 0 }, "end": { "line": 152, "column": 23 } },
      "152": { "start": { "line": 153, "column": 0 }, "end": { "line": 153, "column": 14 } },
      "153": { "start": { "line": 154, "column": 0 }, "end": { "line": 154, "column": 16 } },
      "154": { "start": { "line": 155, "column": 0 }, "end": { "line": 155, "column": 10 } },
      "155": { "start": { "line": 156, "column": 0 }, "end": { "line": 156, "column": 0 } },
      "156": { "start": { "line": 157, "column": 0 }, "end": { "line": 157, "column": 28 } },
      "157": { "start": { "line": 158, "column": 0 }, "end": { "line": 158, "column": 72 } },
      "158": { "start": { "line": 159, "column": 0 }, "end": { "line": 159, "column": 49 } },
      "159": { "start": { "line": 160, "column": 0 }, "end": { "line": 160, "column": 14 } },
      "160": { "start": { "line": 161, "column": 0 }, "end": { "line": 161, "column": 10 } },
      "161": { "start": { "line": 162, "column": 0 }, "end": { "line": 162, "column": 20 } },
      "162": { "start": { "line": 163, "column": 0 }, "end": { "line": 163, "column": 11 } },
      "163": { "start": { "line": 164, "column": 0 }, "end": { "line": 164, "column": 4 } },
      "164": { "start": { "line": 165, "column": 0 }, "end": { "line": 165, "column": 1 } }
    },
    "s": {
      "0": 0,
      "1": 0,
      "2": 0,
      "3": 0,
      "4": 0,
      "5": 0,
      "6": 0,
      "7": 0,
      "8": 0,
      "9": 0,
      "10": 0,
      "11": 0,
      "12": 0,
      "13": 0,
      "14": 0,
      "15": 0,
      "16": 0,
      "17": 0,
      "18": 0,
      "19": 0,
      "20": 0,
      "21": 0,
      "22": 0,
      "23": 0,
      "24": 0,
      "25": 0,
      "26": 0,
      "27": 0,
      "28": 0,
      "29": 0,
      "30": 0,
      "31": 0,
      "32": 0,
      "33": 0,
      "34": 0,
      "35": 0,
      "36": 0,
      "37": 0,
      "38": 0,
      "39": 0,
      "40": 0,
      "41": 0,
      "42": 0,
      "43": 0,
      "44": 0,
      "45": 0,
      "46": 0,
      "47": 0,
      "48": 0,
      "49": 0,
      "50": 0,
      "51": 0,
      "52": 0,
      "53": 0,
      "54": 0,
      "55": 0,
      "56": 0,
      "57": 0,
      "58": 0,
      "59": 0,
      "60": 0,
      "61": 0,
      "62": 0,
      "63": 0,
      "64": 0,
      "65": 0,
      "66": 0,
      "67": 0,
      "68": 0,
      "69": 0,
      "70": 0,
      "71": 0,
      "72": 0,
      "73": 0,
      "74": 0,
      "75": 0,
      "76": 0,
      "77": 0,
      "78": 0,
      "79": 0,
      "80": 0,
      "81": 0,
      "82": 0,
      "83": 0,
      "84": 0,
      "85": 0,
      "86": 0,
      "87": 0,
      "88": 0,
      "89": 0,
      "90": 0,
      "91": 0,
      "92": 0,
      "93": 0,
      "94": 0,
      "95": 0,
      "96": 0,
      "97": 0,
      "98": 0,
      "99": 0,
      "100": 0,
      "101": 0,
      "102": 0,
      "103": 0,
      "104": 0,
      "105": 0,
      "106": 0,
      "107": 0,
      "108": 0,
      "109": 0,
      "110": 0,
      "111": 0,
      "112": 0,
      "113": 0,
      "114": 0,
      "115": 0,
      "116": 0,
      "117": 0,
      "118": 0,
      "119": 0,
      "120": 0,
      "121": 0,
      "122": 0,
      "123": 0,
      "124": 0,
      "125": 0,
      "126": 0,
      "127": 0,
      "128": 0,
      "129": 0,
      "130": 0,
      "131": 0,
      "132": 0,
      "133": 0,
      "134": 0,
      "135": 0,
      "136": 0,
      "137": 0,
      "138": 0,
      "139": 0,
      "140": 0,
      "141": 0,
      "142": 0,
      "143": 0,
      "144": 0,
      "145": 0,
      "146": 0,
      "147": 0,
      "148": 0,
      "149": 0,
      "150": 0,
      "151": 0,
      "152": 0,
      "153": 0,
      "154": 0,
      "155": 0,
      "156": 0,
      "157": 0,
      "158": 0,
      "159": 0,
      "160": 0,
      "161": 0,
      "162": 0,
      "163": 0,
      "164": 0
    },
    "branchMap": {
      "0": {
        "type": "branch",
        "line": 1,
        "loc": { "start": { "line": 1, "column": 0 }, "end": { "line": 165, "column": -3503 } },
        "locations": [
          { "start": { "line": 1, "column": 0 }, "end": { "line": 165, "column": -3503 } }
        ]
      }
    },
    "b": { "0": [0] },
    "fnMap": {
      "0": {
        "name": "(empty-report)",
[...]
      "136": { "start": { "line": 137, "column": 0 }, "end": { "line": 137, "column": 26 } },
      "137": { "start": { "line": 138, "column": 0 }, "end": { "line": 138, "column": 5 } },
      "138": { "start": { "line": 139, "column": 0 }, "end": { "line": 139, "column": 30 } },
      "139": { "start": { "line": 140, "column": 0 }, "end": { "line": 140, "column": 75 } },
      "140": { "start": { "line": 141, "column": 0 }, "end": { "line": 141, "column": 41 } },
      "141": { "start": { "line": 142, "column": 0 }, "end": { "line": 142, "column": 87 } },
      "142": { "start": { "line": 143, "column": 0 }, "end": { "line": 143, "column": 52 } },
      "143": { "start": { "line": 144, "column": 0 }, "end": { "line": 144, "column": 92 } },
      "144": { "start": { "line": 145, "column": 0 }, "end": { "line": 145, "column": 0 } },
      "145": { "start": { "line": 146, "column": 0 }, "end": { "line": 146, "column": 12 } },
      "146": { "start": { "line": 147, "column": 0 }, "end": { "line": 147, "column": 11 } },
      "147": { "start": { "line": 148, "column": 0 }, "end": { "line": 148, "column": 40 } },
      "148": { "start": { "line": 149, "column": 0 }, "end": { "line": 149, "column": 18 } },
      "149": { "start": { "line": 150, "column": 0 }, "end": { "line": 150, "column": 22 } },
      "150": { "start": { "line": 151, "column": 0 }, "end": { "line": 151, "column": 6 } },
      "151": { "start": { "line": 152, "column": 0 }, "end": { "line": 152, "column": 5 } },
      "152": { "start": { "line": 153, "column": 0 }, "end": { "line": 153, "column": 1 } },
      "153": { "start": { "line": 154, "column": 0 }, "end": { "line": 154, "column": 0 } },
      "154": { "start": { "line": 155, "column": 0 }, "end": { "line": 155, "column": 33 } },
      "155": { "start": { "line": 156, "column": 0 }, "end": { "line": 156, "column": 32 } },
      "156": { "start": { "line": 157, "column": 0 }, "end": { "line": 157, "column": 18 } },
      "157": { "start": { "line": 158, "column": 0 }, "end": { "line": 158, "column": 19 } },
      "158": { "start": { "line": 159, "column": 0 }, "end": { "line": 159, "column": 20 } },
      "159": { "start": { "line": 160, "column": 0 }, "end": { "line": 160, "column": 22 } },
      "160": { "start": { "line": 161, "column": 0 }, "end": { "line": 161, "column": 11 } },
      "161": { "start": { "line": 162, "column": 0 }, "end": { "line": 162, "column": 0 } },
      "162": { "start": { "line": 163, "column": 0 }, "end": { "line": 163, "column": 34 } },
      "163": { "start": { "line": 164, "column": 0 }, "end": { "line": 164, "column": 20 } },
      "164": { "start": { "line": 165, "column": 0 }, "end": { "line": 165, "column": 21 } },
      "165": { "start": { "line": 166, "column": 0 }, "end": { "line": 166, "column": 22 } },
      "166": { "start": { "line": 167, "column": 0 }, "end": { "line": 167, "column": 24 } },
      "167": { "start": { "line": 168, "column": 0 }, "end": { "line": 168, "column": 11 } }
    },
    "s": {
      "0": 1,
      "1": 1,
      "2": 1,
      "3": 1,
      "4": 1,
      "5": 1,
      "6": 1,
      "7": 1,
      "8": 1,
      "9": 1,
      "10": 1,
      "11": 1,
      "12": 1,
      "13": 1,
      "14": 1,
      "15": 1,
      "16": 1,
      "17": 1,
      "18": 1,
      "19": 1,
      "20": 1,
      "21": 1,
      "22": 1,
      "23": 1,
      "24": 1,
      "25": 1,
      "26": 1,
      "27": 6,
      "28": 4,
      "29": 6,
      "30": 10,
      "31": 4,
      "32": 4,
      "33": 10,
      "34": 0,
      "35": 0,
      "36": 1,
      "37": 1,
      "38": 1,
      "39": 5,
      "40": 4,
      "41": 5,
      "42": 10,
      "43": 4,
      "44": 4,
      "45": 10,
      "46": 0,
      "47": 0,
      "48": 1,
      "49": 1,
      "50": 1,
      "51": 2,
      "52": 2,
      "53": 2,
      "54": 1,
      "55": 1,
      "56": 1,
      "57": 9,
      "58": 9,
      "59": 9,
      "60": 9,
      "61": 9,
      "62": 9,
      "63": 9,
      "64": 9,
      "65": 9,
      "66": 22,
      "67": 22,
      "68": 14,
      "69": 14,
      "70": 14,
      "71": 14,
      "72": 14,
      "73": 14,
      "74": 13,
      "75": 13,
      "76": 13,
      "77": 13,
      "78": 13,
      "79": 13,
      "80": 13,
      "81": 13,
      "82": 13,
      "83": 13,
      "84": 13,
      "85": 13,
      "86": 13,
      "87": 13,
      "88": 13,
      "89": 13,
      "90": 13,
      "91": 13,
      "92": 13,
      "93": 22,
      "94": 9,
      "95": 9,
      "96": 9,
      "97": 1,
      "98": 1,
      "99": 1,
      "100": 3,
      "101": 3,
      "102": 1,
      "103": 1,
      "104": 12,
      "105": 12,
      "106": 1,
      "107": 1,
      "108": 19,
      "109": 19,
      "110": 1,
      "111": 1,
      "112": 14,
      "113": 14,
      "114": 1,
      "115": 1,
      "116": 2,
      "117": 2,
      "118": 2,
      "119": 1,
      "120": 1,
      "121": 3,
      "122": 3,
      "123": 3,
      "124": 3,
      "125": 1,
      "126": 1,
      "127": 1,
      "128": 1,
      "129": 1,
      "130": 1,
      "131": 1,
      "132": 1,
      "133": 2,
      "134": 2,
      "135": 2,
      "136": 2,
      "137": 2,
      "138": 2,
      "139": 8,
      "140": 8,
      "141": 8,
      "142": 8,
      "143": 8,
      "144": 8,
      "145": 8,
      "146": 8,
      "147": 8,
      "148": 8,
      "149": 8,
      "150": 8,
      "151": 2,
      "152": 2,
      "153": 1,
      "154": 1,
      "155": 1,
      "156": 1,
      "157": 1,
      "158": 1,
      "159": 1,
      "160": 1,
      "161": 1,
      "162": 1,
      "163": 1,
      "164": 1,
      "165": 1,
      "166": 1,
      "167": 1
    },
    "branchMap": {
      "0": {
        "type": "branch",
        "line": 27,
        "loc": { "start": { "line": 27, "column": 7 }, "end": { "line": 36, "column": 1 } },
        "locations": [{ "start": { "line": 27, "column": 7 }, "end": { "line": 36, "column": 1 } }]
      },
      "1": {
        "type": "branch",
        "line": 28,
        "loc": { "start": { "line": 28, "column": 18 }, "end": { "line": 28, "column": 39 } },
        "locations": [
          { "start": { "line": 28, "column": 18 }, "end": { "line": 28, "column": 39 } }
        ]
      },
      "2": {
        "type": "branch",
        "line": 28,
        "loc": { "start": { "line": 28, "column": 34 }, "end": { "line": 30, "column": 46 } },
        "locations": [
          { "start": { "line": 28, "column": 34 }, "end": { "line": 30, "column": 46 } }
        ]
      },
      "3": {
        "type": "branch",
        "line": 30,
        "loc": { "start": { "line": 30, "column": 46 }, "end": { "line": 34, "column": 3 } },
        "locations": [{ "start": { "line": 30, "column": 46 }, "end": { "line": 34, "column": 3 } }]
      },
      "4": {
        "type": "branch",
        "line": 31,
        "loc": { "start": { "line": 31, "column": 31 }, "end": { "line": 33, "column": 5 } },
        "locations": [{ "start": { "line": 31, "column": 31 }, "end": { "line": 33, "column": 5 } }]
      },
      "5": {
        "type": "branch",
        "line": 34,
        "loc": { "start": { "line": 34, "column": 2 }, "end": { "line": 36, "column": 1 } },
        "locations": [{ "start": { "line": 34, "column": 2 }, "end": { "line": 36, "column": 1 } }]
      },
      "6": {
        "type": "branch",
        "line": 39,
        "loc": { "start": { "line": 39, "column": 7 }, "end": { "line": 48, "column": 1 } },
        "locations": [{ "start": { "line": 39, "column": 7 }, "end": { "line": 48, "column": 1 } }]
      },
      "7": {
        "type": "branch",
        "line": 40,
        "loc": { "start": { "line": 40, "column": 18 }, "end": { "line": 40, "column": 40 } },
        "locations": [
          { "start": { "line": 40, "column": 18 }, "end": { "line": 40, "column": 40 } }
        ]
      },
      "8": {
        "type": "branch",
        "line": 40,
        "loc": { "start": { "line": 40, "column": 34 }, "end": { "line": 42, "column": 46 } },
        "locations": [
          { "start": { "line": 40, "column": 34 }, "end": { "line": 42, "column": 46 } }
        ]
      },
      "9": {
        "type": "branch",
        "line": 42,
        "loc": { "start": { "line": 42, "column": 46 }, "end": { "line": 46, "column": 3 } },
        "locations": [{ "start": { "line": 42, "column": 46 }, "end": { "line": 46, "column": 3 } }]
      },
      "10": {
        "type": "branch",
        "line": 43,
        "loc": { "start": { "line": 43, "column": 31 }, "end": { "line": 45, "column": 5 } },
        "locations": [{ "start": { "line": 43, "column": 31 }, "end": { "line": 45, "column": 5 } }]
      },
      "11": {
        "type": "branch",
        "line": 46,
        "loc": { "start": { "line": 46, "column": 2 }, "end": { "line": 48, "column": 1 } },
        "locations": [{ "start": { "line": 46, "column": 2 }, "end": { "line": 48, "column": 1 } }]
      },
      "12": {
        "type": "branch",
        "line": 51,
        "loc": { "start": { "line": 51, "column": 7 }, "end": { "line": 54, "column": 1 } },
        "locations": [{ "start": { "line": 51, "column": 7 }, "end": { "line": 54, "column": 1 } }]
      },
      "13": {
        "type": "branch",
        "line": 57,
        "loc": { "start": { "line": 57, "column": 7 }, "end": { "line": 97, "column": 1 } },
        "locations": [{ "start": { "line": 57, "column": 7 }, "end": { "line": 97, "column": 1 } }]
      },
      "14": {
        "type": "branch",
        "line": 66,
        "loc": { "start": { "line": 66, "column": 41 }, "end": { "line": 94, "column": 3 } },
        "locations": [{ "start": { "line": 66, "column": 41 }, "end": { "line": 94, "column": 3 } }]
      },
      "15": {
        "type": "branch",
        "line": 68,
        "loc": { "start": { "line": 68, "column": 29 }, "end": { "line": 68, "column": 35 } },
        "locations": [
          { "start": { "line": 68, "column": 29 }, "end": { "line": 68, "column": 35 } }
        ]
      },
      "16": {
        "type": "branch",
        "line": 68,
        "loc": { "start": { "line": 68, "column": 29 }, "end": { "line": 74, "column": 45 } },
        "locations": [
          { "start": { "line": 68, "column": 29 }, "end": { "line": 74, "column": 45 } }
        ]
      },
      "17": {
        "type": "branch",
        "line": 74,
        "loc": { "start": { "line": 74, "column": 36 }, "end": { "line": 74, "column": 45 } },
        "locations": [
          { "start": { "line": 74, "column": 36 }, "end": { "line": 74, "column": 45 } }
        ]
      },
      "18": {
        "type": "branch",
        "line": 74,
        "loc": { "start": { "line": 74, "column": 36 }, "end": { "line": 93, "column": 5 } },
        "locations": [{ "start": { "line": 74, "column": 36 }, "end": { "line": 93, "column": 5 } }]
      },
      "19": {
        "type": "branch",
        "line": 100,
        "loc": { "start": { "line": 100, "column": 7 }, "end": { "line": 102, "column": 1 } },
        "locations": [
          { "start": { "line": 100, "column": 7 }, "end": { "line": 102, "column": 1 } }
        ]
      },
      "20": {
        "type": "branch",
        "line": 104,
        "loc": { "start": { "line": 104, "column": 7 }, "end": { "line": 106, "column": 1 } },
        "locations": [
          { "start": { "line": 104, "column": 7 }, "end": { "line": 106, "column": 1 } }
        ]
      },
      "21": {
        "type": "branch",
        "line": 108,
        "loc": { "start": { "line": 108, "column": 7 }, "end": { "line": 110, "column": 1 } },
        "locations": [
          { "start": { "line": 108, "column": 7 }, "end": { "line": 110, "column": 1 } }
        ]
      },
      "22": {
        "type": "branch",
        "line": 112,
        "loc": { "start": { "line": 112, "column": 7 }, "end": { "line": 114, "column": 1 } },
        "locations": [
          { "start": { "line": 112, "column": 7 }, "end": { "line": 114, "column": 1 } }
        ]
      },
      "23": {
        "type": "branch",
        "line": 116,
        "loc": { "start": { "line": 116, "column": 7 }, "end": { "line": 119, "column": 1 } },
        "locations": [
          { "start": { "line": 116, "column": 7 }, "end": { "line": 119, "column": 1 } }
        ]
      },
      "24": {
        "type": "branch",
        "line": 121,
        "loc": { "start": { "line": 121, "column": 7 }, "end": { "line": 125, "column": 1 } },
        "locations": [
          { "start": { "line": 121, "column": 7 }, "end": { "line": 125, "column": 1 } }
        ]
      },
      "25": {
        "type": "branch",
        "line": 127,
        "loc": { "start": { "line": 127, "column": 7 }, "end": { "line": 131, "column": 1 } },
        "locations": [
          { "start": { "line": 127, "column": 7 }, "end": { "line": 131, "column": 1 } }
        ]
      },
      "26": {
        "type": "branch",
        "line": 133,
        "loc": { "start": { "line": 133, "column": 7 }, "end": { "line": 153, "column": 1 } },
        "locations": [
          { "start": { "line": 133, "column": 7 }, "end": { "line": 153, "column": 1 } }
        ]
      },
      "27": {
        "type": "branch",
        "line": 139,
        "loc": { "start": { "line": 139, "column": 19 }, "end": { "line": 152, "column": 3 } },
        "locations": [
          { "start": { "line": 139, "column": 19 }, "end": { "line": 152, "column": 3 } }
        ]
      },
      "28": {
        "type": "branch",
        "line": 140,
        "loc": { "start": { "line": 140, "column": 34 }, "end": { "line": 140, "column": 51 } },
        "locations": [
          { "start": { "line": 140, "column": 34 }, "end": { "line": 140, "column": 51 } }
        ]
      },
      "29": {
        "type": "branch",
        "line": 140,
        "loc": { "start": { "line": 140, "column": 45 }, "end": { "line": 140, "column": 75 } },
        "locations": [
          { "start": { "line": 140, "column": 45 }, "end": { "line": 140, "column": 75 } }
        ]
      },
      "30": {
        "type": "branch",
        "line": 144,
        "loc": { "start": { "line": 144, "column": 41 }, "end": { "line": 144, "column": 56 } },
        "locations": [
          { "start": { "line": 144, "column": 41 }, "end": { "line": 144, "column": 56 } }
        ]
      },
      "31": {
        "type": "branch",
        "line": 144,
        "loc": { "start": { "line": 144, "column": 52 }, "end": { "line": 144, "column": 92 } },
        "locations": [
          { "start": { "line": 144, "column": 52 }, "end": { "line": 144, "column": 92 } }
        ]
      }
    },
    "b": {
      "0": [6],
      "1": [2],
      "2": [4],
      "3": [10],
      "4": [4],
      "5": [0],
      "6": [5],
      "7": [1],
      "8": [4],
      "9": [10],
      "10": [4],
      "11": [0],
      "12": [2],
      "13": [9],
      "14": [22],
      "15": [8],
      "16": [14],
      "17": [1],
      "18": [13],
      "19": [3],
      "20": [12],
      "21": [19],
      "22": [14],
      "23": [2],
      "24": [3],
      "25": [1],
      "26": [2],
      "27": [8],
      "28": [2],
      "29": [6],
      "30": [2],
      "31": [6]
    },
    "fnMap": {
      "0": {
        "name": "getHighestApplicableTierRate",
        "decl": { "start": { "line": 27, "column": 7 }, "end": { "line": 36, "column": 1 } },
        "loc": { "start": { "line": 27, "column": 7 }, "end": { "line": 36, "column": 1 } },
        "line": 27
      },
      "1": {
        "name": "getTierLabel",
        "decl": { "start": { "line": 39, "column": 7 }, "end": { "line": 48, "column": 1 } },
        "loc": { "start": { "line": 39, "column": 7 }, "end": { "line": 48, "column": 1 } },
        "line": 39
      },
      "2": {
        "name": "calculateCostAtHighestTier",
        "decl": { "start": { "line": 51, "column": 7 }, "end": { "line": 54, "column": 1 } },
        "loc": { "start": { "line": 51, "column": 7 }, "end": { "line": 54, "column": 1 } },
        "line": 51
      },
      "3": {
        "name": "calculateCost",
        "decl": { "start": { "line": 57, "column": 7 }, "end": { "line": 97, "column": 1 } },
        "loc": { "start": { "line": 57, "column": 7 }, "end": { "line": 97, "column": 1 } },
        "line": 57
      },
      "4": {
        "name": "getTierBreakdownForUnits",
        "decl": { "start": { "line": 100, "column": 7 }, "end": { "line": 102, "column": 1 } },
        "loc": { "start": { "line": 100, "column": 7 }, "end": { "line": 102, "column": 1 } },
        "line": 100
      },
      "5": {
        "name": "formatCurrency",
        "decl": { "start": { "line": 104, "column": 7 }, "end": { "line": 106, "column": 1 } },
        "loc": { "start": { "line": 104, "column": 7 }, "end": { "line": 106, "column": 1 } },
        "line": 104
      },
      "6": {
        "name": "roundUnits",
        "decl": { "start": { "line": 108, "column": 7 }, "end": { "line": 110, "column": 1 } },
        "loc": { "start": { "line": 108, "column": 7 }, "end": { "line": 110, "column": 1 } },
        "line": 108
      },
      "7": {
        "name": "roundCurrency",
        "decl": { "start": { "line": 112, "column": 7 }, "end": { "line": 114, "column": 1 } },
        "loc": { "start": { "line": 112, "column": 7 }, "end": { "line": 114, "column": 1 } },
        "line": 112
      },
      "8": {
        "name": "getCurrentMonth",
        "decl": { "start": { "line": 116, "column": 7 }, "end": { "line": 119, "column": 1 } },
        "loc": { "start": { "line": 116, "column": 7 }, "end": { "line": 119, "column": 1 } },
        "line": 116
      },
      "9": {
        "name": "getMonthName",
        "decl": { "start": { "line": 121, "column": 7 }, "end": { "line": 125, "column": 1 } },
        "loc": { "start": { "line": 121, "column": 7 }, "end": { "line": 125, "column": 1 } },
        "line": 121
      },
      "10": {
        "name": "getDaysLeftInMonth",
        "decl": { "start": { "line": 127, "column": 7 }, "end": { "line": 131, "column": 1 } },
        "loc": { "start": { "line": 127, "column": 7 }, "end": { "line": 131, "column": 1 } },
        "line": 127
      },
      "11": {
        "name": "getTierProgress",
        "decl": { "start": { "line": 133, "column": 7 }, "end": { "line": 153, "column": 1 } },
        "loc": { "start": { "line": 133, "column": 7 }, "end": { "line": 153, "column": 1 } },
        "line": 133
      }
    },
    "f": {
      "0": 6,
      "1": 5,
      "2": 2,
      "3": 9,
      "4": 3,
      "5": 12,
      "6": 19,
      "7": 14,
      "8": 2,
      "9": 3,
      "10": 1,
      "11": 2
    }
  },
  "/Users/marcosmith/Documents/GitHub/pretoria-prepaid/src/lib/utils.ts": {
    "path": "/Users/marcosmith/Documents/GitHub/pretoria-prepaid/src/lib/utils.ts",
    "all": false,
    "statementMap": {
      "0": { "start": { "line": 1, "column": 0 }, "end": { "line": 1, "column": 45 } },
      "1": { "start": { "line": 2, "column": 0 }, "end": { "line": 2, "column": 41 } },
      "2": { "start": { "line": 3, "column": 0 }, "end": { "line": 3, "column": 0 } },
      "3": { "start": { "line": 4, "column": 0 }, "end": { "line": 4, "column": 45 } },
      "4": { "start": { "line": 5, "column": 0 }, "end": { "line": 5, "column": 31 } },
      "5": { "start": { "line": 6, "column": 0 }, "end": { "line": 6, "column": 1 } }
    },
    "s": { "0": 1, "1": 1, "2": 1, "3": 1, "4": 52, "5": 52 },
    "branchMap": {
      "0": {
        "type": "branch",
        "line": 4,
        "loc": { "start": { "line": 4, "column": 7 }, "end": { "line": 6, "column": 1 } },
        "locations": [{ "start": { "line": 4, "column": 7 }, "end": { "line": 6, "column": 1 } }]
      }
    },
    "b": { "0": [52] },
    "fnMap": {
      "0": {
        "name": "cn",
        "decl": { "start": { "line": 4, "column": 7 }, "end": { "line": 6, "column": 1 } },
        "loc": { "start": { "line": 4, "column": 7 }, "end": { "line": 6, "column": 1 } },
        "line": 4
      }
    },
    "f": { "0": 52 }
  }
}
